{"/Users/r2d2/Documents/Code_Projects/spacechemical-nextjs/bmad-ozon-seller-api/.eslintrc.cjs": {"path":"/Users/r2d2/Documents/Code_Projects/spacechemical-nextjs/bmad-ozon-seller-api/.eslintrc.cjs","all":true,"statementMap":{"0":{"start":{"line":1,"column":0},"end":{"line":1,"column":18}},"1":{"start":{"line":2,"column":0},"end":{"line":2,"column":13}},"2":{"start":{"line":3,"column":0},"end":{"line":3,"column":38}},"3":{"start":{"line":4,"column":0},"end":{"line":4,"column":34}},"4":{"start":{"line":5,"column":0},"end":{"line":5,"column":34}},"5":{"start":{"line":6,"column":0},"end":{"line":6,"column":18}},"6":{"start":{"line":7,"column":0},"end":{"line":7,"column":22}},"7":{"start":{"line":8,"column":0},"end":{"line":8,"column":25}},"8":{"start":{"line":9,"column":0},"end":{"line":9,"column":4}},"9":{"start":{"line":10,"column":0},"end":{"line":10,"column":8}},"10":{"start":{"line":11,"column":0},"end":{"line":11,"column":15}},"11":{"start":{"line":12,"column":0},"end":{"line":12,"column":17}},"12":{"start":{"line":13,"column":0},"end":{"line":13,"column":18}},"13":{"start":{"line":14,"column":0},"end":{"line":14,"column":4}},"14":{"start":{"line":15,"column":0},"end":{"line":15,"column":10}},"15":{"start":{"line":16,"column":0},"end":{"line":16,"column":25}},"16":{"start":{"line":17,"column":0},"end":{"line":17,"column":28}},"17":{"start":{"line":18,"column":0},"end":{"line":18,"column":22}},"18":{"start":{"line":19,"column":0},"end":{"line":19,"column":32}},"19":{"start":{"line":20,"column":0},"end":{"line":20,"column":31}},"20":{"start":{"line":21,"column":0},"end":{"line":21,"column":50}},"21":{"start":{"line":22,"column":0},"end":{"line":22,"column":4}},"22":{"start":{"line":23,"column":0},"end":{"line":23,"column":32}},"23":{"start":{"line":24,"column":0},"end":{"line":24,"column":49}},"24":{"start":{"line":25,"column":0},"end":{"line":25,"column":49}},"25":{"start":{"line":26,"column":0},"end":{"line":26,"column":64}},"26":{"start":{"line":27,"column":0},"end":{"line":27,"column":65}},"27":{"start":{"line":28,"column":0},"end":{"line":28,"column":4}},"28":{"start":{"line":29,"column":0},"end":{"line":29,"column":35}},"29":{"start":{"line":30,"column":0},"end":{"line":30,"column":25}},"30":{"start":{"line":31,"column":0},"end":{"line":31,"column":4}},"31":{"start":{"line":32,"column":0},"end":{"line":32,"column":14}},"32":{"start":{"line":33,"column":0},"end":{"line":33,"column":5}},"33":{"start":{"line":34,"column":0},"end":{"line":34,"column":46}},"34":{"start":{"line":35,"column":0},"end":{"line":35,"column":14}},"35":{"start":{"line":36,"column":0},"end":{"line":36,"column":52}},"36":{"start":{"line":37,"column":0},"end":{"line":37,"column":28}},"37":{"start":{"line":38,"column":0},"end":{"line":38,"column":8}},"38":{"start":{"line":39,"column":0},"end":{"line":39,"column":6}},"39":{"start":{"line":40,"column":0},"end":{"line":40,"column":5}},"40":{"start":{"line":41,"column":0},"end":{"line":41,"column":78}},"41":{"start":{"line":42,"column":0},"end":{"line":42,"column":14}},"42":{"start":{"line":43,"column":0},"end":{"line":43,"column":66}},"43":{"start":{"line":44,"column":0},"end":{"line":44,"column":28}},"44":{"start":{"line":45,"column":0},"end":{"line":45,"column":8}},"45":{"start":{"line":46,"column":0},"end":{"line":46,"column":6}},"46":{"start":{"line":47,"column":0},"end":{"line":47,"column":4}},"47":{"start":{"line":48,"column":0},"end":{"line":48,"column":19}},"48":{"start":{"line":49,"column":0},"end":{"line":49,"column":20}},"49":{"start":{"line":50,"column":0},"end":{"line":50,"column":12}},"50":{"start":{"line":51,"column":0},"end":{"line":51,"column":19}},"51":{"start":{"line":52,"column":0},"end":{"line":52,"column":16}},"52":{"start":{"line":53,"column":0},"end":{"line":53,"column":13}},"53":{"start":{"line":54,"column":0},"end":{"line":54,"column":4}},"54":{"start":{"line":55,"column":0},"end":{"line":55,"column":2}}},"s":{"0":0,"1":0,"2":0,"3":0,"4":0,"5":0,"6":0,"7":0,"8":0,"9":0,"10":0,"11":0,"12":0,"13":0,"14":0,"15":0,"16":0,"17":0,"18":0,"19":0,"20":0,"21":0,"22":0,"23":0,"24":0,"25":0,"26":0,"27":0,"28":0,"29":0,"30":0,"31":0,"32":0,"33":0,"34":0,"35":0,"36":0,"37":0,"38":0,"39":0,"40":0,"41":0,"42":0,"43":0,"44":0,"45":0,"46":0,"47":0,"48":0,"49":0,"50":0,"51":0,"52":0,"53":0,"54":0},"branchMap":{"0":{"type":"branch","line":1,"loc":{"start":{"line":1,"column":0},"end":{"line":55,"column":2}},"locations":[{"start":{"line":1,"column":0},"end":{"line":55,"column":2}}]}},"b":{"0":[0]},"fnMap":{"0":{"name":"(empty-report)","decl":{"start":{"line":1,"column":0},"end":{"line":55,"column":2}},"loc":{"start":{"line":1,"column":0},"end":{"line":55,"column":2}},"line":1}},"f":{"0":0}}
,"/Users/r2d2/Documents/Code_Projects/spacechemical-nextjs/bmad-ozon-seller-api/mcp-ozon-docs/dist/index.js": {"path":"/Users/r2d2/Documents/Code_Projects/spacechemical-nextjs/bmad-ozon-seller-api/mcp-ozon-docs/dist/index.js","all":true,"statementMap":{"0":{"start":{"line":1,"column":0},"end":{"line":1,"column":56}},"1":{"start":{"line":2,"column":0},"end":{"line":2,"column":77}},"2":{"start":{"line":3,"column":0},"end":{"line":3,"column":20}},"3":{"start":{"line":4,"column":0},"end":{"line":4,"column":24}},"4":{"start":{"line":5,"column":0},"end":{"line":5,"column":30}},"5":{"start":{"line":6,"column":0},"end":{"line":6,"column":24}},"6":{"start":{"line":7,"column":0},"end":{"line":7,"column":45}},"7":{"start":{"line":8,"column":0},"end":{"line":8,"column":42}},"8":{"start":{"line":9,"column":0},"end":{"line":9,"column":37}},"9":{"start":{"line":10,"column":0},"end":{"line":10,"column":68}},"10":{"start":{"line":11,"column":0},"end":{"line":11,"column":57}},"11":{"start":{"line":12,"column":0},"end":{"line":12,"column":1}},"12":{"start":{"line":13,"column":0},"end":{"line":13,"column":29}},"13":{"start":{"line":14,"column":0},"end":{"line":14,"column":50}},"14":{"start":{"line":15,"column":0},"end":{"line":15,"column":29}},"15":{"start":{"line":16,"column":0},"end":{"line":16,"column":60}},"16":{"start":{"line":17,"column":0},"end":{"line":17,"column":54}},"17":{"start":{"line":18,"column":0},"end":{"line":18,"column":1}},"18":{"start":{"line":19,"column":0},"end":{"line":19,"column":31}},"19":{"start":{"line":20,"column":0},"end":{"line":20,"column":82}},"20":{"start":{"line":21,"column":0},"end":{"line":21,"column":1}},"21":{"start":{"line":22,"column":0},"end":{"line":22,"column":20}},"22":{"start":{"line":23,"column":0},"end":{"line":23,"column":36}},"23":{"start":{"line":24,"column":0},"end":{"line":24,"column":1}},"24":{"start":{"line":25,"column":0},"end":{"line":25,"column":28}},"25":{"start":{"line":26,"column":0},"end":{"line":26,"column":14}},"26":{"start":{"line":27,"column":0},"end":{"line":27,"column":20}},"27":{"start":{"line":28,"column":0},"end":{"line":28,"column":27}},"28":{"start":{"line":29,"column":0},"end":{"line":29,"column":20}},"29":{"start":{"line":30,"column":0},"end":{"line":30,"column":29}},"30":{"start":{"line":31,"column":0},"end":{"line":31,"column":38}},"31":{"start":{"line":32,"column":0},"end":{"line":32,"column":5}},"32":{"start":{"line":33,"column":0},"end":{"line":33,"column":1}},"33":{"start":{"line":34,"column":0},"end":{"line":34,"column":35}},"34":{"start":{"line":35,"column":0},"end":{"line":35,"column":39}},"35":{"start":{"line":36,"column":0},"end":{"line":36,"column":30}},"36":{"start":{"line":37,"column":0},"end":{"line":37,"column":12}},"37":{"start":{"line":38,"column":0},"end":{"line":38,"column":87}},"38":{"start":{"line":39,"column":0},"end":{"line":39,"column":64}},"39":{"start":{"line":40,"column":0},"end":{"line":40,"column":23}},"40":{"start":{"line":41,"column":0},"end":{"line":41,"column":45}},"41":{"start":{"line":42,"column":0},"end":{"line":42,"column":9}},"42":{"start":{"line":43,"column":0},"end":{"line":43,"column":6}},"43":{"start":{"line":44,"column":0},"end":{"line":44,"column":1}},"44":{"start":{"line":45,"column":0},"end":{"line":45,"column":38}},"45":{"start":{"line":46,"column":0},"end":{"line":46,"column":12}},"46":{"start":{"line":47,"column":0},"end":{"line":47,"column":16}},"47":{"start":{"line":48,"column":0},"end":{"line":48,"column":13}},"48":{"start":{"line":49,"column":0},"end":{"line":49,"column":33}},"49":{"start":{"line":50,"column":0},"end":{"line":50,"column":81}},"50":{"start":{"line":51,"column":0},"end":{"line":51,"column":63}},"51":{"start":{"line":52,"column":0},"end":{"line":52,"column":14}},"52":{"start":{"line":53,"column":0},"end":{"line":53,"column":13}},"53":{"start":{"line":54,"column":0},"end":{"line":54,"column":42}},"54":{"start":{"line":55,"column":0},"end":{"line":55,"column":84}},"55":{"start":{"line":56,"column":0},"end":{"line":56,"column":30}},"56":{"start":{"line":57,"column":0},"end":{"line":57,"column":35}},"57":{"start":{"line":58,"column":0},"end":{"line":58,"column":68}},"58":{"start":{"line":59,"column":0},"end":{"line":59,"column":45}},"59":{"start":{"line":60,"column":0},"end":{"line":60,"column":17}},"60":{"start":{"line":61,"column":0},"end":{"line":61,"column":14}},"61":{"start":{"line":62,"column":0},"end":{"line":62,"column":13}},"62":{"start":{"line":63,"column":0},"end":{"line":63,"column":41}},"63":{"start":{"line":64,"column":0},"end":{"line":64,"column":81}},"64":{"start":{"line":65,"column":0},"end":{"line":65,"column":30}},"65":{"start":{"line":66,"column":0},"end":{"line":66,"column":35}},"66":{"start":{"line":67,"column":0},"end":{"line":67,"column":89}},"67":{"start":{"line":68,"column":0},"end":{"line":68,"column":48}},"68":{"start":{"line":69,"column":0},"end":{"line":69,"column":17}},"69":{"start":{"line":70,"column":0},"end":{"line":70,"column":14}},"70":{"start":{"line":71,"column":0},"end":{"line":71,"column":13}},"71":{"start":{"line":72,"column":0},"end":{"line":72,"column":33}},"72":{"start":{"line":73,"column":0},"end":{"line":73,"column":105}},"73":{"start":{"line":74,"column":0},"end":{"line":74,"column":30}},"74":{"start":{"line":75,"column":0},"end":{"line":75,"column":35}},"75":{"start":{"line":76,"column":0},"end":{"line":76,"column":61}},"76":{"start":{"line":77,"column":0},"end":{"line":77,"column":38}},"77":{"start":{"line":78,"column":0},"end":{"line":78,"column":17}},"78":{"start":{"line":79,"column":0},"end":{"line":79,"column":14}},"79":{"start":{"line":80,"column":0},"end":{"line":80,"column":13}},"80":{"start":{"line":81,"column":0},"end":{"line":81,"column":35}},"81":{"start":{"line":82,"column":0},"end":{"line":82,"column":113}},"82":{"start":{"line":83,"column":0},"end":{"line":83,"column":30}},"83":{"start":{"line":84,"column":0},"end":{"line":84,"column":35}},"84":{"start":{"line":85,"column":0},"end":{"line":85,"column":88}},"85":{"start":{"line":86,"column":0},"end":{"line":86,"column":39}},"86":{"start":{"line":87,"column":0},"end":{"line":87,"column":17}},"87":{"start":{"line":88,"column":0},"end":{"line":88,"column":13}},"88":{"start":{"line":89,"column":0},"end":{"line":89,"column":9}},"89":{"start":{"line":90,"column":0},"end":{"line":90,"column":6}},"90":{"start":{"line":91,"column":0},"end":{"line":91,"column":1}},"91":{"start":{"line":92,"column":0},"end":{"line":92,"column":32}},"92":{"start":{"line":93,"column":0},"end":{"line":93,"column":21}},"93":{"start":{"line":94,"column":0},"end":{"line":94,"column":35}},"94":{"start":{"line":95,"column":0},"end":{"line":95,"column":80}},"95":{"start":{"line":96,"column":0},"end":{"line":96,"column":20}},"96":{"start":{"line":97,"column":0},"end":{"line":97,"column":1}},"97":{"start":{"line":98,"column":0},"end":{"line":98,"column":56}},"98":{"start":{"line":99,"column":0},"end":{"line":99,"column":21}},"99":{"start":{"line":100,"column":0},"end":{"line":100,"column":76}},"100":{"start":{"line":101,"column":0},"end":{"line":101,"column":13}},"101":{"start":{"line":102,"column":0},"end":{"line":102,"column":66}},"102":{"start":{"line":103,"column":0},"end":{"line":103,"column":29}},"103":{"start":{"line":104,"column":0},"end":{"line":104,"column":45}},"104":{"start":{"line":105,"column":0},"end":{"line":105,"column":46}},"105":{"start":{"line":106,"column":0},"end":{"line":106,"column":131}},"106":{"start":{"line":107,"column":0},"end":{"line":107,"column":71}},"107":{"start":{"line":108,"column":0},"end":{"line":108,"column":12}},"108":{"start":{"line":109,"column":0},"end":{"line":109,"column":22}},"109":{"start":{"line":110,"column":0},"end":{"line":110,"column":16}},"110":{"start":{"line":111,"column":0},"end":{"line":111,"column":38}},"111":{"start":{"line":112,"column":0},"end":{"line":112,"column":41}},"112":{"start":{"line":113,"column":0},"end":{"line":113,"column":27}},"113":{"start":{"line":114,"column":0},"end":{"line":114,"column":23}},"114":{"start":{"line":115,"column":0},"end":{"line":115,"column":20}},"115":{"start":{"line":116,"column":0},"end":{"line":116,"column":6}},"116":{"start":{"line":117,"column":0},"end":{"line":117,"column":1}},"117":{"start":{"line":118,"column":0},"end":{"line":118,"column":61}},"118":{"start":{"line":119,"column":0},"end":{"line":119,"column":21}},"119":{"start":{"line":120,"column":0},"end":{"line":120,"column":35}},"120":{"start":{"line":121,"column":0},"end":{"line":121,"column":79}},"121":{"start":{"line":122,"column":0},"end":{"line":122,"column":13}},"122":{"start":{"line":123,"column":0},"end":{"line":123,"column":63}},"123":{"start":{"line":124,"column":0},"end":{"line":124,"column":29}},"124":{"start":{"line":125,"column":0},"end":{"line":125,"column":45}},"125":{"start":{"line":126,"column":0},"end":{"line":126,"column":46}},"126":{"start":{"line":127,"column":0},"end":{"line":127,"column":131}},"127":{"start":{"line":128,"column":0},"end":{"line":128,"column":71}},"128":{"start":{"line":129,"column":0},"end":{"line":129,"column":12}},"129":{"start":{"line":130,"column":0},"end":{"line":130,"column":22}},"130":{"start":{"line":131,"column":0},"end":{"line":131,"column":16}},"131":{"start":{"line":132,"column":0},"end":{"line":132,"column":38}},"132":{"start":{"line":133,"column":0},"end":{"line":133,"column":41}},"133":{"start":{"line":134,"column":0},"end":{"line":134,"column":37}},"134":{"start":{"line":135,"column":0},"end":{"line":135,"column":20}},"135":{"start":{"line":136,"column":0},"end":{"line":136,"column":6}},"136":{"start":{"line":137,"column":0},"end":{"line":137,"column":1}},"137":{"start":{"line":138,"column":0},"end":{"line":138,"column":40}},"138":{"start":{"line":139,"column":0},"end":{"line":139,"column":21}},"139":{"start":{"line":140,"column":0},"end":{"line":140,"column":38}},"140":{"start":{"line":141,"column":0},"end":{"line":141,"column":30}},"141":{"start":{"line":142,"column":0},"end":{"line":142,"column":58}},"142":{"start":{"line":143,"column":0},"end":{"line":143,"column":28}},"143":{"start":{"line":144,"column":0},"end":{"line":144,"column":52}},"144":{"start":{"line":145,"column":0},"end":{"line":145,"column":54}},"145":{"start":{"line":146,"column":0},"end":{"line":146,"column":1}},"146":{"start":{"line":147,"column":0},"end":{"line":147,"column":43}},"147":{"start":{"line":148,"column":0},"end":{"line":148,"column":21}},"148":{"start":{"line":149,"column":0},"end":{"line":149,"column":21}},"149":{"start":{"line":150,"column":0},"end":{"line":150,"column":28}},"150":{"start":{"line":151,"column":0},"end":{"line":151,"column":39}},"151":{"start":{"line":152,"column":0},"end":{"line":152,"column":36}},"152":{"start":{"line":153,"column":0},"end":{"line":153,"column":76}},"153":{"start":{"line":154,"column":0},"end":{"line":154,"column":21}},"154":{"start":{"line":155,"column":0},"end":{"line":155,"column":9}},"155":{"start":{"line":156,"column":0},"end":{"line":156,"column":34}},"156":{"start":{"line":157,"column":0},"end":{"line":157,"column":61}},"157":{"start":{"line":158,"column":0},"end":{"line":158,"column":21}},"158":{"start":{"line":159,"column":0},"end":{"line":159,"column":9}},"159":{"start":{"line":160,"column":0},"end":{"line":160,"column":72}},"160":{"start":{"line":161,"column":0},"end":{"line":161,"column":5}},"161":{"start":{"line":162,"column":0},"end":{"line":162,"column":21}},"162":{"start":{"line":163,"column":0},"end":{"line":163,"column":1}},"163":{"start":{"line":164,"column":0},"end":{"line":164,"column":55}},"164":{"start":{"line":165,"column":0},"end":{"line":165,"column":89}},"165":{"start":{"line":166,"column":0},"end":{"line":166,"column":37}},"166":{"start":{"line":167,"column":0},"end":{"line":167,"column":76}},"167":{"start":{"line":168,"column":0},"end":{"line":168,"column":12}},"168":{"start":{"line":169,"column":0},"end":{"line":169,"column":19}},"169":{"start":{"line":170,"column":0},"end":{"line":170,"column":24}},"170":{"start":{"line":171,"column":0},"end":{"line":171,"column":40}},"171":{"start":{"line":172,"column":0},"end":{"line":172,"column":18}},"172":{"start":{"line":173,"column":0},"end":{"line":173,"column":33}},"173":{"start":{"line":174,"column":0},"end":{"line":174,"column":59}},"174":{"start":{"line":175,"column":0},"end":{"line":175,"column":18}},"175":{"start":{"line":176,"column":0},"end":{"line":176,"column":32}},"176":{"start":{"line":177,"column":0},"end":{"line":177,"column":58}},"177":{"start":{"line":178,"column":0},"end":{"line":178,"column":18}},"178":{"start":{"line":179,"column":0},"end":{"line":179,"column":24}},"179":{"start":{"line":180,"column":0},"end":{"line":180,"column":50}},"180":{"start":{"line":181,"column":0},"end":{"line":181,"column":18}},"181":{"start":{"line":182,"column":0},"end":{"line":182,"column":26}},"182":{"start":{"line":183,"column":0},"end":{"line":183,"column":52}},"183":{"start":{"line":184,"column":0},"end":{"line":184,"column":18}},"184":{"start":{"line":185,"column":0},"end":{"line":185,"column":16}},"185":{"start":{"line":186,"column":0},"end":{"line":186,"column":20}},"186":{"start":{"line":187,"column":0},"end":{"line":187,"column":30}},"187":{"start":{"line":188,"column":0},"end":{"line":188,"column":74}},"188":{"start":{"line":189,"column":0},"end":{"line":189,"column":14}},"189":{"start":{"line":190,"column":0},"end":{"line":190,"column":5}},"190":{"start":{"line":191,"column":0},"end":{"line":191,"column":39}},"191":{"start":{"line":192,"column":0},"end":{"line":192,"column":72}},"192":{"start":{"line":193,"column":0},"end":{"line":193,"column":16}},"193":{"start":{"line":194,"column":0},"end":{"line":194,"column":26}},"194":{"start":{"line":195,"column":0},"end":{"line":195,"column":64}},"195":{"start":{"line":196,"column":0},"end":{"line":196,"column":10}},"196":{"start":{"line":197,"column":0},"end":{"line":197,"column":5}},"197":{"start":{"line":198,"column":0},"end":{"line":198,"column":39}},"198":{"start":{"line":199,"column":0},"end":{"line":199,"column":30}},"199":{"start":{"line":200,"column":0},"end":{"line":200,"column":69}},"200":{"start":{"line":201,"column":0},"end":{"line":201,"column":86}},"201":{"start":{"line":202,"column":0},"end":{"line":202,"column":5}},"202":{"start":{"line":203,"column":0},"end":{"line":203,"column":32}},"203":{"start":{"line":204,"column":0},"end":{"line":204,"column":65}},"204":{"start":{"line":205,"column":0},"end":{"line":205,"column":43}},"205":{"start":{"line":206,"column":0},"end":{"line":206,"column":27}},"206":{"start":{"line":207,"column":0},"end":{"line":207,"column":79}},"207":{"start":{"line":208,"column":0},"end":{"line":208,"column":13}},"208":{"start":{"line":209,"column":0},"end":{"line":209,"column":46}},"209":{"start":{"line":210,"column":0},"end":{"line":210,"column":104}},"210":{"start":{"line":211,"column":0},"end":{"line":211,"column":11}},"211":{"start":{"line":212,"column":0},"end":{"line":212,"column":27}},"212":{"start":{"line":213,"column":0},"end":{"line":213,"column":5}},"213":{"start":{"line":214,"column":0},"end":{"line":214,"column":53}},"214":{"start":{"line":215,"column":0},"end":{"line":215,"column":12}},"215":{"start":{"line":216,"column":0},"end":{"line":216,"column":71}},"216":{"start":{"line":217,"column":0},"end":{"line":217,"column":6}},"217":{"start":{"line":218,"column":0},"end":{"line":218,"column":1}},"218":{"start":{"line":219,"column":0},"end":{"line":219,"column":51}},"219":{"start":{"line":220,"column":0},"end":{"line":220,"column":35}},"220":{"start":{"line":221,"column":0},"end":{"line":221,"column":16}},"221":{"start":{"line":222,"column":0},"end":{"line":222,"column":30}},"222":{"start":{"line":223,"column":0},"end":{"line":223,"column":47}},"223":{"start":{"line":224,"column":0},"end":{"line":224,"column":53}},"224":{"start":{"line":225,"column":0},"end":{"line":225,"column":1}},"225":{"start":{"line":226,"column":0},"end":{"line":226,"column":44}},"226":{"start":{"line":227,"column":0},"end":{"line":227,"column":71}},"227":{"start":{"line":228,"column":0},"end":{"line":228,"column":53}},"228":{"start":{"line":229,"column":0},"end":{"line":229,"column":1}},"229":{"start":{"line":230,"column":0},"end":{"line":230,"column":28}},"230":{"start":{"line":231,"column":0},"end":{"line":231,"column":39}},"231":{"start":{"line":232,"column":0},"end":{"line":232,"column":9}},"232":{"start":{"line":233,"column":0},"end":{"line":233,"column":38}},"233":{"start":{"line":234,"column":0},"end":{"line":234,"column":50}},"234":{"start":{"line":235,"column":0},"end":{"line":235,"column":34}},"235":{"start":{"line":236,"column":0},"end":{"line":236,"column":9}},"236":{"start":{"line":237,"column":0},"end":{"line":237,"column":38}},"237":{"start":{"line":238,"column":0},"end":{"line":238,"column":49}},"238":{"start":{"line":239,"column":0},"end":{"line":239,"column":34}},"239":{"start":{"line":240,"column":0},"end":{"line":240,"column":9}},"240":{"start":{"line":241,"column":0},"end":{"line":241,"column":38}},"241":{"start":{"line":242,"column":0},"end":{"line":242,"column":49}},"242":{"start":{"line":243,"column":0},"end":{"line":243,"column":34}},"243":{"start":{"line":244,"column":0},"end":{"line":244,"column":9}},"244":{"start":{"line":245,"column":0},"end":{"line":245,"column":47}},"245":{"start":{"line":246,"column":0},"end":{"line":246,"column":67}},"246":{"start":{"line":247,"column":0},"end":{"line":247,"column":5}},"247":{"start":{"line":248,"column":0},"end":{"line":248,"column":15}},"248":{"start":{"line":249,"column":0},"end":{"line":249,"column":89}},"249":{"start":{"line":250,"column":0},"end":{"line":250,"column":5}},"250":{"start":{"line":251,"column":0},"end":{"line":251,"column":1}},"251":{"start":{"line":252,"column":0},"end":{"line":252,"column":37}},"252":{"start":{"line":253,"column":0},"end":{"line":253,"column":20}},"253":{"start":{"line":254,"column":0},"end":{"line":254,"column":54}},"254":{"start":{"line":255,"column":0},"end":{"line":255,"column":12}},"255":{"start":{"line":256,"column":0},"end":{"line":256,"column":47}},"256":{"start":{"line":257,"column":0},"end":{"line":257,"column":49}},"257":{"start":{"line":258,"column":0},"end":{"line":258,"column":39}},"258":{"start":{"line":259,"column":0},"end":{"line":259,"column":18}},"259":{"start":{"line":260,"column":0},"end":{"line":260,"column":21}},"260":{"start":{"line":261,"column":0},"end":{"line":261,"column":16}},"261":{"start":{"line":262,"column":0},"end":{"line":262,"column":13}},"262":{"start":{"line":263,"column":0},"end":{"line":263,"column":35}},"263":{"start":{"line":264,"column":0},"end":{"line":264,"column":9}},"264":{"start":{"line":265,"column":0},"end":{"line":265,"column":19}},"265":{"start":{"line":266,"column":0},"end":{"line":266,"column":55}},"266":{"start":{"line":267,"column":0},"end":{"line":267,"column":21}},"267":{"start":{"line":268,"column":0},"end":{"line":268,"column":9}},"268":{"start":{"line":269,"column":0},"end":{"line":269,"column":20}},"269":{"start":{"line":270,"column":0},"end":{"line":270,"column":5}},"270":{"start":{"line":271,"column":0},"end":{"line":271,"column":3}},"271":{"start":{"line":272,"column":0},"end":{"line":272,"column":37}},"272":{"start":{"line":273,"column":0},"end":{"line":273,"column":47}},"273":{"start":{"line":274,"column":0},"end":{"line":274,"column":70}}},"s":{"0":0,"1":0,"2":0,"3":0,"4":0,"5":0,"6":0,"7":0,"8":0,"9":0,"10":0,"11":0,"12":0,"13":0,"14":0,"15":0,"16":0,"17":0,"18":0,"19":0,"20":0,"21":0,"22":0,"23":0,"24":0,"25":0,"26":0,"27":0,"28":0,"29":0,"30":0,"31":0,"32":0,"33":0,"34":0,"35":0,"36":0,"37":0,"38":0,"39":0,"40":0,"41":0,"42":0,"43":0,"44":0,"45":0,"46":0,"47":0,"48":0,"49":0,"50":0,"51":0,"52":0,"53":0,"54":0,"55":0,"56":0,"57":0,"58":0,"59":0,"60":0,"61":0,"62":0,"63":0,"64":0,"65":0,"66":0,"67":0,"68":0,"69":0,"70":0,"71":0,"72":0,"73":0,"74":0,"75":0,"76":0,"77":0,"78":0,"79":0,"80":0,"81":0,"82":0,"83":0,"84":0,"85":0,"86":0,"87":0,"88":0,"89":0,"90":0,"91":0,"92":0,"93":0,"94":0,"95":0,"96":0,"97":0,"98":0,"99":0,"100":0,"101":0,"102":0,"103":0,"104":0,"105":0,"106":0,"107":0,"108":0,"109":0,"110":0,"111":0,"112":0,"113":0,"114":0,"115":0,"116":0,"117":0,"118":0,"119":0,"120":0,"121":0,"122":0,"123":0,"124":0,"125":0,"126":0,"127":0,"128":0,"129":0,"130":0,"131":0,"132":0,"133":0,"134":0,"135":0,"136":0,"137":0,"138":0,"139":0,"140":0,"141":0,"142":0,"143":0,"144":0,"145":0,"146":0,"147":0,"148":0,"149":0,"150":0,"151":0,"152":0,"153":0,"154":0,"155":0,"156":0,"157":0,"158":0,"159":0,"160":0,"161":0,"162":0,"163":0,"164":0,"165":0,"166":0,"167":0,"168":0,"169":0,"170":0,"171":0,"172":0,"173":0,"174":0,"175":0,"176":0,"177":0,"178":0,"179":0,"180":0,"181":0,"182":0,"183":0,"184":0,"185":0,"186":0,"187":0,"188":0,"189":0,"190":0,"191":0,"192":0,"193":0,"194":0,"195":0,"196":0,"197":0,"198":0,"199":0,"200":0,"201":0,"202":0,"203":0,"204":0,"205":0,"206":0,"207":0,"208":0,"209":0,"210":0,"211":0,"212":0,"213":0,"214":0,"215":0,"216":0,"217":0,"218":0,"219":0,"220":0,"221":0,"222":0,"223":0,"224":0,"225":0,"226":0,"227":0,"228":0,"229":0,"230":0,"231":0,"232":0,"233":0,"234":0,"235":0,"236":0,"237":0,"238":0,"239":0,"240":0,"241":0,"242":0,"243":0,"244":0,"245":0,"246":0,"247":0,"248":0,"249":0,"250":0,"251":0,"252":0,"253":0,"254":0,"255":0,"256":0,"257":0,"258":0,"259":0,"260":0,"261":0,"262":0,"263":0,"264":0,"265":0,"266":0,"267":0,"268":0,"269":0,"270":0,"271":0,"272":0,"273":0},"branchMap":{"0":{"type":"branch","line":1,"loc":{"start":{"line":1,"column":135},"end":{"line":274,"column":-550}},"locations":[{"start":{"line":1,"column":135},"end":{"line":274,"column":-550}}]}},"b":{"0":[0]},"fnMap":{"0":{"name":"(empty-report)","decl":{"start":{"line":1,"column":135},"end":{"line":274,"column":-550}},"loc":{"start":{"line":1,"column":135},"end":{"line":274,"column":-550}},"line":1}},"f":{"0":0}}
,"/Users/r2d2/Documents/Code_Projects/spacechemical-nextjs/bmad-ozon-seller-api/mcp-ozon-docs/src/index.ts": {"path":"/Users/r2d2/Documents/Code_Projects/spacechemical-nextjs/bmad-ozon-seller-api/mcp-ozon-docs/src/index.ts","all":true,"statementMap":{"3":{"start":{"line":4,"column":0},"end":{"line":4,"column":20}},"4":{"start":{"line":5,"column":0},"end":{"line":5,"column":24}},"27":{"start":{"line":28,"column":0},"end":{"line":28,"column":32}},"28":{"start":{"line":29,"column":0},"end":{"line":29,"column":43}},"29":{"start":{"line":30,"column":0},"end":{"line":30,"column":70}},"31":{"start":{"line":32,"column":0},"end":{"line":32,"column":55}},"32":{"start":{"line":33,"column":0},"end":{"line":33,"column":1}},"34":{"start":{"line":35,"column":0},"end":{"line":35,"column":47}},"35":{"start":{"line":36,"column":0},"end":{"line":36,"column":48}},"36":{"start":{"line":37,"column":0},"end":{"line":37,"column":80}},"37":{"start":{"line":38,"column":0},"end":{"line":38,"column":52}},"38":{"start":{"line":39,"column":0},"end":{"line":39,"column":1}},"40":{"start":{"line":41,"column":0},"end":{"line":41,"column":47}},"41":{"start":{"line":42,"column":0},"end":{"line":42,"column":80}},"42":{"start":{"line":43,"column":0},"end":{"line":43,"column":1}},"44":{"start":{"line":45,"column":0},"end":{"line":45,"column":33}},"45":{"start":{"line":46,"column":0},"end":{"line":46,"column":34}},"46":{"start":{"line":47,"column":0},"end":{"line":47,"column":1}},"49":{"start":{"line":50,"column":0},"end":{"line":50,"column":14}},"50":{"start":{"line":51,"column":0},"end":{"line":51,"column":37}},"51":{"start":{"line":52,"column":0},"end":{"line":52,"column":27}},"52":{"start":{"line":53,"column":0},"end":{"line":53,"column":18}},"53":{"start":{"line":54,"column":0},"end":{"line":54,"column":25}},"54":{"start":{"line":55,"column":0},"end":{"line":55,"column":34}},"55":{"start":{"line":56,"column":0},"end":{"line":56,"column":3}},"56":{"start":{"line":57,"column":0},"end":{"line":57,"column":1}},"59":{"start":{"line":60,"column":0},"end":{"line":60,"column":44}},"61":{"start":{"line":62,"column":0},"end":{"line":62,"column":10}},"62":{"start":{"line":63,"column":0},"end":{"line":63,"column":83}},"63":{"start":{"line":64,"column":0},"end":{"line":64,"column":60}},"64":{"start":{"line":65,"column":0},"end":{"line":65,"column":19}},"65":{"start":{"line":66,"column":0},"end":{"line":66,"column":39}},"66":{"start":{"line":67,"column":0},"end":{"line":67,"column":5}},"67":{"start":{"line":68,"column":0},"end":{"line":68,"column":4}},"68":{"start":{"line":69,"column":0},"end":{"line":69,"column":1}},"70":{"start":{"line":71,"column":0},"end":{"line":71,"column":43}},"71":{"start":{"line":72,"column":0},"end":{"line":72,"column":10}},"72":{"start":{"line":73,"column":0},"end":{"line":73,"column":12}},"73":{"start":{"line":74,"column":0},"end":{"line":74,"column":7}},"74":{"start":{"line":75,"column":0},"end":{"line":75,"column":25}},"75":{"start":{"line":76,"column":0},"end":{"line":76,"column":73}},"76":{"start":{"line":77,"column":0},"end":{"line":77,"column":55}},"77":{"start":{"line":78,"column":0},"end":{"line":78,"column":8}},"78":{"start":{"line":79,"column":0},"end":{"line":79,"column":7}},"79":{"start":{"line":80,"column":0},"end":{"line":80,"column":34}},"80":{"start":{"line":81,"column":0},"end":{"line":81,"column":76}},"81":{"start":{"line":82,"column":0},"end":{"line":82,"column":22}},"82":{"start":{"line":83,"column":0},"end":{"line":83,"column":25}},"83":{"start":{"line":84,"column":0},"end":{"line":84,"column":58}},"84":{"start":{"line":85,"column":0},"end":{"line":85,"column":35}},"85":{"start":{"line":86,"column":0},"end":{"line":86,"column":9}},"86":{"start":{"line":87,"column":0},"end":{"line":87,"column":8}},"87":{"start":{"line":88,"column":0},"end":{"line":88,"column":7}},"88":{"start":{"line":89,"column":0},"end":{"line":89,"column":33}},"89":{"start":{"line":90,"column":0},"end":{"line":90,"column":73}},"90":{"start":{"line":91,"column":0},"end":{"line":91,"column":22}},"91":{"start":{"line":92,"column":0},"end":{"line":92,"column":25}},"92":{"start":{"line":93,"column":0},"end":{"line":93,"column":79}},"93":{"start":{"line":94,"column":0},"end":{"line":94,"column":38}},"94":{"start":{"line":95,"column":0},"end":{"line":95,"column":9}},"95":{"start":{"line":96,"column":0},"end":{"line":96,"column":8}},"96":{"start":{"line":97,"column":0},"end":{"line":97,"column":7}},"97":{"start":{"line":98,"column":0},"end":{"line":98,"column":25}},"98":{"start":{"line":99,"column":0},"end":{"line":99,"column":98}},"99":{"start":{"line":100,"column":0},"end":{"line":100,"column":22}},"100":{"start":{"line":101,"column":0},"end":{"line":101,"column":25}},"101":{"start":{"line":102,"column":0},"end":{"line":102,"column":51}},"102":{"start":{"line":103,"column":0},"end":{"line":103,"column":28}},"103":{"start":{"line":104,"column":0},"end":{"line":104,"column":9}},"104":{"start":{"line":105,"column":0},"end":{"line":105,"column":8}},"105":{"start":{"line":106,"column":0},"end":{"line":106,"column":7}},"106":{"start":{"line":107,"column":0},"end":{"line":107,"column":27}},"107":{"start":{"line":108,"column":0},"end":{"line":108,"column":112}},"108":{"start":{"line":109,"column":0},"end":{"line":109,"column":22}},"109":{"start":{"line":110,"column":0},"end":{"line":110,"column":25}},"110":{"start":{"line":111,"column":0},"end":{"line":111,"column":78}},"111":{"start":{"line":112,"column":0},"end":{"line":112,"column":29}},"112":{"start":{"line":113,"column":0},"end":{"line":113,"column":9}},"113":{"start":{"line":114,"column":0},"end":{"line":114,"column":7}},"114":{"start":{"line":115,"column":0},"end":{"line":115,"column":5}},"115":{"start":{"line":116,"column":0},"end":{"line":116,"column":4}},"116":{"start":{"line":117,"column":0},"end":{"line":117,"column":1}},"118":{"start":{"line":119,"column":0},"end":{"line":119,"column":32}},"119":{"start":{"line":120,"column":0},"end":{"line":120,"column":19}},"120":{"start":{"line":121,"column":0},"end":{"line":121,"column":34}},"121":{"start":{"line":122,"column":0},"end":{"line":122,"column":78}},"122":{"start":{"line":123,"column":0},"end":{"line":123,"column":18}},"123":{"start":{"line":124,"column":0},"end":{"line":124,"column":1}},"125":{"start":{"line":126,"column":0},"end":{"line":126,"column":81}},"126":{"start":{"line":127,"column":0},"end":{"line":127,"column":19}},"127":{"start":{"line":128,"column":0},"end":{"line":128,"column":75}},"128":{"start":{"line":129,"column":0},"end":{"line":129,"column":70}},"130":{"start":{"line":131,"column":0},"end":{"line":131,"column":27}},"131":{"start":{"line":132,"column":0},"end":{"line":132,"column":43}},"133":{"start":{"line":134,"column":0},"end":{"line":134,"column":44}},"134":{"start":{"line":135,"column":0},"end":{"line":135,"column":130}},"135":{"start":{"line":136,"column":0},"end":{"line":136,"column":69}},"137":{"start":{"line":138,"column":0},"end":{"line":138,"column":10}},"138":{"start":{"line":139,"column":0},"end":{"line":139,"column":18}},"139":{"start":{"line":140,"column":0},"end":{"line":140,"column":12}},"140":{"start":{"line":141,"column":0},"end":{"line":141,"column":34}},"141":{"start":{"line":142,"column":0},"end":{"line":142,"column":37}},"142":{"start":{"line":143,"column":0},"end":{"line":143,"column":23}},"143":{"start":{"line":144,"column":0},"end":{"line":144,"column":19}},"144":{"start":{"line":145,"column":0},"end":{"line":145,"column":16}},"145":{"start":{"line":146,"column":0},"end":{"line":146,"column":4}},"146":{"start":{"line":147,"column":0},"end":{"line":147,"column":1}},"148":{"start":{"line":149,"column":0},"end":{"line":149,"column":95}},"149":{"start":{"line":150,"column":0},"end":{"line":150,"column":19}},"150":{"start":{"line":151,"column":0},"end":{"line":151,"column":33}},"151":{"start":{"line":152,"column":0},"end":{"line":152,"column":78}},"152":{"start":{"line":153,"column":0},"end":{"line":153,"column":67}},"154":{"start":{"line":155,"column":0},"end":{"line":155,"column":27}},"155":{"start":{"line":156,"column":0},"end":{"line":156,"column":43}},"157":{"start":{"line":158,"column":0},"end":{"line":158,"column":44}},"158":{"start":{"line":159,"column":0},"end":{"line":159,"column":130}},"159":{"start":{"line":160,"column":0},"end":{"line":160,"column":69}},"161":{"start":{"line":162,"column":0},"end":{"line":162,"column":10}},"162":{"start":{"line":163,"column":0},"end":{"line":163,"column":18}},"163":{"start":{"line":164,"column":0},"end":{"line":164,"column":12}},"164":{"start":{"line":165,"column":0},"end":{"line":165,"column":34}},"165":{"start":{"line":166,"column":0},"end":{"line":166,"column":37}},"166":{"start":{"line":167,"column":0},"end":{"line":167,"column":33}},"167":{"start":{"line":168,"column":0},"end":{"line":168,"column":16}},"168":{"start":{"line":169,"column":0},"end":{"line":169,"column":4}},"169":{"start":{"line":170,"column":0},"end":{"line":170,"column":1}},"171":{"start":{"line":172,"column":0},"end":{"line":172,"column":58}},"172":{"start":{"line":173,"column":0},"end":{"line":173,"column":19}},"173":{"start":{"line":174,"column":0},"end":{"line":174,"column":36}},"174":{"start":{"line":175,"column":0},"end":{"line":175,"column":79}},"175":{"start":{"line":176,"column":0},"end":{"line":176,"column":71}},"176":{"start":{"line":177,"column":0},"end":{"line":177,"column":52}},"177":{"start":{"line":178,"column":0},"end":{"line":178,"column":1}},"179":{"start":{"line":180,"column":0},"end":{"line":180,"column":64}},"180":{"start":{"line":181,"column":0},"end":{"line":181,"column":19}},"181":{"start":{"line":182,"column":0},"end":{"line":182,"column":76}},"182":{"start":{"line":183,"column":0},"end":{"line":183,"column":26}},"183":{"start":{"line":184,"column":0},"end":{"line":184,"column":35}},"184":{"start":{"line":185,"column":0},"end":{"line":185,"column":109}},"185":{"start":{"line":186,"column":0},"end":{"line":186,"column":92}},"186":{"start":{"line":187,"column":0},"end":{"line":187,"column":68}},"187":{"start":{"line":188,"column":0},"end":{"line":188,"column":3}},"188":{"start":{"line":189,"column":0},"end":{"line":189,"column":19}},"189":{"start":{"line":190,"column":0},"end":{"line":190,"column":1}},"193":{"start":{"line":194,"column":0},"end":{"line":194,"column":72}},"194":{"start":{"line":195,"column":0},"end":{"line":195,"column":74}},"196":{"start":{"line":197,"column":0},"end":{"line":197,"column":15}},"197":{"start":{"line":198,"column":0},"end":{"line":198,"column":17}},"198":{"start":{"line":199,"column":0},"end":{"line":199,"column":20}},"199":{"start":{"line":200,"column":0},"end":{"line":200,"column":34}},"200":{"start":{"line":201,"column":0},"end":{"line":201,"column":12}},"201":{"start":{"line":202,"column":0},"end":{"line":202,"column":29}},"202":{"start":{"line":203,"column":0},"end":{"line":203,"column":53}},"203":{"start":{"line":204,"column":0},"end":{"line":204,"column":12}},"204":{"start":{"line":205,"column":0},"end":{"line":205,"column":28}},"205":{"start":{"line":206,"column":0},"end":{"line":206,"column":52}},"206":{"start":{"line":207,"column":0},"end":{"line":207,"column":12}},"207":{"start":{"line":208,"column":0},"end":{"line":208,"column":20}},"208":{"start":{"line":209,"column":0},"end":{"line":209,"column":44}},"209":{"start":{"line":210,"column":0},"end":{"line":210,"column":12}},"210":{"start":{"line":211,"column":0},"end":{"line":211,"column":22}},"211":{"start":{"line":212,"column":0},"end":{"line":212,"column":46}},"212":{"start":{"line":213,"column":0},"end":{"line":213,"column":12}},"213":{"start":{"line":214,"column":0},"end":{"line":214,"column":12}},"214":{"start":{"line":215,"column":0},"end":{"line":215,"column":14}},"215":{"start":{"line":216,"column":0},"end":{"line":216,"column":22}},"216":{"start":{"line":217,"column":0},"end":{"line":217,"column":66}},"217":{"start":{"line":218,"column":0},"end":{"line":218,"column":8}},"218":{"start":{"line":219,"column":0},"end":{"line":219,"column":3}},"221":{"start":{"line":222,"column":0},"end":{"line":222,"column":70}},"222":{"start":{"line":223,"column":0},"end":{"line":223,"column":12}},"223":{"start":{"line":224,"column":0},"end":{"line":224,"column":20}},"224":{"start":{"line":225,"column":0},"end":{"line":225,"column":58}},"225":{"start":{"line":226,"column":0},"end":{"line":226,"column":6}},"226":{"start":{"line":227,"column":0},"end":{"line":227,"column":3}},"229":{"start":{"line":230,"column":0},"end":{"line":230,"column":28}},"230":{"start":{"line":231,"column":0},"end":{"line":231,"column":65}},"231":{"start":{"line":232,"column":0},"end":{"line":232,"column":82}},"232":{"start":{"line":233,"column":0},"end":{"line":233,"column":3}},"234":{"start":{"line":235,"column":0},"end":{"line":235,"column":30}},"235":{"start":{"line":236,"column":0},"end":{"line":236,"column":61}},"236":{"start":{"line":237,"column":0},"end":{"line":237,"column":44}},"237":{"start":{"line":238,"column":0},"end":{"line":238,"column":21}},"238":{"start":{"line":239,"column":0},"end":{"line":239,"column":71}},"239":{"start":{"line":240,"column":0},"end":{"line":240,"column":7}},"240":{"start":{"line":241,"column":0},"end":{"line":241,"column":40}},"241":{"start":{"line":242,"column":0},"end":{"line":242,"column":98}},"242":{"start":{"line":243,"column":0},"end":{"line":243,"column":7}},"243":{"start":{"line":244,"column":0},"end":{"line":244,"column":23}},"244":{"start":{"line":245,"column":0},"end":{"line":245,"column":3}},"247":{"start":{"line":248,"column":0},"end":{"line":248,"column":10}},"248":{"start":{"line":249,"column":0},"end":{"line":249,"column":67}},"249":{"start":{"line":250,"column":0},"end":{"line":250,"column":4}},"250":{"start":{"line":251,"column":0},"end":{"line":251,"column":1}},"254":{"start":{"line":255,"column":0},"end":{"line":255,"column":35}},"255":{"start":{"line":256,"column":0},"end":{"line":256,"column":16}},"257":{"start":{"line":258,"column":0},"end":{"line":258,"column":64}},"258":{"start":{"line":259,"column":0},"end":{"line":259,"column":57}},"259":{"start":{"line":260,"column":0},"end":{"line":260,"column":51}},"260":{"start":{"line":261,"column":0},"end":{"line":261,"column":1}},"262":{"start":{"line":263,"column":0},"end":{"line":263,"column":95}},"263":{"start":{"line":264,"column":0},"end":{"line":264,"column":81}},"264":{"start":{"line":265,"column":0},"end":{"line":265,"column":51}},"265":{"start":{"line":266,"column":0},"end":{"line":266,"column":1}},"267":{"start":{"line":268,"column":0},"end":{"line":268,"column":40}},"268":{"start":{"line":269,"column":0},"end":{"line":269,"column":37}},"269":{"start":{"line":270,"column":0},"end":{"line":270,"column":7}},"270":{"start":{"line":271,"column":0},"end":{"line":271,"column":34}},"271":{"start":{"line":272,"column":0},"end":{"line":272,"column":44}},"272":{"start":{"line":273,"column":0},"end":{"line":273,"column":28}},"273":{"start":{"line":274,"column":0},"end":{"line":274,"column":5}},"274":{"start":{"line":275,"column":0},"end":{"line":275,"column":34}},"275":{"start":{"line":276,"column":0},"end":{"line":276,"column":43}},"276":{"start":{"line":277,"column":0},"end":{"line":277,"column":28}},"277":{"start":{"line":278,"column":0},"end":{"line":278,"column":5}},"278":{"start":{"line":279,"column":0},"end":{"line":279,"column":34}},"279":{"start":{"line":280,"column":0},"end":{"line":280,"column":43}},"280":{"start":{"line":281,"column":0},"end":{"line":281,"column":28}},"281":{"start":{"line":282,"column":0},"end":{"line":282,"column":5}},"283":{"start":{"line":284,"column":0},"end":{"line":284,"column":63}},"284":{"start":{"line":285,"column":0},"end":{"line":285,"column":20}},"285":{"start":{"line":286,"column":0},"end":{"line":286,"column":85}},"286":{"start":{"line":287,"column":0},"end":{"line":287,"column":3}},"287":{"start":{"line":288,"column":0},"end":{"line":288,"column":1}},"289":{"start":{"line":290,"column":0},"end":{"line":290,"column":45}},"290":{"start":{"line":291,"column":0},"end":{"line":291,"column":18}},"292":{"start":{"line":293,"column":0},"end":{"line":293,"column":18}},"293":{"start":{"line":294,"column":0},"end":{"line":294,"column":45}},"294":{"start":{"line":295,"column":0},"end":{"line":295,"column":45}},"295":{"start":{"line":296,"column":0},"end":{"line":296,"column":35}},"296":{"start":{"line":297,"column":0},"end":{"line":297,"column":24}},"297":{"start":{"line":298,"column":0},"end":{"line":298,"column":24}},"298":{"start":{"line":299,"column":0},"end":{"line":299,"column":9}},"299":{"start":{"line":300,"column":0},"end":{"line":300,"column":29}},"300":{"start":{"line":301,"column":0},"end":{"line":301,"column":17}},"301":{"start":{"line":302,"column":0},"end":{"line":302,"column":49}},"302":{"start":{"line":303,"column":0},"end":{"line":303,"column":15}},"303":{"start":{"line":304,"column":0},"end":{"line":304,"column":5}},"304":{"start":{"line":305,"column":0},"end":{"line":305,"column":16}},"305":{"start":{"line":306,"column":0},"end":{"line":306,"column":3}},"306":{"start":{"line":307,"column":0},"end":{"line":307,"column":3}},"309":{"start":{"line":310,"column":0},"end":{"line":310,"column":47}},"311":{"start":{"line":312,"column":0},"end":{"line":312,"column":70}}},"s":{"3":0,"4":0,"27":0,"28":0,"29":0,"31":0,"32":0,"34":0,"35":0,"36":0,"37":0,"38":0,"40":0,"41":0,"42":0,"44":0,"45":0,"46":0,"49":0,"50":0,"51":0,"52":0,"53":0,"54":0,"55":0,"56":0,"59":0,"61":0,"62":0,"63":0,"64":0,"65":0,"66":0,"67":0,"68":0,"70":0,"71":0,"72":0,"73":0,"74":0,"75":0,"76":0,"77":0,"78":0,"79":0,"80":0,"81":0,"82":0,"83":0,"84":0,"85":0,"86":0,"87":0,"88":0,"89":0,"90":0,"91":0,"92":0,"93":0,"94":0,"95":0,"96":0,"97":0,"98":0,"99":0,"100":0,"101":0,"102":0,"103":0,"104":0,"105":0,"106":0,"107":0,"108":0,"109":0,"110":0,"111":0,"112":0,"113":0,"114":0,"115":0,"116":0,"118":0,"119":0,"120":0,"121":0,"122":0,"123":0,"125":0,"126":0,"127":0,"128":0,"130":0,"131":0,"133":0,"134":0,"135":0,"137":0,"138":0,"139":0,"140":0,"141":0,"142":0,"143":0,"144":0,"145":0,"146":0,"148":0,"149":0,"150":0,"151":0,"152":0,"154":0,"155":0,"157":0,"158":0,"159":0,"161":0,"162":0,"163":0,"164":0,"165":0,"166":0,"167":0,"168":0,"169":0,"171":0,"172":0,"173":0,"174":0,"175":0,"176":0,"177":0,"179":0,"180":0,"181":0,"182":0,"183":0,"184":0,"185":0,"186":0,"187":0,"188":0,"189":0,"193":0,"194":0,"196":0,"197":0,"198":0,"199":0,"200":0,"201":0,"202":0,"203":0,"204":0,"205":0,"206":0,"207":0,"208":0,"209":0,"210":0,"211":0,"212":0,"213":0,"214":0,"215":0,"216":0,"217":0,"218":0,"221":0,"222":0,"223":0,"224":0,"225":0,"226":0,"229":0,"230":0,"231":0,"232":0,"234":0,"235":0,"236":0,"237":0,"238":0,"239":0,"240":0,"241":0,"242":0,"243":0,"244":0,"247":0,"248":0,"249":0,"250":0,"254":0,"255":0,"257":0,"258":0,"259":0,"260":0,"262":0,"263":0,"264":0,"265":0,"267":0,"268":0,"269":0,"270":0,"271":0,"272":0,"273":0,"274":0,"275":0,"276":0,"277":0,"278":0,"279":0,"280":0,"281":0,"283":0,"284":0,"285":0,"286":0,"287":0,"289":0,"290":0,"292":0,"293":0,"294":0,"295":0,"296":0,"297":0,"298":0,"299":0,"300":0,"301":0,"302":0,"303":0,"304":0,"305":0,"306":0,"309":0,"311":0},"branchMap":{"0":{"type":"branch","line":1,"loc":{"start":{"line":1,"column":9729},"end":{"line":312,"column":70}},"locations":[{"start":{"line":1,"column":9729},"end":{"line":312,"column":70}}]}},"b":{"0":[1]},"fnMap":{"0":{"name":"(empty-report)","decl":{"start":{"line":1,"column":9729},"end":{"line":312,"column":70}},"loc":{"start":{"line":1,"column":9729},"end":{"line":312,"column":70}},"line":1}},"f":{"0":1}}
,"/Users/r2d2/Documents/Code_Projects/spacechemical-nextjs/bmad-ozon-seller-api/src/index.ts": {"path":"/Users/r2d2/Documents/Code_Projects/spacechemical-nextjs/bmad-ozon-seller-api/src/index.ts","all":false,"statementMap":{"8":{"start":{"line":9,"column":0},"end":{"line":9,"column":55}},"9":{"start":{"line":10,"column":0},"end":{"line":10,"column":44}},"10":{"start":{"line":11,"column":0},"end":{"line":11,"column":45}},"15":{"start":{"line":16,"column":0},"end":{"line":16,"column":122}},"18":{"start":{"line":19,"column":0},"end":{"line":19,"column":273}},"21":{"start":{"line":22,"column":0},"end":{"line":22,"column":59}},"22":{"start":{"line":23,"column":0},"end":{"line":23,"column":59}},"23":{"start":{"line":24,"column":0},"end":{"line":24,"column":63}},"24":{"start":{"line":25,"column":0},"end":{"line":25,"column":76}},"25":{"start":{"line":26,"column":0},"end":{"line":26,"column":59}},"26":{"start":{"line":27,"column":0},"end":{"line":27,"column":57}},"27":{"start":{"line":28,"column":0},"end":{"line":28,"column":57}},"28":{"start":{"line":29,"column":0},"end":{"line":29,"column":57}},"29":{"start":{"line":30,"column":0},"end":{"line":30,"column":53}},"30":{"start":{"line":31,"column":0},"end":{"line":31,"column":78}},"31":{"start":{"line":32,"column":0},"end":{"line":32,"column":71}},"32":{"start":{"line":33,"column":0},"end":{"line":33,"column":55}},"33":{"start":{"line":34,"column":0},"end":{"line":34,"column":51}},"34":{"start":{"line":35,"column":0},"end":{"line":35,"column":68}},"35":{"start":{"line":36,"column":0},"end":{"line":36,"column":79}},"36":{"start":{"line":37,"column":0},"end":{"line":37,"column":71}},"37":{"start":{"line":38,"column":0},"end":{"line":38,"column":51}},"38":{"start":{"line":39,"column":0},"end":{"line":39,"column":70}},"39":{"start":{"line":40,"column":0},"end":{"line":40,"column":68}},"40":{"start":{"line":41,"column":0},"end":{"line":41,"column":63}},"41":{"start":{"line":42,"column":0},"end":{"line":42,"column":61}},"43":{"start":{"line":44,"column":0},"end":{"line":44,"column":57}},"44":{"start":{"line":45,"column":0},"end":{"line":45,"column":59}},"45":{"start":{"line":46,"column":0},"end":{"line":46,"column":70}},"46":{"start":{"line":47,"column":0},"end":{"line":47,"column":66}},"47":{"start":{"line":48,"column":0},"end":{"line":48,"column":57}},"48":{"start":{"line":49,"column":0},"end":{"line":49,"column":53}},"49":{"start":{"line":50,"column":0},"end":{"line":50,"column":69}},"50":{"start":{"line":51,"column":0},"end":{"line":51,"column":61}},"51":{"start":{"line":52,"column":0},"end":{"line":52,"column":59}},"52":{"start":{"line":53,"column":0},"end":{"line":53,"column":59}},"53":{"start":{"line":54,"column":0},"end":{"line":54,"column":59}},"54":{"start":{"line":55,"column":0},"end":{"line":55,"column":70}},"58":{"start":{"line":59,"column":0},"end":{"line":59,"column":55}},"61":{"start":{"line":62,"column":0},"end":{"line":62,"column":87}},"62":{"start":{"line":63,"column":0},"end":{"line":63,"column":41}},"63":{"start":{"line":64,"column":0},"end":{"line":64,"column":2}},"66":{"start":{"line":67,"column":0},"end":{"line":67,"column":35}},"509":{"start":{"line":510,"column":0},"end":{"line":510,"column":33}},"536":{"start":{"line":537,"column":0},"end":{"line":537,"column":140}}},"s":{"8":1,"9":1,"10":1,"15":1,"18":1,"21":1,"22":1,"23":1,"24":1,"25":1,"26":1,"27":1,"28":1,"29":1,"30":1,"31":1,"32":1,"33":1,"34":1,"35":1,"36":1,"37":1,"38":1,"39":1,"40":1,"41":1,"43":1,"44":1,"45":1,"46":1,"47":1,"48":1,"49":1,"50":1,"51":1,"52":1,"53":1,"54":1,"58":1,"61":1,"62":0,"63":0,"66":1,"509":1,"536":1},"branchMap":{},"b":{},"fnMap":{"0":{"name":"createOzonSellerApiClient","decl":{"start":{"line":62,"column":41},"end":{"line":64,"column":2}},"loc":{"start":{"line":62,"column":41},"end":{"line":64,"column":2}},"line":62}},"f":{"0":0}}
,"/Users/r2d2/Documents/Code_Projects/spacechemical-nextjs/bmad-ozon-seller-api/src/categories/analytics/index.ts": {"path":"/Users/r2d2/Documents/Code_Projects/spacechemical-nextjs/bmad-ozon-seller-api/src/categories/analytics/index.ts","all":false,"statementMap":{"36":{"start":{"line":37,"column":0},"end":{"line":37,"column":27}},"37":{"start":{"line":38,"column":0},"end":{"line":38,"column":57}},"66":{"start":{"line":67,"column":0},"end":{"line":67,"column":137}},"68":{"start":{"line":69,"column":0},"end":{"line":69,"column":72}},"69":{"start":{"line":70,"column":0},"end":{"line":70,"column":58}},"70":{"start":{"line":71,"column":0},"end":{"line":71,"column":5}},"72":{"start":{"line":73,"column":0},"end":{"line":73,"column":165}},"73":{"start":{"line":74,"column":0},"end":{"line":74,"column":3}},"113":{"start":{"line":114,"column":0},"end":{"line":114,"column":143}},"115":{"start":{"line":116,"column":0},"end":{"line":116,"column":25}},"116":{"start":{"line":117,"column":0},"end":{"line":117,"column":55}},"117":{"start":{"line":118,"column":0},"end":{"line":118,"column":5}},"119":{"start":{"line":120,"column":0},"end":{"line":120,"column":167}},"120":{"start":{"line":121,"column":0},"end":{"line":121,"column":3}},"150":{"start":{"line":151,"column":0},"end":{"line":151,"column":125}},"152":{"start":{"line":153,"column":0},"end":{"line":153,"column":53}},"153":{"start":{"line":154,"column":0},"end":{"line":154,"column":76}},"154":{"start":{"line":155,"column":0},"end":{"line":155,"column":5}},"157":{"start":{"line":158,"column":0},"end":{"line":158,"column":36}},"158":{"start":{"line":159,"column":0},"end":{"line":159,"column":55}},"159":{"start":{"line":160,"column":0},"end":{"line":160,"column":5}},"161":{"start":{"line":162,"column":0},"end":{"line":162,"column":138}},"162":{"start":{"line":163,"column":0},"end":{"line":163,"column":3}},"163":{"start":{"line":164,"column":0},"end":{"line":164,"column":1}}},"s":{"36":1,"37":1,"66":1,"68":7,"69":0,"70":0,"72":7,"73":7,"113":1,"115":5,"116":0,"117":0,"119":5,"120":5,"150":1,"152":0,"153":0,"154":0,"157":0,"158":0,"159":0,"161":0,"162":0,"163":1},"branchMap":{"0":{"type":"branch","line":38,"loc":{"start":{"line":38,"column":2},"end":{"line":38,"column":57}},"locations":[{"start":{"line":38,"column":2},"end":{"line":38,"column":57}}]},"1":{"type":"branch","line":67,"loc":{"start":{"line":67,"column":2},"end":{"line":74,"column":3}},"locations":[{"start":{"line":67,"column":2},"end":{"line":74,"column":3}}]},"2":{"type":"branch","line":69,"loc":{"start":{"line":69,"column":17},"end":{"line":69,"column":71}},"locations":[{"start":{"line":69,"column":17},"end":{"line":69,"column":71}}]},"3":{"type":"branch","line":69,"loc":{"start":{"line":69,"column":71},"end":{"line":71,"column":5}},"locations":[{"start":{"line":69,"column":71},"end":{"line":71,"column":5}}]},"4":{"type":"branch","line":73,"loc":{"start":{"line":73,"column":141},"end":{"line":73,"column":156}},"locations":[{"start":{"line":73,"column":141},"end":{"line":73,"column":156}}]},"5":{"type":"branch","line":114,"loc":{"start":{"line":114,"column":2},"end":{"line":121,"column":3}},"locations":[{"start":{"line":114,"column":2},"end":{"line":121,"column":3}}]},"6":{"type":"branch","line":116,"loc":{"start":{"line":116,"column":24},"end":{"line":118,"column":5}},"locations":[{"start":{"line":116,"column":24},"end":{"line":118,"column":5}}]}},"b":{"0":[74],"1":[7],"2":[4],"3":[0],"4":[0],"5":[5],"6":[0]},"fnMap":{"0":{"name":"AnalyticsApi","decl":{"start":{"line":38,"column":2},"end":{"line":38,"column":57}},"loc":{"start":{"line":38,"column":2},"end":{"line":38,"column":57}},"line":38},"1":{"name":"getStocksTurnover","decl":{"start":{"line":67,"column":2},"end":{"line":74,"column":3}},"loc":{"start":{"line":67,"column":2},"end":{"line":74,"column":3}},"line":67},"2":{"name":"getStockOnWarehouses","decl":{"start":{"line":114,"column":2},"end":{"line":121,"column":3}},"loc":{"start":{"line":114,"column":2},"end":{"line":121,"column":3}},"line":114},"3":{"name":"getAnalyticsStocks","decl":{"start":{"line":151,"column":2},"end":{"line":163,"column":3}},"loc":{"start":{"line":151,"column":2},"end":{"line":163,"column":3}},"line":151}},"f":{"0":74,"1":7,"2":5,"3":0}}
,"/Users/r2d2/Documents/Code_Projects/spacechemical-nextjs/bmad-ozon-seller-api/src/categories/barcode/index.ts": {"path":"/Users/r2d2/Documents/Code_Projects/spacechemical-nextjs/bmad-ozon-seller-api/src/categories/barcode/index.ts","all":false,"statementMap":{"36":{"start":{"line":37,"column":0},"end":{"line":37,"column":25}},"37":{"start":{"line":38,"column":0},"end":{"line":38,"column":57}},"110":{"start":{"line":111,"column":0},"end":{"line":111,"column":104}},"111":{"start":{"line":112,"column":0},"end":{"line":112,"column":119}},"112":{"start":{"line":113,"column":0},"end":{"line":113,"column":3}},"215":{"start":{"line":216,"column":0},"end":{"line":216,"column":119}},"216":{"start":{"line":217,"column":0},"end":{"line":217,"column":134}},"217":{"start":{"line":218,"column":0},"end":{"line":218,"column":3}},"218":{"start":{"line":219,"column":0},"end":{"line":219,"column":1}}},"s":{"36":1,"37":1,"110":1,"111":0,"112":0,"215":1,"216":0,"217":0,"218":1},"branchMap":{"0":{"type":"branch","line":38,"loc":{"start":{"line":38,"column":2},"end":{"line":38,"column":57}},"locations":[{"start":{"line":38,"column":2},"end":{"line":38,"column":57}}]}},"b":{"0":[66]},"fnMap":{"0":{"name":"BarcodeApi","decl":{"start":{"line":38,"column":2},"end":{"line":38,"column":57}},"loc":{"start":{"line":38,"column":2},"end":{"line":38,"column":57}},"line":38},"1":{"name":"addBarcodes","decl":{"start":{"line":111,"column":2},"end":{"line":113,"column":3}},"loc":{"start":{"line":111,"column":2},"end":{"line":113,"column":3}},"line":111},"2":{"name":"generateBarcodes","decl":{"start":{"line":216,"column":2},"end":{"line":218,"column":3}},"loc":{"start":{"line":216,"column":2},"end":{"line":218,"column":3}},"line":216}},"f":{"0":66,"1":0,"2":0}}
,"/Users/r2d2/Documents/Code_Projects/spacechemical-nextjs/bmad-ozon-seller-api/src/categories/beta-method/index.ts": {"path":"/Users/r2d2/Documents/Code_Projects/spacechemical-nextjs/bmad-ozon-seller-api/src/categories/beta-method/index.ts","all":false,"statementMap":{"48":{"start":{"line":49,"column":0},"end":{"line":49,"column":28}},"49":{"start":{"line":50,"column":0},"end":{"line":50,"column":57}},"81":{"start":{"line":82,"column":0},"end":{"line":82,"column":153}},"82":{"start":{"line":83,"column":0},"end":{"line":83,"column":177}},"83":{"start":{"line":84,"column":0},"end":{"line":84,"column":3}},"115":{"start":{"line":116,"column":0},"end":{"line":116,"column":174}},"116":{"start":{"line":117,"column":0},"end":{"line":117,"column":199}},"117":{"start":{"line":118,"column":0},"end":{"line":118,"column":3}},"139":{"start":{"line":140,"column":0},"end":{"line":140,"column":120}},"140":{"start":{"line":141,"column":0},"end":{"line":141,"column":170}},"141":{"start":{"line":142,"column":0},"end":{"line":142,"column":3}},"171":{"start":{"line":172,"column":0},"end":{"line":172,"column":132}},"172":{"start":{"line":173,"column":0},"end":{"line":173,"column":155}},"173":{"start":{"line":174,"column":0},"end":{"line":174,"column":3}},"203":{"start":{"line":204,"column":0},"end":{"line":204,"column":141}},"204":{"start":{"line":205,"column":0},"end":{"line":205,"column":154}},"205":{"start":{"line":206,"column":0},"end":{"line":206,"column":3}},"240":{"start":{"line":241,"column":0},"end":{"line":241,"column":163}},"241":{"start":{"line":242,"column":0},"end":{"line":242,"column":177}},"242":{"start":{"line":243,"column":0},"end":{"line":243,"column":3}},"269":{"start":{"line":270,"column":0},"end":{"line":270,"column":144}},"270":{"start":{"line":271,"column":0},"end":{"line":271,"column":157}},"271":{"start":{"line":272,"column":0},"end":{"line":272,"column":3}},"298":{"start":{"line":299,"column":0},"end":{"line":299,"column":145}},"299":{"start":{"line":300,"column":0},"end":{"line":300,"column":158}},"300":{"start":{"line":301,"column":0},"end":{"line":301,"column":3}},"322":{"start":{"line":323,"column":0},"end":{"line":323,"column":92}},"323":{"start":{"line":324,"column":0},"end":{"line":324,"column":124}},"324":{"start":{"line":325,"column":0},"end":{"line":325,"column":3}},"325":{"start":{"line":326,"column":0},"end":{"line":326,"column":1}}},"s":{"48":1,"49":1,"81":1,"82":0,"83":0,"115":1,"116":0,"117":0,"139":1,"140":0,"141":0,"171":1,"172":0,"173":0,"203":1,"204":0,"205":0,"240":1,"241":0,"242":0,"269":1,"270":0,"271":0,"298":1,"299":0,"300":0,"322":1,"323":0,"324":0,"325":1},"branchMap":{"0":{"type":"branch","line":50,"loc":{"start":{"line":50,"column":2},"end":{"line":50,"column":57}},"locations":[{"start":{"line":50,"column":2},"end":{"line":50,"column":57}}]}},"b":{"0":[66]},"fnMap":{"0":{"name":"BetaMethodApi","decl":{"start":{"line":50,"column":2},"end":{"line":50,"column":57}},"loc":{"start":{"line":50,"column":2},"end":{"line":50,"column":57}},"line":50},"1":{"name":"getAverageDeliveryTime","decl":{"start":{"line":82,"column":2},"end":{"line":84,"column":3}},"loc":{"start":{"line":82,"column":2},"end":{"line":84,"column":3}},"line":82},"2":{"name":"getAverageDeliveryTimeDetails","decl":{"start":{"line":116,"column":2},"end":{"line":118,"column":3}},"loc":{"start":{"line":116,"column":2},"end":{"line":118,"column":3}},"line":116},"3":{"name":"getAverageDeliveryTimeSummary","decl":{"start":{"line":140,"column":2},"end":{"line":142,"column":3}},"loc":{"start":{"line":140,"column":2},"end":{"line":142,"column":3}},"line":140},"4":{"name":"getManageStocks","decl":{"start":{"line":172,"column":2},"end":{"line":174,"column":3}},"loc":{"start":{"line":172,"column":2},"end":{"line":174,"column":3}},"line":172},"5":{"name":"getAnalyticsStocks","decl":{"start":{"line":204,"column":2},"end":{"line":206,"column":3}},"loc":{"start":{"line":204,"column":2},"end":{"line":206,"column":3}},"line":204},"6":{"name":"getProductsWithWrongVolume","decl":{"start":{"line":241,"column":2},"end":{"line":243,"column":3}},"loc":{"start":{"line":241,"column":2},"end":{"line":243,"column":3}},"line":241},"7":{"name":"getRemovalFromStockReport","decl":{"start":{"line":270,"column":2},"end":{"line":272,"column":3}},"loc":{"start":{"line":270,"column":2},"end":{"line":272,"column":3}},"line":270},"8":{"name":"getRemovalFromSupplyReport","decl":{"start":{"line":299,"column":2},"end":{"line":301,"column":3}},"loc":{"start":{"line":299,"column":2},"end":{"line":301,"column":3}},"line":299},"9":{"name":"getRolesByToken","decl":{"start":{"line":323,"column":2},"end":{"line":325,"column":3}},"loc":{"start":{"line":323,"column":2},"end":{"line":325,"column":3}},"line":323}},"f":{"0":66,"1":0,"2":0,"3":0,"4":0,"5":0,"6":0,"7":0,"8":0,"9":0}}
,"/Users/r2d2/Documents/Code_Projects/spacechemical-nextjs/bmad-ozon-seller-api/src/categories/brand/index.ts": {"path":"/Users/r2d2/Documents/Code_Projects/spacechemical-nextjs/bmad-ozon-seller-api/src/categories/brand/index.ts","all":false,"statementMap":{"30":{"start":{"line":31,"column":0},"end":{"line":31,"column":23}},"31":{"start":{"line":32,"column":0},"end":{"line":32,"column":57}},"70":{"start":{"line":71,"column":0},"end":{"line":71,"column":137}},"72":{"start":{"line":73,"column":0},"end":{"line":73,"column":44}},"73":{"start":{"line":74,"column":0},"end":{"line":74,"column":71}},"74":{"start":{"line":75,"column":0},"end":{"line":75,"column":5}},"76":{"start":{"line":77,"column":0},"end":{"line":77,"column":54}},"77":{"start":{"line":78,"column":0},"end":{"line":78,"column":76}},"78":{"start":{"line":79,"column":0},"end":{"line":79,"column":5}},"80":{"start":{"line":81,"column":0},"end":{"line":81,"column":164}},"81":{"start":{"line":82,"column":0},"end":{"line":82,"column":3}},"82":{"start":{"line":83,"column":0},"end":{"line":83,"column":1}}},"s":{"30":1,"31":1,"70":1,"72":19,"73":1,"74":1,"76":19,"77":1,"78":1,"80":17,"81":19,"82":1},"branchMap":{"0":{"type":"branch","line":32,"loc":{"start":{"line":32,"column":2},"end":{"line":32,"column":57}},"locations":[{"start":{"line":32,"column":2},"end":{"line":32,"column":57}}]},"1":{"type":"branch","line":71,"loc":{"start":{"line":71,"column":2},"end":{"line":82,"column":3}},"locations":[{"start":{"line":71,"column":2},"end":{"line":82,"column":3}}]},"2":{"type":"branch","line":73,"loc":{"start":{"line":73,"column":17},"end":{"line":73,"column":43}},"locations":[{"start":{"line":73,"column":17},"end":{"line":73,"column":43}}]},"3":{"type":"branch","line":73,"loc":{"start":{"line":73,"column":43},"end":{"line":75,"column":5}},"locations":[{"start":{"line":73,"column":43},"end":{"line":75,"column":5}}]},"4":{"type":"branch","line":75,"loc":{"start":{"line":75,"column":4},"end":{"line":77,"column":30}},"locations":[{"start":{"line":75,"column":4},"end":{"line":77,"column":30}}]},"5":{"type":"branch","line":77,"loc":{"start":{"line":77,"column":17},"end":{"line":77,"column":53}},"locations":[{"start":{"line":77,"column":17},"end":{"line":77,"column":53}}]},"6":{"type":"branch","line":77,"loc":{"start":{"line":77,"column":53},"end":{"line":79,"column":5}},"locations":[{"start":{"line":77,"column":53},"end":{"line":79,"column":5}}]},"7":{"type":"branch","line":79,"loc":{"start":{"line":79,"column":4},"end":{"line":81,"column":164}},"locations":[{"start":{"line":79,"column":4},"end":{"line":81,"column":164}}]}},"b":{"0":[85],"1":[19],"2":[18],"3":[1],"4":[18],"5":[17],"6":[1],"7":[17]},"fnMap":{"0":{"name":"BrandApi","decl":{"start":{"line":32,"column":2},"end":{"line":32,"column":57}},"loc":{"start":{"line":32,"column":2},"end":{"line":32,"column":57}},"line":32},"1":{"name":"getCertificationList","decl":{"start":{"line":71,"column":2},"end":{"line":82,"column":3}},"loc":{"start":{"line":71,"column":2},"end":{"line":82,"column":3}},"line":71}},"f":{"0":85,"1":19}}
,"/Users/r2d2/Documents/Code_Projects/spacechemical-nextjs/bmad-ozon-seller-api/src/categories/cancellation/index.ts": {"path":"/Users/r2d2/Documents/Code_Projects/spacechemical-nextjs/bmad-ozon-seller-api/src/categories/cancellation/index.ts","all":false,"statementMap":{"45":{"start":{"line":46,"column":0},"end":{"line":46,"column":30}},"46":{"start":{"line":47,"column":0},"end":{"line":47,"column":57}},"92":{"start":{"line":93,"column":0},"end":{"line":93,"column":141}},"93":{"start":{"line":94,"column":0},"end":{"line":94,"column":155}},"94":{"start":{"line":95,"column":0},"end":{"line":95,"column":3}},"130":{"start":{"line":131,"column":0},"end":{"line":131,"column":129}},"131":{"start":{"line":132,"column":0},"end":{"line":132,"column":146}},"132":{"start":{"line":133,"column":0},"end":{"line":133,"column":3}},"158":{"start":{"line":159,"column":0},"end":{"line":159,"column":115}},"159":{"start":{"line":160,"column":0},"end":{"line":160,"column":140}},"160":{"start":{"line":161,"column":0},"end":{"line":161,"column":3}},"186":{"start":{"line":187,"column":0},"end":{"line":187,"column":114}},"187":{"start":{"line":188,"column":0},"end":{"line":188,"column":139}},"188":{"start":{"line":189,"column":0},"end":{"line":189,"column":3}},"238":{"start":{"line":239,"column":0},"end":{"line":239,"column":147}},"239":{"start":{"line":240,"column":0},"end":{"line":240,"column":159}},"240":{"start":{"line":241,"column":0},"end":{"line":241,"column":3}},"263":{"start":{"line":264,"column":0},"end":{"line":264,"column":122}},"264":{"start":{"line":265,"column":0},"end":{"line":265,"column":145}},"265":{"start":{"line":266,"column":0},"end":{"line":266,"column":3}},"288":{"start":{"line":289,"column":0},"end":{"line":289,"column":120}},"289":{"start":{"line":290,"column":0},"end":{"line":290,"column":143}},"290":{"start":{"line":291,"column":0},"end":{"line":291,"column":3}},"291":{"start":{"line":292,"column":0},"end":{"line":292,"column":1}}},"s":{"45":1,"46":1,"92":1,"93":0,"94":0,"130":1,"131":0,"132":0,"158":1,"159":0,"160":0,"186":1,"187":0,"188":0,"238":1,"239":0,"240":0,"263":1,"264":0,"265":0,"288":1,"289":0,"290":0,"291":1},"branchMap":{"0":{"type":"branch","line":47,"loc":{"start":{"line":47,"column":2},"end":{"line":47,"column":57}},"locations":[{"start":{"line":47,"column":2},"end":{"line":47,"column":57}}]}},"b":{"0":[66]},"fnMap":{"0":{"name":"CancellationApi","decl":{"start":{"line":47,"column":2},"end":{"line":47,"column":57}},"loc":{"start":{"line":47,"column":2},"end":{"line":47,"column":57}},"line":47},"1":{"name":"getConditionalCancellationList","decl":{"start":{"line":93,"column":2},"end":{"line":95,"column":3}},"loc":{"start":{"line":93,"column":2},"end":{"line":95,"column":3}},"line":93},"2":{"name":"getConditionalCancellation","decl":{"start":{"line":131,"column":2},"end":{"line":133,"column":3}},"loc":{"start":{"line":131,"column":2},"end":{"line":133,"column":3}},"line":131},"3":{"name":"approveConditionalCancellation","decl":{"start":{"line":159,"column":2},"end":{"line":161,"column":3}},"loc":{"start":{"line":159,"column":2},"end":{"line":161,"column":3}},"line":159},"4":{"name":"rejectConditionalCancellation","decl":{"start":{"line":187,"column":2},"end":{"line":189,"column":3}},"loc":{"start":{"line":187,"column":2},"end":{"line":189,"column":3}},"line":187},"5":{"name":"getConditionalCancellationListV2","decl":{"start":{"line":239,"column":2},"end":{"line":241,"column":3}},"loc":{"start":{"line":239,"column":2},"end":{"line":241,"column":3}},"line":239},"6":{"name":"approveConditionalCancellationV2","decl":{"start":{"line":264,"column":2},"end":{"line":266,"column":3}},"loc":{"start":{"line":264,"column":2},"end":{"line":266,"column":3}},"line":264},"7":{"name":"rejectConditionalCancellationV2","decl":{"start":{"line":289,"column":2},"end":{"line":291,"column":3}},"loc":{"start":{"line":289,"column":2},"end":{"line":291,"column":3}},"line":289}},"f":{"0":66,"1":0,"2":0,"3":0,"4":0,"5":0,"6":0,"7":0}}
,"/Users/r2d2/Documents/Code_Projects/spacechemical-nextjs/bmad-ozon-seller-api/src/categories/category/index.ts": {"path":"/Users/r2d2/Documents/Code_Projects/spacechemical-nextjs/bmad-ozon-seller-api/src/categories/category/index.ts","all":false,"statementMap":{"48":{"start":{"line":49,"column":0},"end":{"line":49,"column":26}},"49":{"start":{"line":50,"column":0},"end":{"line":50,"column":57}},"104":{"start":{"line":105,"column":0},"end":{"line":105,"column":123}},"105":{"start":{"line":106,"column":0},"end":{"line":106,"column":143}},"106":{"start":{"line":107,"column":0},"end":{"line":107,"column":3}},"161":{"start":{"line":162,"column":0},"end":{"line":162,"column":136}},"162":{"start":{"line":163,"column":0},"end":{"line":163,"column":160}},"163":{"start":{"line":164,"column":0},"end":{"line":164,"column":3}},"228":{"start":{"line":229,"column":0},"end":{"line":229,"column":151}},"230":{"start":{"line":231,"column":0},"end":{"line":231,"column":70}},"231":{"start":{"line":232,"column":0},"end":{"line":232,"column":70}},"232":{"start":{"line":233,"column":0},"end":{"line":233,"column":5}},"234":{"start":{"line":235,"column":0},"end":{"line":235,"column":177}},"235":{"start":{"line":236,"column":0},"end":{"line":236,"column":3}},"289":{"start":{"line":290,"column":0},"end":{"line":290,"column":160}},"291":{"start":{"line":292,"column":0},"end":{"line":292,"column":69}},"292":{"start":{"line":293,"column":0},"end":{"line":293,"column":69}},"293":{"start":{"line":294,"column":0},"end":{"line":294,"column":5}},"295":{"start":{"line":296,"column":0},"end":{"line":296,"column":53}},"296":{"start":{"line":297,"column":0},"end":{"line":297,"column":78}},"297":{"start":{"line":298,"column":0},"end":{"line":298,"column":5}},"299":{"start":{"line":300,"column":0},"end":{"line":300,"column":190}},"300":{"start":{"line":301,"column":0},"end":{"line":301,"column":3}},"301":{"start":{"line":302,"column":0},"end":{"line":302,"column":1}}},"s":{"48":1,"49":1,"104":1,"105":0,"106":0,"161":1,"162":0,"163":0,"228":1,"230":0,"231":0,"232":0,"234":0,"235":0,"289":1,"291":0,"292":0,"293":0,"295":0,"296":0,"297":0,"299":0,"300":0,"301":1},"branchMap":{"0":{"type":"branch","line":50,"loc":{"start":{"line":50,"column":2},"end":{"line":50,"column":57}},"locations":[{"start":{"line":50,"column":2},"end":{"line":50,"column":57}}]}},"b":{"0":[66]},"fnMap":{"0":{"name":"CategoryApi","decl":{"start":{"line":50,"column":2},"end":{"line":50,"column":57}},"loc":{"start":{"line":50,"column":2},"end":{"line":50,"column":57}},"line":50},"1":{"name":"getCategoryTree","decl":{"start":{"line":105,"column":2},"end":{"line":107,"column":3}},"loc":{"start":{"line":105,"column":2},"end":{"line":107,"column":3}},"line":105},"2":{"name":"getCategoryAttributes","decl":{"start":{"line":162,"column":2},"end":{"line":164,"column":3}},"loc":{"start":{"line":162,"column":2},"end":{"line":164,"column":3}},"line":162},"3":{"name":"getCategoryAttributeValues","decl":{"start":{"line":229,"column":2},"end":{"line":236,"column":3}},"loc":{"start":{"line":229,"column":2},"end":{"line":236,"column":3}},"line":229},"4":{"name":"searchCategoryAttributeValues","decl":{"start":{"line":290,"column":2},"end":{"line":301,"column":3}},"loc":{"start":{"line":290,"column":2},"end":{"line":301,"column":3}},"line":290}},"f":{"0":66,"1":0,"2":0,"3":0,"4":0}}
,"/Users/r2d2/Documents/Code_Projects/spacechemical-nextjs/bmad-ozon-seller-api/src/categories/certification/index.ts": {"path":"/Users/r2d2/Documents/Code_Projects/spacechemical-nextjs/bmad-ozon-seller-api/src/categories/certification/index.ts","all":false,"statementMap":{"59":{"start":{"line":60,"column":0},"end":{"line":60,"column":31}},"60":{"start":{"line":61,"column":0},"end":{"line":61,"column":57}},"87":{"start":{"line":88,"column":0},"end":{"line":88,"column":121}},"88":{"start":{"line":89,"column":0},"end":{"line":89,"column":142}},"89":{"start":{"line":90,"column":0},"end":{"line":90,"column":3}},"117":{"start":{"line":118,"column":0},"end":{"line":118,"column":118}},"118":{"start":{"line":119,"column":0},"end":{"line":119,"column":142}},"119":{"start":{"line":120,"column":0},"end":{"line":120,"column":3}},"144":{"start":{"line":145,"column":0},"end":{"line":145,"column":124}},"145":{"start":{"line":146,"column":0},"end":{"line":146,"column":148}},"146":{"start":{"line":147,"column":0},"end":{"line":147,"column":3}},"173":{"start":{"line":174,"column":0},"end":{"line":174,"column":125}},"174":{"start":{"line":175,"column":0},"end":{"line":175,"column":148}},"175":{"start":{"line":176,"column":0},"end":{"line":176,"column":3}},"198":{"start":{"line":199,"column":0},"end":{"line":199,"column":121}},"199":{"start":{"line":200,"column":0},"end":{"line":200,"column":142}},"200":{"start":{"line":201,"column":0},"end":{"line":201,"column":3}},"226":{"start":{"line":227,"column":0},"end":{"line":227,"column":145}},"227":{"start":{"line":228,"column":0},"end":{"line":228,"column":167}},"228":{"start":{"line":229,"column":0},"end":{"line":229,"column":3}},"250":{"start":{"line":251,"column":0},"end":{"line":251,"column":128}},"251":{"start":{"line":252,"column":0},"end":{"line":252,"column":167}},"252":{"start":{"line":253,"column":0},"end":{"line":253,"column":3}},"274":{"start":{"line":275,"column":0},"end":{"line":275,"column":155}},"275":{"start":{"line":276,"column":0},"end":{"line":276,"column":198}},"276":{"start":{"line":277,"column":0},"end":{"line":277,"column":3}},"298":{"start":{"line":299,"column":0},"end":{"line":299,"column":138}},"299":{"start":{"line":300,"column":0},"end":{"line":300,"column":167}},"300":{"start":{"line":301,"column":0},"end":{"line":301,"column":3}},"324":{"start":{"line":325,"column":0},"end":{"line":325,"column":97}},"325":{"start":{"line":326,"column":0},"end":{"line":326,"column":169}},"326":{"start":{"line":327,"column":0},"end":{"line":327,"column":3}},"354":{"start":{"line":355,"column":0},"end":{"line":355,"column":124}},"355":{"start":{"line":356,"column":0},"end":{"line":356,"column":148}},"356":{"start":{"line":357,"column":0},"end":{"line":357,"column":3}},"370":{"start":{"line":371,"column":0},"end":{"line":371,"column":148}},"371":{"start":{"line":372,"column":0},"end":{"line":372,"column":162}},"372":{"start":{"line":373,"column":0},"end":{"line":373,"column":3}},"393":{"start":{"line":394,"column":0},"end":{"line":394,"column":114}},"394":{"start":{"line":395,"column":0},"end":{"line":395,"column":185}},"395":{"start":{"line":396,"column":0},"end":{"line":396,"column":3}},"416":{"start":{"line":417,"column":0},"end":{"line":417,"column":112}},"417":{"start":{"line":418,"column":0},"end":{"line":418,"column":188}},"418":{"start":{"line":419,"column":0},"end":{"line":419,"column":3}},"446":{"start":{"line":447,"column":0},"end":{"line":447,"column":154}},"448":{"start":{"line":449,"column":0},"end":{"line":449,"column":44}},"449":{"start":{"line":450,"column":0},"end":{"line":450,"column":71}},"450":{"start":{"line":451,"column":0},"end":{"line":451,"column":5}},"451":{"start":{"line":452,"column":0},"end":{"line":452,"column":82}},"452":{"start":{"line":453,"column":0},"end":{"line":453,"column":74}},"453":{"start":{"line":454,"column":0},"end":{"line":454,"column":5}},"455":{"start":{"line":456,"column":0},"end":{"line":456,"column":166}},"456":{"start":{"line":457,"column":0},"end":{"line":457,"column":3}},"457":{"start":{"line":458,"column":0},"end":{"line":458,"column":1}}},"s":{"59":1,"60":1,"87":1,"88":6,"89":6,"117":1,"118":3,"119":3,"144":1,"145":3,"146":3,"173":1,"174":2,"175":2,"198":1,"199":0,"200":0,"226":1,"227":1,"228":1,"250":1,"251":0,"252":0,"274":1,"275":2,"276":2,"298":1,"299":1,"300":1,"324":1,"325":1,"326":1,"354":1,"355":1,"356":1,"370":1,"371":1,"372":1,"393":1,"394":0,"395":0,"416":1,"417":1,"418":1,"446":1,"448":2,"449":0,"450":0,"451":2,"452":0,"453":0,"455":2,"456":2,"457":1},"branchMap":{"0":{"type":"branch","line":61,"loc":{"start":{"line":61,"column":2},"end":{"line":61,"column":57}},"locations":[{"start":{"line":61,"column":2},"end":{"line":61,"column":57}}]},"1":{"type":"branch","line":88,"loc":{"start":{"line":88,"column":2},"end":{"line":90,"column":3}},"locations":[{"start":{"line":88,"column":2},"end":{"line":90,"column":3}}]},"2":{"type":"branch","line":118,"loc":{"start":{"line":118,"column":2},"end":{"line":120,"column":3}},"locations":[{"start":{"line":118,"column":2},"end":{"line":120,"column":3}}]},"3":{"type":"branch","line":145,"loc":{"start":{"line":145,"column":2},"end":{"line":147,"column":3}},"locations":[{"start":{"line":145,"column":2},"end":{"line":147,"column":3}}]},"4":{"type":"branch","line":174,"loc":{"start":{"line":174,"column":2},"end":{"line":176,"column":3}},"locations":[{"start":{"line":174,"column":2},"end":{"line":176,"column":3}}]},"5":{"type":"branch","line":227,"loc":{"start":{"line":227,"column":2},"end":{"line":229,"column":3}},"locations":[{"start":{"line":227,"column":2},"end":{"line":229,"column":3}}]},"6":{"type":"branch","line":275,"loc":{"start":{"line":275,"column":2},"end":{"line":277,"column":3}},"locations":[{"start":{"line":275,"column":2},"end":{"line":277,"column":3}}]},"7":{"type":"branch","line":276,"loc":{"start":{"line":276,"column":174},"end":{"line":276,"column":189}},"locations":[{"start":{"line":276,"column":174},"end":{"line":276,"column":189}}]},"8":{"type":"branch","line":299,"loc":{"start":{"line":299,"column":2},"end":{"line":301,"column":3}},"locations":[{"start":{"line":299,"column":2},"end":{"line":301,"column":3}}]},"9":{"type":"branch","line":325,"loc":{"start":{"line":325,"column":2},"end":{"line":327,"column":3}},"locations":[{"start":{"line":325,"column":2},"end":{"line":327,"column":3}}]},"10":{"type":"branch","line":355,"loc":{"start":{"line":355,"column":2},"end":{"line":357,"column":3}},"locations":[{"start":{"line":355,"column":2},"end":{"line":357,"column":3}}]},"11":{"type":"branch","line":371,"loc":{"start":{"line":371,"column":2},"end":{"line":373,"column":3}},"locations":[{"start":{"line":371,"column":2},"end":{"line":373,"column":3}}]},"12":{"type":"branch","line":417,"loc":{"start":{"line":417,"column":2},"end":{"line":419,"column":3}},"locations":[{"start":{"line":417,"column":2},"end":{"line":419,"column":3}}]},"13":{"type":"branch","line":447,"loc":{"start":{"line":447,"column":2},"end":{"line":457,"column":3}},"locations":[{"start":{"line":447,"column":2},"end":{"line":457,"column":3}}]},"14":{"type":"branch","line":449,"loc":{"start":{"line":449,"column":43},"end":{"line":451,"column":5}},"locations":[{"start":{"line":449,"column":43},"end":{"line":451,"column":5}}]},"15":{"type":"branch","line":452,"loc":{"start":{"line":452,"column":81},"end":{"line":454,"column":5}},"locations":[{"start":{"line":452,"column":81},"end":{"line":454,"column":5}}]}},"b":{"0":[90],"1":[6],"2":[3],"3":[3],"4":[2],"5":[1],"6":[2],"7":[1],"8":[1],"9":[1],"10":[1],"11":[1],"12":[1],"13":[2],"14":[0],"15":[0]},"fnMap":{"0":{"name":"CertificationApi","decl":{"start":{"line":61,"column":2},"end":{"line":61,"column":57}},"loc":{"start":{"line":61,"column":2},"end":{"line":61,"column":57}},"line":61},"1":{"name":"getCertificateList","decl":{"start":{"line":88,"column":2},"end":{"line":90,"column":3}},"loc":{"start":{"line":88,"column":2},"end":{"line":90,"column":3}},"line":88},"2":{"name":"bindCertificate","decl":{"start":{"line":118,"column":2},"end":{"line":120,"column":3}},"loc":{"start":{"line":118,"column":2},"end":{"line":120,"column":3}},"line":118},"3":{"name":"createCertificate","decl":{"start":{"line":145,"column":2},"end":{"line":147,"column":3}},"loc":{"start":{"line":145,"column":2},"end":{"line":147,"column":3}},"line":145},"4":{"name":"deleteCertificates","decl":{"start":{"line":174,"column":2},"end":{"line":176,"column":3}},"loc":{"start":{"line":174,"column":2},"end":{"line":176,"column":3}},"line":174},"5":{"name":"getCertificateInfo","decl":{"start":{"line":199,"column":2},"end":{"line":201,"column":3}},"loc":{"start":{"line":199,"column":2},"end":{"line":201,"column":3}},"line":199},"6":{"name":"getCertificateProductsList","decl":{"start":{"line":227,"column":2},"end":{"line":229,"colu
[...]
7,"column":0},"end":{"line":17,"column":42}},"17":{"start":{"line":18,"column":0},"end":{"line":18,"column":21}},"18":{"start":{"line":19,"column":0},"end":{"line":19,"column":28}},"19":{"start":{"line":20,"column":0},"end":{"line":20,"column":24}},"20":{"start":{"line":21,"column":0},"end":{"line":21,"column":23}},"21":{"start":{"line":22,"column":0},"end":{"line":22,"column":23}},"22":{"start":{"line":23,"column":0},"end":{"line":23,"column":18}},"23":{"start":{"line":24,"column":0},"end":{"line":24,"column":23}},"24":{"start":{"line":25,"column":0},"end":{"line":25,"column":2}},"27":{"start":{"line":28,"column":0},"end":{"line":28,"column":62}},"28":{"start":{"line":29,"column":0},"end":{"line":29,"column":11}},"29":{"start":{"line":30,"column":0},"end":{"line":30,"column":12}},"30":{"start":{"line":31,"column":0},"end":{"line":31,"column":26}},"31":{"start":{"line":32,"column":0},"end":{"line":32,"column":7}},"32":{"start":{"line":33,"column":0},"end":{"line":33,"column":36}},"33":{"start":{"line":34,"column":0},"end":{"line":34,"column":56}},"34":{"start":{"line":35,"column":0},"end":{"line":35,"column":56}},"35":{"start":{"line":36,"column":0},"end":{"line":36,"column":33}},"36":{"start":{"line":37,"column":0},"end":{"line":37,"column":89}},"37":{"start":{"line":38,"column":0},"end":{"line":38,"column":48}},"38":{"start":{"line":39,"column":0},"end":{"line":39,"column":27}},"39":{"start":{"line":40,"column":0},"end":{"line":40,"column":35}},"40":{"start":{"line":41,"column":0},"end":{"line":41,"column":54}},"41":{"start":{"line":42,"column":0},"end":{"line":42,"column":29}},"42":{"start":{"line":43,"column":0},"end":{"line":43,"column":30}},"43":{"start":{"line":44,"column":0},"end":{"line":44,"column":24}},"44":{"start":{"line":45,"column":0},"end":{"line":45,"column":28}},"45":{"start":{"line":46,"column":0},"end":{"line":46,"column":8}},"46":{"start":{"line":47,"column":0},"end":{"line":47,"column":6}},"47":{"start":{"line":48,"column":0},"end":{"line":48,"column":51}},"48":{"start":{"line":49,"column":0},"end":{"line":49,"column":13}},"49":{"start":{"line":50,"column":0},"end":{"line":50,"column":4}},"50":{"start":{"line":51,"column":0},"end":{"line":51,"column":2}},"53":{"start":{"line":54,"column":0},"end":{"line":54,"column":66}},"54":{"start":{"line":55,"column":0},"end":{"line":55,"column":11}},"55":{"start":{"line":56,"column":0},"end":{"line":56,"column":5}},"56":{"start":{"line":57,"column":0},"end":{"line":57,"column":51}},"57":{"start":{"line":58,"column":0},"end":{"line":58,"column":42}},"58":{"start":{"line":59,"column":0},"end":{"line":59,"column":16}},"59":{"start":{"line":60,"column":0},"end":{"line":60,"column":18}},"60":{"start":{"line":61,"column":0},"end":{"line":61,"column":6}},"61":{"start":{"line":62,"column":0},"end":{"line":62,"column":5}},"62":{"start":{"line":63,"column":0},"end":{"line":63,"column":54}},"63":{"start":{"line":64,"column":0},"end":{"line":64,"column":42}},"64":{"start":{"line":65,"column":0},"end":{"line":65,"column":15}},"65":{"start":{"line":66,"column":0},"end":{"line":66,"column":18}},"66":{"start":{"line":67,"column":0},"end":{"line":67,"column":6}},"67":{"start":{"line":68,"column":0},"end":{"line":68,"column":4}},"68":{"start":{"line":69,"column":0},"end":{"line":69,"column":2}},"71":{"start":{"line":72,"column":0},"end":{"line":72,"column":66}},"72":{"start":{"line":73,"column":0},"end":{"line":73,"column":11}},"73":{"start":{"line":74,"column":0},"end":{"line":74,"column":12}},"74":{"start":{"line":75,"column":0},"end":{"line":75,"column":7}},"75":{"start":{"line":76,"column":0},"end":{"line":76,"column":53}},"76":{"start":{"line":77,"column":0},"end":{"line":77,"column":44}},"77":{"start":{"line":78,"column":0},"end":{"line":78,"column":26}},"78":{"start":{"line":79,"column":0},"end":{"line":79,"column":30}},"79":{"start":{"line":80,"column":0},"end":{"line":80,"column":29}},"80":{"start":{"line":81,"column":0},"end":{"line":81,"column":30}},"81":{"start":{"line":82,"column":0},"end":{"line":82,"column":8}},"82":{"start":{"line":83,"column":0},"end":{"line":83,"column":7}},"83":{"start":{"line":84,"column":0},"end":{"line":84,"column":56}},"84":{"start":{"line":85,"column":0},"end":{"line":85,"column":44}},"85":{"start":{"line":86,"column":0},"end":{"line":86,"column":26}},"86":{"start":{"line":87,"column":0},"end":{"line":87,"column":30}},"87":{"start":{"line":88,"column":0},"end":{"line":88,"column":29}},"88":{"start":{"line":89,"column":0},"end":{"line":89,"column":30}},"89":{"start":{"line":90,"column":0},"end":{"line":90,"column":8}},"90":{"start":{"line":91,"column":0},"end":{"line":91,"column":6}},"91":{"start":{"line":92,"column":0},"end":{"line":92,"column":4}},"92":{"start":{"line":93,"column":0},"end":{"line":93,"column":2}},"95":{"start":{"line":96,"column":0},"end":{"line":96,"column":74}},"96":{"start":{"line":97,"column":0},"end":{"line":97,"column":11}},"97":{"start":{"line":98,"column":0},"end":{"line":98,"column":5}},"98":{"start":{"line":99,"column":0},"end":{"line":99,"column":34}},"99":{"start":{"line":100,"column":0},"end":{"line":100,"column":51}},"100":{"start":{"line":101,"column":0},"end":{"line":101,"column":19}},"101":{"start":{"line":102,"column":0},"end":{"line":102,"column":9}},"102":{"start":{"line":103,"column":0},"end":{"line":103,"column":27}},"103":{"start":{"line":104,"column":0},"end":{"line":104,"column":24}},"104":{"start":{"line":105,"column":0},"end":{"line":105,"column":34}},"105":{"start":{"line":106,"column":0},"end":{"line":106,"column":19}},"106":{"start":{"line":107,"column":0},"end":{"line":107,"column":13}},"107":{"start":{"line":108,"column":0},"end":{"line":108,"column":41}},"108":{"start":{"line":109,"column":0},"end":{"line":109,"column":29}},"109":{"start":{"line":110,"column":0},"end":{"line":110,"column":14}},"110":{"start":{"line":111,"column":0},"end":{"line":111,"column":12}},"111":{"start":{"line":112,"column":0},"end":{"line":112,"column":10}},"112":{"start":{"line":113,"column":0},"end":{"line":113,"column":9}},"113":{"start":{"line":114,"column":0},"end":{"line":114,"column":30}},"114":{"start":{"line":115,"column":0},"end":{"line":115,"column":24}},"115":{"start":{"line":116,"column":0},"end":{"line":116,"column":40}},"116":{"start":{"line":117,"column":0},"end":{"line":117,"column":19}},"117":{"start":{"line":118,"column":0},"end":{"line":118,"column":13}},"118":{"start":{"line":119,"column":0},"end":{"line":119,"column":41}},"119":{"start":{"line":120,"column":0},"end":{"line":120,"column":29}},"120":{"start":{"line":121,"column":0},"end":{"line":121,"column":14}},"121":{"start":{"line":122,"column":0},"end":{"line":122,"column":12}},"122":{"start":{"line":123,"column":0},"end":{"line":123,"column":10}},"123":{"start":{"line":124,"column":0},"end":{"line":124,"column":9}},"124":{"start":{"line":125,"column":0},"end":{"line":125,"column":30}},"125":{"start":{"line":126,"column":0},"end":{"line":126,"column":24}},"126":{"start":{"line":127,"column":0},"end":{"line":127,"column":52}},"127":{"start":{"line":128,"column":0},"end":{"line":128,"column":19}},"128":{"start":{"line":129,"column":0},"end":{"line":129,"column":13}},"129":{"start":{"line":130,"column":0},"end":{"line":130,"column":37}},"130":{"start":{"line":131,"column":0},"end":{"line":131,"column":27}},"131":{"start":{"line":132,"column":0},"end":{"line":132,"column":14}},"132":{"start":{"line":133,"column":0},"end":{"line":133,"column":12}},"133":{"start":{"line":134,"column":0},"end":{"line":134,"column":10}},"134":{"start":{"line":135,"column":0},"end":{"line":135,"column":8}},"135":{"start":{"line":136,"column":0},"end":{"line":136,"column":6}},"136":{"start":{"line":137,"column":0},"end":{"line":137,"column":4}},"137":{"start":{"line":138,"column":0},"end":{"line":138,"column":2}},"140":{"start":{"line":141,"column":0},"end":{"line":141,"column":65}},"141":{"start":{"line":142,"column":0},"end":{"line":142,"column":11}},"142":{"start":{"line":143,"column":0},"end":{"line":143,"column":23}},"143":{"start":{"line":144,"column":0},"end":{"line":144,"column":4}},"144":{"start":{"line":145,"column":0},"end":{"line":145,"column":2}},"147":{"start":{"line":148,"column":0},"end":{"line":148,"column":71}},"148":{"start":{"line":149,"column":0},"end":{"line":149,"column":11}},"149":{"start":{"line":150,"column":0},"end":{"line":150,"column":13}},"150":{"start":{"line":151,"column":0},"end":{"line":151,"column":17}},"151":{"start":{"line":152,"column":0},"end":{"line":152,"column":25}},"152":{"start":{"line":153,"column":0},"end":{"line":153,"column":12}},"153":{"start":{"line":154,"column":0},"end":{"line":154,"column":7}},"154":{"start":{"line":155,"column":0},"end":{"line":155,"column":51}},"155":{"start":{"line":156,"column":0},"end":{"line":156,"column":44}},"156":{"start":{"line":157,"column":0},"end":{"line":157,"column":27}},"157":{"start":{"line":158,"column":0},"end":{"line":158,"column":19}},"158":{"start":{"line":159,"column":0},"end":{"line":159,"column":8}},"159":{"start":{"line":160,"column":0},"end":{"line":160,"column":7}},"160":{"start":{"line":161,"column":0},"end":{"line":161,"column":51}},"161":{"start":{"line":162,"column":0},"end":{"line":162,"column":44}},"162":{"start":{"line":163,"column":0},"end":{"line":163,"column":27}},"163":{"start":{"line":164,"column":0},"end":{"line":164,"column":19}},"164":{"start":{"line":165,"column":0},"end":{"line":165,"column":8}},"165":{"start":{"line":166,"column":0},"end":{"line":166,"column":7}},"166":{"start":{"line":167,"column":0},"end":{"line":167,"column":51}},"167":{"start":{"line":168,"column":0},"end":{"line":168,"column":25}},"168":{"start":{"line":169,"column":0},"end":{"line":169,"column":17}},"169":{"start":{"line":170,"column":0},"end":{"line":170,"column":11}},"170":{"start":{"line":171,"column":0},"end":{"line":171,"column":36}},"171":{"start":{"line":172,"column":0},"end":{"line":172,"column":68}},"172":{"start":{"line":173,"column":0},"end":{"line":173,"column":12}},"173":{"start":{"line":174,"column":0},"end":{"line":174,"column":10}},"174":{"start":{"line":175,"column":0},"end":{"line":175,"column":8}},"175":{"start":{"line":176,"column":0},"end":{"line":176,"column":6}},"176":{"start":{"line":177,"column":0},"end":{"line":177,"column":4}},"177":{"start":{"line":178,"column":0},"end":{"line":178,"column":2}},"180":{"start":{"line":181,"column":0},"end":{"line":181,"column":70}},"181":{"start":{"line":182,"column":0},"end":{"line":182,"column":11}},"182":{"start":{"line":183,"column":0},"end":{"line":183,"column":13}},"183":{"start":{"line":184,"column":0},"end":{"line":184,"column":17}},"184":{"start":{"line":185,"column":0},"end":{"line":185,"column":24}},"185":{"start":{"line":186,"column":0},"end":{"line":186,"column":12}},"186":{"start":{"line":187,"column":0},"end":{"line":187,"column":7}},"187":{"start":{"line":188,"column":0},"end":{"line":188,"column":51}},"188":{"start":{"line":189,"column":0},"end":{"line":189,"column":44}},"189":{"start":{"line":190,"column":0},"end":{"line":190,"column":27}},"190":{"start":{"line":191,"column":0},"end":{"line":191,"column":19}},"191":{"start":{"line":192,"column":0},"end":{"line":192,"column":8}},"192":{"start":{"line":193,"column":0},"end":{"line":193,"column":7}},"193":{"start":{"line":194,"column":0},"end":{"line":194,"column":51}},"194":{"start":{"line":195,"column":0},"end":{"line":195,"column":44}},"195":{"start":{"line":196,"column":0},"end":{"line":196,"column":27}},"196":{"start":{"line":197,"column":0},"end":{"line":197,"column":19}},"197":{"start":{"line":198,"column":0},"end":{"line":198,"column":8}},"198":{"start":{"line":199,"column":0},"end":{"line":199,"column":7}},"199":{"start":{"line":200,"column":0},"end":{"line":200,"column":51}},"200":{"start":{"line":201,"column":0},"end":{"line":201,"column":25}},"201":{"start":{"line":202,"column":0},"end":{"line":202,"column":17}},"202":{"start":{"line":203,"column":0},"end":{"line":203,"column":11}},"203":{"start":{"line":204,"column":0},"end":{"line":204,"column":36}},"204":{"start":{"line":205,"column":0},"end":{"line":205,"column":68}},"205":{"start":{"line":206,"column":0},"end":{"line":206,"column":12}},"206":{"start":{"line":207,"column":0},"end":{"line":207,"column":10}},"207":{"start":{"line":208,"column":0},"end":{"line":208,"column":8}},"208":{"start":{"line":209,"column":0},"end":{"line":209,"column":7}},"209":{"start":{"line":210,"column":0},"end":{"line":210,"column":51}},"210":{"start":{"line":211,"column":0},"end":{"line":211,"column":44}},"211":{"start":{"line":212,"column":0},"end":{"line":212,"column":27}},"212":{"start":{"line":213,"column":0},"end":{"line":213,"column":19}},"213":{"start":{"line":214,"column":0},"end":{"line":214,"column":8}},"214":{"start":{"line":215,"column":0},"end":{"line":215,"column":7}},"215":{"start":{"line":216,"column":0},"end":{"line":216,"column":51}},"216":{"start":{"line":217,"column":0},"end":{"line":217,"column":44}},"217":{"start":{"line":218,"column":0},"end":{"line":218,"column":27}},"218":{"start":{"line":219,"column":0},"end":{"line":219,"column":19}},"219":{"start":{"line":220,"column":0},"end":{"line":220,"column":8}},"220":{"start":{"line":221,"column":0},"end":{"line":221,"column":6}},"221":{"start":{"line":222,"column":0},"end":{"line":222,"column":4}},"222":{"start":{"line":223,"column":0},"end":{"line":223,"column":2}},"225":{"start":{"line":226,"column":0},"end":{"line":226,"column":72}},"226":{"start":{"line":227,"column":0},"end":{"line":227,"column":11}},"227":{"start":{"line":228,"column":0},"end":{"line":228,"column":5}},"228":{"start":{"line":229,"column":0},"end":{"line":229,"column":12}},"229":{"start":{"line":230,"column":0},"end":{"line":230,"column":38}},"230":{"start":{"line":231,"column":0},"end":{"line":231,"column":22}},"231":{"start":{"line":232,"column":0},"end":{"line":232,"column":6}},"232":{"start":{"line":233,"column":0},"end":{"line":233,"column":5}},"233":{"start":{"line":234,"column":0},"end":{"line":234,"column":12}},"234":{"start":{"line":235,"column":0},"end":{"line":235,"column":38}},"235":{"start":{"line":236,"column":0},"end":{"line":236,"column":23}},"236":{"start":{"line":237,"column":0},"end":{"line":237,"column":6}},"237":{"start":{"line":238,"column":0},"end":{"line":238,"column":5}},"238":{"start":{"line":239,"column":0},"end":{"line":239,"column":12}},"239":{"start":{"line":240,"column":0},"end":{"line":240,"column":58}},"240":{"start":{"line":241,"column":0},"end":{"line":241,"column":23}},"241":{"start":{"line":242,"column":0},"end":{"line":242,"column":6}},"242":{"start":{"line":243,"column":0},"end":{"line":243,"column":5}},"243":{"start":{"line":244,"column":0},"end":{"line":244,"column":12}},"244":{"start":{"line":245,"column":0},"end":{"line":245,"column":36}},"245":{"start":{"line":246,"column":0},"end":{"line":246,"column":23}},"246":{"start":{"line":247,"column":0},"end":{"line":247,"column":6}},"247":{"start":{"line":248,"column":0},"end":{"line":248,"column":4}},"248":{"start":{"line":249,"column":0},"end":{"line":249,"column":2}},"251":{"start":{"line":252,"column":0},"end":{"line":252,"column":57}},"252":{"start":{"line":253,"column":0},"end":{"line":253,"column":15}},"253":{"start":{"line":254,"column":0},"end":{"line":254,"column":2}},"256":{"start":{"line":257,"column":0},"end":{"line":257,"column":57}},"257":{"start":{"line":258,"column":0},"end":{"line":258,"column":16}},"258":{"start":{"line":259,"column":0},"end":{"line":259,"column":2}},"261":{"start":{"line":262,"column":0},"end":{"line":262,"column":45}},"262":{"start":{"line":263,"column":0},"end":{"line":263,"column":11}},"263":{"start":{"line":264,"column":0},"end":{"line":264,"column":22}},"264":{"start":{"line":265,"column":0},"end":{"line":265,"column":7}},"265":{"start":{"line":266,"column":0},"end":{"line":266,"column":33}},"266":{"start":{"line":267,"column":0},"end":{"line":267,"column":30}},"267":{"start":{"line":268,"column":0},"end":{"line":268,"column":31}},"268":{"start":{"line":269,"column":0},"end":{"line":269,"column":8}},"269":{"start":{"line":270,"column":0},"end":{"line":270,"column":7}},"270":{"start":{"line":271,"column":0},"end":{"line":271,"column":36}},"271":{"start":{"line":272,"column":0},"end":{"line":272,"column":29}},"272":{"start":{"line":273,"column":0},"end":{"line":273,"column":30}},"273":{"start":{"line":274,"column":0},"end":{"line":274,"column":8}},"274":{"start":{"line":275,"column":0},"end":{"line":275,"column":6}},"275":{"start":{"line":276,"column":0},"end":{"line":276,"column":4}},"276":{"start":{"line":277,"column":0},"end":{"line":277,"column":2}},"279":{"start":{"line":280,"column":0},"end":{"line":280,"column":59}},"280":{"start":{"line":281,"column":0},"end":{"line":281,"column":11}},"281":{"start":{"line":282,"column":0},"end":{"line":282,"column":14}},"282":{"start":{"line":283,"column":0},"end":{"line":283,"column":16}},"283":{"start":{"line":284,"column":0},"end":{"line":284,"column":13}},"284":{"start":{"line":285,"column":0},"end":{"line":285,"column":4}},"285":{"start":{"line":286,"column":0},"end":{"line":286,"column":2}},"287":{"start":{"line":288,"column":0},"end":{"line":288,"column":55}},"288":{"start":{"line":289,"column":0},"end":{"line":289,"column":13}},"289":{"start":{"line":290,"column":0},"end":{"line":290,"column":2}},"291":{"start":{"line":292,"column":0},"end":{"line":292,"column":55}},"292":{"start":{"line":293,"column":0},"end":{"line":293,"column":11}},"293":{"start":{"line":294,"column":0},"end":{"line":294,"column":14}},"294":{"start":{"line":295,"column":0},"end":{"line":295,"column":4}},"295":{"start":{"line":296,"column":0},"end":{"line":296,"column":2}},"297":{"start":{"line":298,"column":0},"end":{"line":298,"column":63}},"298":{"start":{"line":299,"column":0},"end":{"line":299,"column":13}},"299":{"start":{"line":300,"column":0},"end":{"line":300,"column":2}}},"s":{"5":1,"10":1,"11":1,"12":1,"13":1,"14":1,"15":1,"16":1,"17":1,"18":1,"19":1,"20":1,"21":1,"22":1,"23":1,"24":1,"27":1,"28":1,"29":1,"30":1,"31":1,"32":1,"33":1,"34":1,"35":1,"36":1,"37":1,"38":1,"39":1,"40":1,"41":1,"42":1,"43":1,"44":1,"45":1,"46":1,"47":1,"48":1,"49":1,"50":1,"53":1,"54":1,"55":1,"56":1,"57":1,"58":1,"59":1,"60":1,"61":1,"62":1,"63":1,"64":1,"65":1,"66":1,"67":1,"68":1,"71":1,"72":1,"73":1,"74":1,"75":1,"76":1,"77":1,"78":1,"79":1,"80":1,"81":1,"82":1,"83":1,"84":1,"85":1,"86":1,"87":1,"88":1,"89":1,"90":1,"91":1,"92":1,"95":1,"96":1,"97":1,"98":1,"99":1,"100":1,"101":1,"102":1,"103":1,"104":1,"105":1,"106":1,"107":1,"108":1,"109":1,"110":1,"111":1,"112":1,"113":1,"114":1,"115":1,"116":1,"117":1,"118":1,"119":1,"120":1,"121":1,"122":1,"123":1,"124":1,"125":1,"126":1,"127":1,"128":1,"129":1,"130":1,"131":1,"132":1,"133":1,"134":1,"135":1,"136":1,"137":1,"140":1,"141":1,"142":1,"143":1,"144":1,"147":1,"148":1,"149":1,"150":1,"151":1,"152":1,"153":1,"154":1,"155":1,"156":1,"157":1,"158":1,"159":1,"160":1,"161":1,"162":1,"163":1,"164":1,"165":1,"166":1,"167":1,"168":1,"169":1,"170":1,"171":1,"172":1,"173":1,"174":1,"175":1,"176":1,"177":1,"180":1,"181":1,"182":1,"183":1,"184":1,"185":1,"186":1,"187":1,"188":1,"189":1,"190":1,"191":1,"192":1,"193":1,"194":1,"195":1,"196":1,"197":1,"198":1,"199":1,"200":1,"201":1,"202":1,"203":1,"204":1,"205":1,"206":1,"207":1,"208":1,"209":1,"210":1,"211":1,"212":1,"213":1,"214":1,"215":1,"216":1,"217":1,"218":1,"219":1,"220":1,"221":1,"222":1,"225":1,"226":1,"227":1,"228":1,"229":1,"230":1,"231":1,"232":1,"233":1,"234":1,"235":1,"236":1,"237":1,"238":1,"239":1,"240":1,"241":1,"242":1,"243":1,"244":1,"245":1,"246":1,"247":1,"248":1,"251":1,"252":1,"253":1,"256":1,"257":1,"258":1,"261":1,"262":1,"263":1,"264":1,"265":1,"266":1,"267":1,"268":1,"269":1,"270":1,"271":1,"272":1,"273":1,"274":1,"275":1,"276":1,"279":1,"280":1,"281":1,"282":1,"283":1,"284":1,"285":1,"287":1,"288":1,"289":1,"291":1,"292":1,"293":1,"294":1,"295":1,"297":1,"298":1,"299":1},"branchMap":{},"b":{},"fnMap":{},"f":{}}
}
