{"/Users/r2d2/Documents/Code_Projects/spacechemical-nextjs/bmad-ozon-seller-api/.eslintrc.cjs": {"path":"/Users/r2d2/Documents/Code_Projects/spacechemical-nextjs/bmad-ozon-seller-api/.eslintrc.cjs","all":true,"statementMap":{"0":{"start":{"line":1,"column":0},"end":{"line":1,"column":18}},"1":{"start":{"line":2,"column":0},"end":{"line":2,"column":13}},"2":{"start":{"line":3,"column":0},"end":{"line":3,"column":38}},"3":{"start":{"line":4,"column":0},"end":{"line":4,"column":34}},"4":{"start":{"line":5,"column":0},"end":{"line":5,"column":34}},"5":{"start":{"line":6,"column":0},"end":{"line":6,"column":18}},"6":{"start":{"line":7,"column":0},"end":{"line":7,"column":22}},"7":{"start":{"line":8,"column":0},"end":{"line":8,"column":25}},"8":{"start":{"line":9,"column":0},"end":{"line":9,"column":4}},"9":{"start":{"line":10,"column":0},"end":{"line":10,"column":8}},"10":{"start":{"line":11,"column":0},"end":{"line":11,"column":15}},"11":{"start":{"line":12,"column":0},"end":{"line":12,"column":17}},"12":{"start":{"line":13,"column":0},"end":{"line":13,"column":18}},"13":{"start":{"line":14,"column":0},"end":{"line":14,"column":4}},"14":{"start":{"line":15,"column":0},"end":{"line":15,"column":10}},"15":{"start":{"line":16,"column":0},"end":{"line":16,"column":25}},"16":{"start":{"line":17,"column":0},"end":{"line":17,"column":28}},"17":{"start":{"line":18,"column":0},"end":{"line":18,"column":22}},"18":{"start":{"line":19,"column":0},"end":{"line":19,"column":32}},"19":{"start":{"line":20,"column":0},"end":{"line":20,"column":31}},"20":{"start":{"line":21,"column":0},"end":{"line":21,"column":50}},"21":{"start":{"line":22,"column":0},"end":{"line":22,"column":4}},"22":{"start":{"line":23,"column":0},"end":{"line":23,"column":32}},"23":{"start":{"line":24,"column":0},"end":{"line":24,"column":49}},"24":{"start":{"line":25,"column":0},"end":{"line":25,"column":49}},"25":{"start":{"line":26,"column":0},"end":{"line":26,"column":64}},"26":{"start":{"line":27,"column":0},"end":{"line":27,"column":65}},"27":{"start":{"line":28,"column":0},"end":{"line":28,"column":4}},"28":{"start":{"line":29,"column":0},"end":{"line":29,"column":35}},"29":{"start":{"line":30,"column":0},"end":{"line":30,"column":25}},"30":{"start":{"line":31,"column":0},"end":{"line":31,"column":4}},"31":{"start":{"line":32,"column":0},"end":{"line":32,"column":14}},"32":{"start":{"line":33,"column":0},"end":{"line":33,"column":5}},"33":{"start":{"line":34,"column":0},"end":{"line":34,"column":46}},"34":{"start":{"line":35,"column":0},"end":{"line":35,"column":14}},"35":{"start":{"line":36,"column":0},"end":{"line":36,"column":52}},"36":{"start":{"line":37,"column":0},"end":{"line":37,"column":28}},"37":{"start":{"line":38,"column":0},"end":{"line":38,"column":8}},"38":{"start":{"line":39,"column":0},"end":{"line":39,"column":6}},"39":{"start":{"line":40,"column":0},"end":{"line":40,"column":5}},"40":{"start":{"line":41,"column":0},"end":{"line":41,"column":78}},"41":{"start":{"line":42,"column":0},"end":{"line":42,"column":14}},"42":{"start":{"line":43,"column":0},"end":{"line":43,"column":66}},"43":{"start":{"line":44,"column":0},"end":{"line":44,"column":28}},"44":{"start":{"line":45,"column":0},"end":{"line":45,"column":8}},"45":{"start":{"line":46,"column":0},"end":{"line":46,"column":6}},"46":{"start":{"line":47,"column":0},"end":{"line":47,"column":4}},"47":{"start":{"line":48,"column":0},"end":{"line":48,"column":19}},"48":{"start":{"line":49,"column":0},"end":{"line":49,"column":20}},"49":{"start":{"line":50,"column":0},"end":{"line":50,"column":12}},"50":{"start":{"line":51,"column":0},"end":{"line":51,"column":19}},"51":{"start":{"line":52,"column":0},"end":{"line":52,"column":16}},"52":{"start":{"line":53,"column":0},"end":{"line":53,"column":13}},"53":{"start":{"line":54,"column":0},"end":{"line":54,"column":4}},"54":{"start":{"line":55,"column":0},"end":{"line":55,"column":2}}},"s":{"0":0,"1":0,"2":0,"3":0,"4":0,"5":0,"6":0,"7":0,"8":0,"9":0,"10":0,"11":0,"12":0,"13":0,"14":0,"15":0,"16":0,"17":0,"18":0,"19":0,"20":0,"21":0,"22":0,"23":0,"24":0,"25":0,"26":0,"27":0,"28":0,"29":0,"30":0,"31":0,"32":0,"33":0,"34":0,"35":0,"36":0,"37":0,"38":0,"39":0,"40":0,"41":0,"42":0,"43":0,"44":0,"45":0,"46":0,"47":0,"48":0,"49":0,"50":0,"51":0,"52":0,"53":0,"54":0},"branchMap":{"0":{"type":"branch","line":1,"loc":{"start":{"line":1,"column":0},"end":{"line":55,"column":2}},"locations":[{"start":{"line":1,"column":0},"end":{"line":55,"column":2}}]}},"b":{"0":[0]},"fnMap":{"0":{"name":"(empty-report)","decl":{"start":{"line":1,"column":0},"end":{"line":55,"column":2}},"loc":{"start":{"line":1,"column":0},"end":{"line":55,"column":2}},"line":1}},"f":{"0":0}}
,"/Users/r2d2/Documents/Code_Projects/spacechemical-nextjs/bmad-ozon-seller-api/vitest.config.ts": {"path":"/Users/r2d2/Documents/Code_Projects/spacechemical-nextjs/bmad-ozon-seller-api/vitest.config.ts","all":true,"statementMap":{"0":{"start":{"line":1,"column":0},"end":{"line":1,"column":45}},"2":{"start":{"line":3,"column":0},"end":{"line":3,"column":29}},"3":{"start":{"line":4,"column":0},"end":{"line":4,"column":9}},"4":{"start":{"line":5,"column":0},"end":{"line":5,"column":18}},"5":{"start":{"line":6,"column":0},"end":{"line":6,"column":24}},"6":{"start":{"line":7,"column":0},"end":{"line":7,"column":15}},"7":{"start":{"line":8,"column":0},"end":{"line":8,"column":41}},"8":{"start":{"line":9,"column":0},"end":{"line":9,"column":16}},"9":{"start":{"line":10,"column":0},"end":{"line":10,"column":24}},"10":{"start":{"line":11,"column":0},"end":{"line":11,"column":16}},"11":{"start":{"line":12,"column":0},"end":{"line":12,"column":23}},"12":{"start":{"line":13,"column":0},"end":{"line":13,"column":23}},"13":{"start":{"line":14,"column":0},"end":{"line":14,"column":24}},"14":{"start":{"line":15,"column":0},"end":{"line":15,"column":31}},"15":{"start":{"line":16,"column":0},"end":{"line":16,"column":8}},"16":{"start":{"line":17,"column":0},"end":{"line":17,"column":19}},"17":{"start":{"line":18,"column":0},"end":{"line":18,"column":17}},"18":{"start":{"line":19,"column":0},"end":{"line":19,"column":23}},"19":{"start":{"line":20,"column":0},"end":{"line":20,"column":24}},"20":{"start":{"line":21,"column":0},"end":{"line":21,"column":20}},"21":{"start":{"line":22,"column":0},"end":{"line":22,"column":25}},"22":{"start":{"line":23,"column":0},"end":{"line":23,"column":10}},"23":{"start":{"line":24,"column":0},"end":{"line":24,"column":8}},"24":{"start":{"line":25,"column":0},"end":{"line":25,"column":6}},"25":{"start":{"line":26,"column":0},"end":{"line":26,"column":23}},"26":{"start":{"line":27,"column":0},"end":{"line":27,"column":37}},"27":{"start":{"line":28,"column":0},"end":{"line":28,"column":4}},"28":{"start":{"line":29,"column":0},"end":{"line":29,"column":12}},"29":{"start":{"line":30,"column":0},"end":{"line":30,"column":12}},"30":{"start":{"line":31,"column":0},"end":{"line":31,"column":54}},"31":{"start":{"line":32,"column":0},"end":{"line":32,"column":6}},"32":{"start":{"line":33,"column":0},"end":{"line":33,"column":4}},"33":{"start":{"line":34,"column":0},"end":{"line":34,"column":3}}},"s":{"0":0,"2":0,"3":0,"4":0,"5":0,"6":0,"7":0,"8":0,"9":0,"10":0,"11":0,"12":0,"13":0,"14":0,"15":0,"16":0,"17":0,"18":0,"19":0,"20":0,"21":0,"22":0,"23":0,"24":0,"25":0,"26":0,"27":0,"28":0,"29":0,"30":0,"31":0,"32":0,"33":0},"branchMap":{"0":{"type":"branch","line":1,"loc":{"start":{"line":1,"column":686},"end":{"line":34,"column":3}},"locations":[{"start":{"line":1,"column":686},"end":{"line":34,"column":3}}]}},"b":{"0":[0]},"fnMap":{"0":{"name":"(empty-report)","decl":{"start":{"line":1,"column":686},"end":{"line":34,"column":3}},"loc":{"start":{"line":1,"column":686},"end":{"line":34,"column":3}},"line":1}},"f":{"0":0}}
,"/Users/r2d2/Documents/Code_Projects/spacechemical-nextjs/bmad-ozon-seller-api/vitest.integration.config.ts": {"path":"/Users/r2d2/Documents/Code_Projects/spacechemical-nextjs/bmad-ozon-seller-api/vitest.integration.config.ts","all":true,"statementMap":{"0":{"start":{"line":1,"column":0},"end":{"line":1,"column":45}},"2":{"start":{"line":3,"column":0},"end":{"line":3,"column":29}},"3":{"start":{"line":4,"column":0},"end":{"line":4,"column":9}},"4":{"start":{"line":5,"column":0},"end":{"line":5,"column":18}},"5":{"start":{"line":6,"column":0},"end":{"line":6,"column":24}},"6":{"start":{"line":7,"column":0},"end":{"line":7,"column":48}},"7":{"start":{"line":8,"column":0},"end":{"line":8,"column":15}},"8":{"start":{"line":9,"column":0},"end":{"line":9,"column":41}},"9":{"start":{"line":10,"column":0},"end":{"line":10,"column":16}},"10":{"start":{"line":11,"column":0},"end":{"line":11,"column":24}},"11":{"start":{"line":12,"column":0},"end":{"line":12,"column":16}},"12":{"start":{"line":13,"column":0},"end":{"line":13,"column":23}},"13":{"start":{"line":14,"column":0},"end":{"line":14,"column":23}},"14":{"start":{"line":15,"column":0},"end":{"line":15,"column":24}},"15":{"start":{"line":16,"column":0},"end":{"line":16,"column":31}},"16":{"start":{"line":17,"column":0},"end":{"line":17,"column":8}},"17":{"start":{"line":18,"column":0},"end":{"line":18,"column":19}},"18":{"start":{"line":19,"column":0},"end":{"line":19,"column":17}},"19":{"start":{"line":20,"column":0},"end":{"line":20,"column":23}},"20":{"start":{"line":21,"column":0},"end":{"line":21,"column":24}},"21":{"start":{"line":22,"column":0},"end":{"line":22,"column":20}},"22":{"start":{"line":23,"column":0},"end":{"line":23,"column":25}},"23":{"start":{"line":24,"column":0},"end":{"line":24,"column":10}},"24":{"start":{"line":25,"column":0},"end":{"line":25,"column":8}},"25":{"start":{"line":26,"column":0},"end":{"line":26,"column":6}},"26":{"start":{"line":27,"column":0},"end":{"line":27,"column":23}},"27":{"start":{"line":28,"column":0},"end":{"line":28,"column":37}},"28":{"start":{"line":29,"column":0},"end":{"line":29,"column":4}},"29":{"start":{"line":30,"column":0},"end":{"line":30,"column":12}},"30":{"start":{"line":31,"column":0},"end":{"line":31,"column":12}},"31":{"start":{"line":32,"column":0},"end":{"line":32,"column":54}},"32":{"start":{"line":33,"column":0},"end":{"line":33,"column":6}},"33":{"start":{"line":34,"column":0},"end":{"line":34,"column":4}},"34":{"start":{"line":35,"column":0},"end":{"line":35,"column":3}}},"s":{"0":0,"2":0,"3":0,"4":0,"5":0,"6":0,"7":0,"8":0,"9":0,"10":0,"11":0,"12":0,"13":0,"14":0,"15":0,"16":0,"17":0,"18":0,"19":0,"20":0,"21":0,"22":0,"23":0,"24":0,"25":0,"26":0,"27":0,"28":0,"29":0,"30":0,"31":0,"32":0,"33":0,"34":0},"branchMap":{"0":{"type":"branch","line":1,"loc":{"start":{"line":1,"column":735},"end":{"line":35,"column":3}},"locations":[{"start":{"line":1,"column":735},"end":{"line":35,"column":3}}]}},"b":{"0":[0]},"fnMap":{"0":{"name":"(empty-report)","decl":{"start":{"line":1,"column":735},"end":{"line":35,"column":3}},"loc":{"start":{"line":1,"column":735},"end":{"line":35,"column":3}},"line":1}},"f":{"0":0}}
,"/Users/r2d2/Documents/Code_Projects/spacechemical-nextjs/bmad-ozon-seller-api/dist-cjs/categories/analytics/index.d.ts": {"path":"/Users/r2d2/Documents/Code_Projects/spacechemical-nextjs/bmad-ozon-seller-api/dist-cjs/categories/analytics/index.d.ts","all":true,"statementMap":{},"s":{},"branchMap":{"0":{"type":"branch","line":1,"loc":{"start":{"line":1,"column":5249},"end":{"line":135,"column":35}},"locations":[{"start":{"line":1,"column":5249},"end":{"line":135,"column":35}}]}},"b":{"0":[1]},"fnMap":{"0":{"name":"(empty-report)","decl":{"start":{"line":1,"column":5249},"end":{"line":135,"column":35}},"loc":{"start":{"line":1,"column":5249},"end":{"line":135,"column":35}},"line":1}},"f":{"0":1}}
,"/Users/r2d2/Documents/Code_Projects/spacechemical-nextjs/bmad-ozon-seller-api/dist-cjs/categories/barcode/index.d.ts": {"path":"/Users/r2d2/Documents/Code_Projects/spacechemical-nextjs/bmad-ozon-seller-api/dist-cjs/categories/barcode/index.d.ts","all":true,"statementMap":{},"s":{},"branchMap":{"0":{"type":"branch","line":1,"loc":{"start":{"line":1,"column":7870},"end":{"line":213,"column":35}},"locations":[{"start":{"line":1,"column":7870},"end":{"line":213,"column":35}}]}},"b":{"0":[1]},"fnMap":{"0":{"name":"(empty-report)","decl":{"start":{"line":1,"column":7870},"end":{"line":213,"column":35}},"loc":{"start":{"line":1,"column":7870},"end":{"line":213,"column":35}},"line":1}},"f":{"0":1}}
,"/Users/r2d2/Documents/Code_Projects/spacechemical-nextjs/bmad-ozon-seller-api/dist-cjs/categories/beta-method/index.d.ts": {"path":"/Users/r2d2/Documents/Code_Projects/spacechemical-nextjs/bmad-ozon-seller-api/dist-cjs/categories/beta-method/index.d.ts","all":true,"statementMap":{},"s":{},"branchMap":{"0":{"type":"branch","line":1,"loc":{"start":{"line":1,"column":12235},"end":{"line":289,"column":35}},"locations":[{"start":{"line":1,"column":12235},"end":{"line":289,"column":35}}]}},"b":{"0":[1]},"fnMap":{"0":{"name":"(empty-report)","decl":{"start":{"line":1,"column":12235},"end":{"line":289,"column":35}},"loc":{"start":{"line":1,"column":12235},"end":{"line":289,"column":35}},"line":1}},"f":{"0":1}}
,"/Users/r2d2/Documents/Code_Projects/spacechemical-nextjs/bmad-ozon-seller-api/dist-cjs/categories/brand/index.d.ts": {"path":"/Users/r2d2/Documents/Code_Projects/spacechemical-nextjs/bmad-ozon-seller-api/dist-cjs/categories/brand/index.d.ts","all":true,"statementMap":{},"s":{},"branchMap":{"0":{"type":"branch","line":1,"loc":{"start":{"line":1,"column":2442},"end":{"line":71,"column":35}},"locations":[{"start":{"line":1,"column":2442},"end":{"line":71,"column":35}}]}},"b":{"0":[1]},"fnMap":{"0":{"name":"(empty-report)","decl":{"start":{"line":1,"column":2442},"end":{"line":71,"column":35}},"loc":{"start":{"line":1,"column":2442},"end":{"line":71,"column":35}},"line":1}},"f":{"0":1}}
,"/Users/r2d2/Documents/Code_Projects/spacechemical-nextjs/bmad-ozon-seller-api/dist-cjs/categories/cancellation/index.d.ts": {"path":"/Users/r2d2/Documents/Code_Projects/spacechemical-nextjs/bmad-ozon-seller-api/dist-cjs/categories/cancellation/index.d.ts","all":true,"statementMap":{},"s":{},"branchMap":{"0":{"type":"branch","line":1,"loc":{"start":{"line":1,"column":11195},"end":{"line":270,"column":35}},"locations":[{"start":{"line":1,"column":11195},"end":{"line":270,"column":35}}]}},"b":{"0":[1]},"fnMap":{"0":{"name":"(empty-report)","decl":{"start":{"line":1,"column":11195},"end":{"line":270,"column":35}},"loc":{"start":{"line":1,"column":11195},"end":{"line":270,"column":35}},"line":1}},"f":{"0":1}}
,"/Users/r2d2/Documents/Code_Projects/spacechemical-nextjs/bmad-ozon-seller-api/dist-cjs/categories/category/index.d.ts": {"path":"/Users/r2d2/Documents/Code_Projects/spacechemical-nextjs/bmad-ozon-seller-api/dist-cjs/categories/category/index.d.ts","all":true,"statementMap":{},"s":{},"branchMap":{"0":{"type":"branch","line":1,"loc":{"start":{"line":1,"column":10542},"end":{"line":276,"column":35}},"locations":[{"start":{"line":1,"column":10542},"end":{"line":276,"column":35}}]}},"b":{"0":[1]},"fnMap":{"0":{"name":"(empty-report)","decl":{"start":{"line":1,"column":10542},"end":{"line":276,"column":35}},"loc":{"start":{"line":1,"column":10542},"end":{"line":276,"column":35}},"line":1}},"f":{"0":1}}
,"/Users/r2d2/Documents/Code_Projects/spacechemical-nextjs/bmad-ozon-seller-api/dist-cjs/categories/certification/index.d.ts": {"path":"/Users/r2d2/Documents/Code_Projects/spacechemical-nextjs/bmad-ozon-seller-api/dist-cjs/categories/certification/index.d.ts","all":true,"statementMap":{},"s":{},"branchMap":{"0":{"type":"branch","line":1,"loc":{"start":{"line":1,"column":14774},"end":{"line":376,"column":35}},"locations":[{"start":{"line":1,"column":14774},"end":{"line":376,"column":35}}]}},"b":{"0":[1]},"fnMap":{"0":{"name":"(empty-report)","decl":{"start":{"line":1,"column":14774},"end":{"line":376,"column":35}},"loc":{"start":{"line":1,"column":14774},"end":{"line":376,"column":35}},"line":1}},"f":{"0":1}}
,"/Users/r2d2/Documents/Code_Projects/spacechemical-nextjs/bmad-ozon-seller-api/dist-cjs/categories/chat/index.d.ts": {"path":"/Users/r2d2/Documents/Code_Projects/spacechemical-nextjs/bmad-ozon-seller-api/dist-cjs/categories/chat/index.d.ts","all":true,"statementMap":{},"s":{},"branchMap":{"0":{"type":"branch","line":1,"loc":{"start":{"line":1,"column":8577},"end":{"line":251,"column":35}},"locations":[{"start":{"line":1,"column":8577},"end":{"line":251,"column":35}}]}},"b":{"0":[1]},"fnMap":{"0":{"name":"(empty-report)","decl":{"start":{"line":1,"column":8577},"end":{"line":251,"column":35}},"loc":{"start":{"line":1,"column":8577},"end":{"line":251,"column":35}},"line":1}},"f":{"0":1}}
,"/Users/r2d2/Documents/Code_Projects/spacechemical-nextjs/bmad-ozon-seller-api/dist-cjs/categories/delivery-fbs/index.d.ts": {"path":"/Users/r2d2/Documents/Code_Projects/spacechemical-nextjs/bmad-ozon-seller-api/dist-cjs/categories/delivery-fbs/index.d.ts","all":true,"statementMap":{},"s":{},"branchMap":{"0":{"type":"branch","line":1,"loc":{"start":{"line":1,"column":17748},"end":{"line":481,"column":35}},"locations":[{"start":{"line":1,"column":17748},"end":{"line":481,"column":35}}]}},"b":{"0":[1]},"fnMap":{"0":{"name":"(empty-report)","decl":{"start":{"line":1,"column":17748},"end":{"line":481,"column":35}},"loc":{"start":{"line":1,"column":17748},"end":{"line":481,"column":35}},"line":1}},"f":{"0":1}}
,"/Users/r2d2/Documents/Code_Projects/spacechemical-nextjs/bmad-ozon-seller-api/dist-cjs/categories/delivery-rfbs/index.d.ts": {"path":"/Users/r2d2/Documents/Code_Projects/spacechemical-nextjs/bmad-ozon-seller-api/dist-cjs/categories/delivery-rfbs/index.d.ts","all":true,"statementMap":{},"s":{},"branchMap":{"0":{"type":"branch","line":1,"loc":{"start":{"line":1,"column":7603},"end":{"line":206,"column":35}},"locations":[{"start":{"line":1,"column":7603},"end":{"line":206,"column":35}}]}},"b":{"0":[1]},"fnMap":{"0":{"name":"(empty-report)","decl":{"start":{"line":1,"column":7603},"end":{"line":206,"column":35}},"loc":{"start":{"line":1,"column":7603},"end":{"line":206,"column":35}},"line":1}},"f":{"0":1}}
,"/Users/r2d2/Documents/Code_Projects/spacechemical-nextjs/bmad-ozon-seller-api/dist-cjs/categories/digital/index.d.ts": {"path":"/Users/r2d2/Documents/Code_Projects/spacechemical-nextjs/bmad-ozon-seller-api/dist-cjs/categories/digital/index.d.ts","all":true,"statementMap":{},"s":{},"branchMap":{"0":{"type":"branch","line":1,"loc":{"start":{"line":1,"column":9587},"end":{"line":260,"column":35}},"locations":[{"start":{"line":1,"column":9587},"end":{"line":260,"column":35}}]}},"b":{"0":[1]},"fnMap":{"0":{"name":"(empty-report)","decl":{"start":{"line":1,"column":9587},"end":{"line":260,"column":35}},"loc":{"start":{"line":1,"column":9587},"end":{"line":260,"column":35}},"line":1}},"f":{"0":1}}
,"/Users/r2d2/Documents/Code_Projects/spacechemical-nextjs/bmad-ozon-seller-api/dist-cjs/categories/fbo/index.d.ts": {"path":"/Users/r2d2/Documents/Code_Projects/spacechemical-nextjs/bmad-ozon-seller-api/dist-cjs/categories/fbo/index.d.ts","all":true,"statementMap":{},"s":{},"branchMap":{"0":{"type":"branch","line":1,"loc":{"start":{"line":1,"column":11852},"end":{"line":313,"column":35}},"locations":[{"start":{"line":1,"column":11852},"end":{"line":313,"column":35}}]}},"b":{"0":[1]},"fnMap":{"0":{"name":"(empty-report)","decl":{"start":{"line":1,"column":11852},"end":{"line":313,"column":35}},"loc":{"start":{"line":1,"column":11852},"end":{"line":313,"column":35}},"line":1}},"f":{"0":1}}
,"/Users/r2d2/Documents/Code_Projects/spacechemical-nextjs/bmad-ozon-seller-api/dist-cjs/categories/fbo-supply-request/index.d.ts": {"path":"/Users/r2d2/Documents/Code_Projects/spacechemical-nextjs/bmad-ozon-seller-api/dist-cjs/categories/fbo-supply-request/index.d.ts","all":true,"statementMap":{},"s":{},"branchMap":{"0":{"type":"branch","line":1,"loc":{"start":{"line":1,"column":20962},"end":{"line":538,"column":35}},"locations":[{"start":{"line":1,"column":20962},"end":{"line":538,"column":35}}]}},"b":{"0":[1]},"fnMap":{"0":{"name":"(empty-report)","decl":{"start":{"line":1,"column":20962},"end":{"line":538,"column":35}},"loc":{"start":{"line":1,"column":20962},"end":{"line":538,"column":35}},"line":1}},"f":{"0":1}}
,"/Users/r2d2/Documents/Code_Projects/spacechemical-nextjs/bmad-ozon-seller-api/dist-cjs/categories/fbs/index.d.ts": {"path":"/Users/r2d2/Documents/Code_Projects/spacechemical-nextjs/bmad-ozon-seller-api/dist-cjs/categories/fbs/index.d.ts","all":true,"statementMap":{},"s":{},"branchMap":{"0":{"type":"branch","line":1,"loc":{"start":{"line":1,"column":21659},"end":{"line":597,"column":35}},"locations":[{"start":{"line":1,"column":21659},"end":{"line":597,"column":35}}]}},"b":{"0":[1]},"fnMap":{"0":{"name":"(empty-report)","decl":{"start":{"line":1,"column":21659},"end":{"line":597,"column":35}},"loc":{"start":{"line":1,"column":21659},"end":{"line":597,"column":35}},"line":1}},"f":{"0":1}}
,"/Users/r2d2/Documents/Code_Projects/spacechemical-nextjs/bmad-ozon-seller-api/dist-cjs/categories/fbs-rfbs-marks/index.d.ts": {"path":"/Users/r2d2/Documents/Code_Projects/spacechemical-nextjs/bmad-ozon-seller-api/dist-cjs/categories/fbs-rfbs-marks/index.d.ts","all":true,"statementMap":{},"s":{},"branchMap":{"0":{"type":"branch","line":1,"loc":{"start":{"line":1,"column":16308},"end":{"line":428,"column":35}},"locations":[{"start":{"line":1,"column":16308},"end":{"line":428,"column":35}}]}},"b":{"0":[1]},"fnMap":{"0":{"name":"(empty-report)","decl":{"start":{"line":1,"column":16308},"end":{"line":428,"column":35}},"loc":{"start":{"line":1,"column":16308},"end":{"line":428,"column":35}},"line":1}},"f":{"0":1}}
,"/Users/r2d2/Documents/Code_Projects/spacechemical-nextjs/bmad-ozon-seller-api/dist-cjs/categories/finance/index.d.ts": {"path":"/Users/r2d2/Documents/Code_Projects/spacechemical-nextjs/bmad-ozon-seller-api/dist-cjs/categories/finance/index.d.ts","all":true,"statementMap":{},"s":{},"branchMap":{"0":{"type":"branch","line":1,"loc":{"start":{"line":1,"column":6993},"end":{"line":165,"column":35}},"locations":[{"start":{"line":1,"column":6993},"end":{"line":165,"column":35}}]}},"b":{"0":[1]},"fnMap":{"0":{"name":"(empty-report)","decl":{"start":{"line":1,"column":6993},"end":{"line":165,"column":35}},"loc":{"start":{"line":1,"column":6993},"end":{"line":165,"column":35}},"line":1}},"f":{"0":1}}
,"/Users/r2d2/Documents/Code_Projects/spacechemical-nextjs/bmad-ozon-seller-api/dist-cjs/categories/pass/index.d.ts": {"path":"/Users/r2d2/Documents/Code_Projects/spacechemical-nextjs/bmad-ozon-seller-api/dist-cjs/categories/pass/index.d.ts","all":true,"statementMap":{},"s":{},"branchMap":{"0":{"type":"branch","line":1,"loc":{"start":{"line":1,"column":8733},"end":{"line":258,"column":35}},"locations":[{"start":{"line":1,"column":8733},"end":{"line":258,"column":35}}]}},"b":{"0":[1]},"fnMap":{"0":{"name":"(empty-report)","decl":{"start":{"line":1,"column":8733},"end":{"line":258,"column":35}},"loc":{"start":{"line":1,"column":8733},"end":{"line":258,"column":35}},"line":1}},"f":{"0":1}}
,"/Users/r2d2/Documents/Code_Projects/spacechemical-nextjs/bmad-ozon-seller-api/dist-cjs/categories/polygon/index.d.ts": {"path":"/Users/r2d2/Documents/Code_Projects/spacechemical-nextjs/bmad-ozon-seller-api/dist-cjs/categories/polygon/index.d.ts","all":true,"statementMap":{},"s":{},"branchMap":{"0":{"type":"branch","line":1,"loc":{"start":{"line":1,"column":7359},"end":{"line":211,"column":35}},"locations":[{"start":{"line":1,"column":7359},"end":{"line":211,"column":35}}]}},"b":{"0":[1]},"fnMap":{"0":{"name":"(empty-report)","decl":{"start":{"line":1,"column":7359},"end":{"line":211,"column":35}},"loc":{"start":{"line":1,"column":7359},"end":{"line":211,"column":35}},"line":1}},"f":{"0":1}}
,"/Users/r2d2/Documents/Code_Projects/spacechemical-nextjs/bmad-ozon-seller-api/dist-cjs/categories/premium/index.d.ts": {"path":"/Users/r2d2/Documents/Code_Projects/spacechemical-nextjs/bmad-ozon-seller-api/dist-cjs/categories/premium/index.d.ts","all":true,"statementMap":{},"s":{},"branchMap":{"0":{"type":"branch","line":1,"loc":{"start":{"line":1,"column":9744},"end":{"line":252,"column":35}},"locations":[{"start":{"line":1,"column":9744},"end":{"line":252,"column":35}}]}},"b":{"0":[1]},"fnMap":{"0":{"name":"(empty-report)","decl":{"start":{"line":1,"column":9744},"end":{"line":252,"column":35}},"loc":{"start":{"line":1,"column":9744},"end":{"line":252,"column":35}},"line":1}},"f":{"0":1}}
,"/Users/r2d2/Documents/Code_Projects/spacechemical-nextjs/bmad-ozon-seller-api/dist-cjs/categories/prices-stocks/index.d.ts": {"path":"/Users/r2d2/Documents/Code_Projects/spacechemical-nextjs/bmad-ozon-seller-api/dist-cjs/categories/prices-stocks/index.d.ts","all":true,"statementMap":{},"s":{},"branchMap":{"0":{"type":"branch","line":1,"loc":{"start":{"line":1,"column":10890},"end":{"line":297,"column":35}},"locations":[{"start":{"line":1,"column":10890},"end":{"line":297,"column":35}}]}},"b":{"0":[1]},"fnMap":{"0":{"name":"(empty-report)","decl":{"start":{"line":1,"column":10890},"end":{"line":297,"column":35}},"loc":{"start":{"line":1,"column":10890},"end":{"line":297,"column":35}},"line":1}},"f":{"0":1}}
,"/Users/r2d2/Documents/Code_Projects/spacechemical-nextjs/bmad-ozon-seller-api/dist-cjs/categories/pricing-strategy/index.d.ts": {"path":"/Users/r2d2/Documents/Code_Projects/spacechemical-nextjs/bmad-ozon-seller-api/dist-cjs/categories/pricing-strategy/index.d.ts","all":true,"statementMap":{},"s":{},"branchMap":{"0":{"type":"branch","line":1,"loc":{"start":{"line":1,"column":8610},"end":{"line":221,"column":35}},"locations":[{"start":{"line":1,"column":8610},"end":{"line":221,"column":35}}]}},"b":{"0":[1]},"fnMap":{"0":{"name":"(empty-report)","decl":{"start":{"line":1,"column":8610},"end":{"line":221,"column":35}},"loc":{"start":{"line":1,"column":8610},"end":{"line":221,"column":35}},"line":1}},"f":{"0":1}}
,"/Users/r2d2/Documents/Code_Projects/spacechemical-nextjs/bmad-ozon-seller-api/dist-cjs/categories/product/index.d.ts": {"path":"/Users/r2d2/Documents/Code_Projects/spacechemical-nextjs/bmad-ozon-seller-api/dist-cjs/categories/product/index.d.ts","all":true,"statementMap":{},"s":{},"branchMap":{"0":{"type":"branch","line":1,"loc":{"start":{"line":1,"column":17165},"end":{"line":434,"column":35}},"locations":[{"start":{"line":1,"column":17165},"end":{"line":434,"column":35}}]}},"b":{"0":[1]},"fnMap":{"0":{"name":"(empty-report)","decl":{"start":{"line":1,"column":17165},"end":{"line":434,"column":35}},"loc":{"start":{"line":1,"column":17165},"end":{"line":434,"column":35}},"line":1}},"f":{"0":1}}
,"/Users/r2d2/Documents/Code_Projects/spacechemical-nextjs/bmad-ozon-seller-api/dist-cjs/categories/promos/index.d.ts": {"path":"/Users/r2d2/Documents/Code_Projects/spacechemical-nextjs/bmad-ozon-seller-api/dist-cjs/categories/promos/index.d.ts","all":true,"statementMap":{},"s":{},"branchMap":{"0":{"type":"branch","line":1,"loc":{"start":{"line":1,"column":8926},"end":{"line":249,"column":35}},"locations":[{"start":{"line":1,"column":8926},"end":{"line":249,"column":35}}]}},"b":{"0":[1]},"fnMap":{"0":{"name":"(empty-report)","decl":{"start":{"line":1,"column":8926},"end":{"line":249,"column":35}},"loc":{"start":{"line":1,"column":8926},"end":{"line":249,"column":35}},"line":1}},"f":{"0":1}}
,"/Users/r2d2/Documents/Code_Projects/spacechemical-nextjs/bmad-ozon-seller-api/dist-cjs/categories/quants/index.d.ts": {"path":"/Users/r2d2/Documents/Code_Projects/spacechemical-nextjs/bmad-ozon-seller-api/dist-cjs/categories/quants/index.d.ts","all":true,"statementMap":{},"s":{},"branchMap":{"0":{"type":"branch","line":1,"loc":{"start":{"line":1,"column":2747},"end":{"line":85,"column":35}},"locations":[{"start":{"line":1,"column":2747},"end":{"line":85,"column":35}}]}},"b":{"0":[1]},"fnMap":{"0":{"name":"(empty-report)","decl":{"start":{"line":1,"column":2747},"end":{"line":85,"column":35}},"loc":{"start":{"line":1,"column":2747},"end":{"line":85,"column":35}},"line":1}},"f":{"0":1}}
,"/Users/r2d2/Documents/Code_Projects/spacechemical-nextjs/bmad-ozon-seller-api/dist-cjs/categories/questions-answers/index.d.ts": {"path":"/Users/r2d2/Documents/Code_Projects/spacechemical-nextjs/bmad-ozon-seller-api/dist-cjs/categories/questions-answers/index.d.ts","all":true,"statementMap":{},"s":{},"branchMap":{"0":{"type":"branch","line":1,"loc":{"start":{"line":1,"column":8650},"end":{"line":241,"column":35}},"locations":[{"start":{"line":1,"column":8650},"end":{"line":241,"column":35}}]}},"b":{"0":[1]},"fnMap":{"0":{"name":"(empty-report)","decl":{"start":{"line":1,"column":8650},"end":{"line":241,"column":35}},"loc":{"start":{"line":1,"column":8650},"end":{"line":241,"column":35}},"line":1}},"f":{"0":1}}
,"/Users/r2d2/Documents/Code_Projects/spacechemical-nextjs/bmad-ozon-seller-api/dist-cjs/categories/report/index.d.ts": {"path":"/Users/r2d2/Documents/Code_Projects/spacechemical-nextjs/bmad-ozon-seller-api/dist-cjs/categories/report/index.d.ts","all":true,"statementMap":{},"s":{},"branchMap":{"0":{"type":"branch","line":1,"loc":{"start":{"line":1,"column":8760},"end":{"line":230,"column":35}},"locations":[{"start":{"line":1,"column":8760},"end":{"line":230,"column":35}}]}},"b":{"0":[1]},"fnMap":{"0":{"name":"(empty-report)","decl":{"start":{"line":1,"column":8760},"end":{"line":230,"column":35}},"loc":{"start":{"line":1,"column":8760},"end":{"line":230,"column":35}},"line":1}},"f":{"0":1}}
,"/Users/r2d2/Documents/Code_Projects/spacechemical-nextjs/bmad-ozon-seller-api/dist-cjs/categories/return/index.d.ts": {"path":"/Users/r2d2/Documents/Code_Projects/spacechemical-nextjs/bmad-ozon-seller-api/dist-cjs/categories/return/index.d.ts","all":true,"statementMap":{},"s":{},"branchMap":{"0":{"type":"branch","line":1,"loc":{"start":{"line":1,"column":5209},"end":{"line":144,"column":35}},"locations":[{"start":{"line":1,"column":5209},"end":{"line":144,"column":35}}]}},"b":{"0":[1]},"fnMap":{"0":{"name":"(empty-report)","decl":{"start":{"line":1,"column":5209},"end":{"line":144,"column":35}},"loc":{"start":{"line":1,"column":5209},"end":{"line":144,"column":35}},"line":1}},"f":{"0":1}}
,"/Users/r2d2/Documents/Code_Projects/spacechemical-nextjs/bmad-ozon-seller-api/dist-cjs/categories/returns/index.d.ts": {"path":"/Users/r2d2/Documents/Code_Projects/spacechemical-nextjs/bmad-ozon-seller-api/dist-cjs/categories/returns/index.d.ts","all":true,"statementMap":{},"s":{},"branchMap":{"0":{"type":"branch","line":1,"loc":{"start":{"line":1,"column":1697},"end":{"line":55,"column":35}},"locations":[{"start":{"line":1,"column":1697},"end":{"line":55,"column":35}}]}},"b":{"0":[1]},"fnMap":{"0":{"name":"(empty-report)","decl":{"start":{"line":1,"column":1697},"end":{"line":55,"column":35}},"loc":{"start":{"line":1,"column":1697},"end":{"line":55,"column":35}},"line":1}},"f":{"0":1}}
,"/Users/r2d2/Documents/Code_Projects/spacechemical-nextjs/bmad-ozon-seller-api/dist-cjs/categories/review/index.d.ts": {"path":"/Users/r2d2/Documents/Code_Projects/spacechemical-nextjs/bmad-ozon-seller-api/dist-cjs/categories/review/index.d.ts","all":true,"statementMap":{},"s":{},"branchMap":{"0":{"type":"branch","line":1,"loc":{"start":{"line":1,"column":7026},"end":{"line":204,"column":35}},"locations":[{"start":{"line":1,"column":7026},"end":{"line":204,"column":35}}]}},"b":{"0":[1]},"fnMap":{"0":{"name":"(empty-report)","decl":{"start":{"line":1,"column":7026},"end":{"line":204,"column":35}},"loc":{"start":{"line":1,"column":7026},"end":{"line":204,"column":35}},"line":1}},"f":{"0":1}}
,"/Users/r2d2/Documents/Code_Projects/spacechemical-nextjs/bmad-ozon-seller-api/dist-cjs/categories/rfbs-returns/index.d.ts": {"path":"/Users/r2d2/Documents/Code_Projects/spacechemical-nextjs/bmad-ozon-seller-api/dist-cjs/categories/rfbs-returns/index.d.ts","all":true,"statementMap":{},"s":{},"branchMap":{"0":{"type":"branch","line":1,"loc":{"start":{"line":1,"column":7242},"end":{"line":211,"column":35}},"locations":[{"start":{"line":1,"column":7242},"end":{"line":211,"column":35}}]}},"b":{"0":[1]},"fnMap":{"0":{"name":"(empty-report)","decl":{"start":{"line":1,"column":7242},"end":{"line":211,"column":35}},"loc":{"start":{"line":1,"column":7242},"end":{"line":211,"column":35}},"line":1}},"f":{"0":1}}
,"/Users/r2d2/Documents/Code_Projects/spacechemical-nextjs/bmad-ozon-seller-api/dist-cjs/categories/seller-rating/index.d.ts": {"path":"/Users/r2d2/Documents/Code_Projects/spacechemical-nextjs/bmad-ozon-seller-api/dist-cjs/categories/seller-rating/index.d.ts","all":true,"statementMap":{},"s":{},"branchMap":{"0":{"type":"branch","line":1,"loc":{"start":{"line":1,"column":8688},"end":{"line":208,"column":35}},"locations":[{"start":{"line":1,"column":8688},"end":{"line":208,"column":35}}]}},"b":{"0":[1]},"fnMap":{"0":{"name":"(empty-report)","decl":{"start":{"line":1,"column":8688},"end":{"line":208,"column":35}},"loc":{"start":{"line":1,"column":8688},"end":{"line":208,"column":35}},"line":1}},"f":{"0":1}}
,"/Users/r2d2/Documents/Code_Projects/spacechemical-nextjs/bmad-ozon-seller-api/dist-cjs/categories/supplier/index.d.ts": {"path":"/Users/r2d2/Documents/Code_Projects/spacechemical-nextjs/bmad-ozon-seller-api/dist-cjs/categories/supplier/index.d.ts","all":true,"statementMap":{},"s":{},"branchMap":{"0":{"type":"branch","line":1,"loc":{"start":{"line":1,"column":5001},"end":{"line":147,"column":35}},"locations":[{"start":{"line":1,"column":5001},"end":{"line":147,"column":35}}]}},"b":{"0":[1]},"fnMap":{"0":{"name":"(empty-report)","decl":{"start":{"line":1,"column":5001},"end":{"line":147,"column":35}},"loc":{"start":{"line":1,"column":5001},"end":{"line":147,"column":35}},"line":1}},"f":{"0":1}}
,"/Users/r2d2/Documents/Code_Projects/spacechemical-nextjs/bmad-ozon-seller-api/dist-cjs/categories/warehouse/index.d.ts": {"path":"/Users/r2d2/Documents/Code_Projects/spacechemical-nextjs/bmad-ozon-seller-api/dist-cjs/categories/warehouse/index.d.ts","all":true,"statementMap":{},"s":{},"branchMap":{"0":{"type":"branch","line":1,"loc":{"start":{"line":1,"column":4374},"end":{"line":120,"column":35}},"locations":[{"start":{"line":1,"column":4374},"end":{"line":120,"column":35}}]}},"b":{"0":[1]},"fnMap":{"0":{"name":"(empty-report)","decl":{"start":{"line":1,"column":4374},"end":{"line":120,"column":35}},"loc":{"start":{"line":1,"column":4374},"end":{"line":120,"column":35}},"line":1}},"f":{"0":1}}
,"/Users/r2d2/Documents/Code_Projects/spacechemical-nextjs/bmad-ozon-seller-api/dist-cjs/core/auth.d.ts": {"path":"/Users/r2d2/Documents/Code_Projects/spacechemical-nextjs/bmad-ozon-seller-api/dist-cjs/core/auth.d.ts","all":true,"statementMap":{},"s":{},"branchMap":{"0":{"type":"branch","line":1,"loc":{"start":{"line":1,"column":861},"end":{"line":32,"column":34}},"locations":[{"start":{"line":1,"column":861},"end":{"line":32,"column":34}}]}},"b":{"0":[1]},"fnMap":{"0":{"name":"(empty-report)","decl":{"start":{"line":1,"column":861},"end":{"line":32,"column":34}},"loc":{"start":{"line":1,"column":861},"end":{"line":32,"column":34}},"line":1}},"f":{"0":1}}
,"/Users/r2d2/Documents/Code_Projects/spacechemical-nextjs/bmad-ozon-seller-api/dist-cjs/core/client.d.ts": {"path":"/Users/r2d2/Documents/Code_Projects/spacechemical-nextjs/bmad-ozon-seller-api/dist-cjs/core/client.d.ts","all":true,"statementMap":{},"s":{},"branchMap":{"0":{"type":"branch","line":1,"loc":{"start":{"line":1,"column":3404},"end":{"line":93,"column":36}},"locations":[{"start":{"line":1,"column":3404},"end":{"line":93,"column":36}}]}},"b":{"0":[1]},"fnMap":{"0":{"name":"(empty-report)","decl":{"start":{"line":1,"column":3404},"end":{"line":93,"column":36}},"loc":{"start":{"line":1,"column":3404},"end":{"line":93,"column":36}},"line":1}},"f":{"0":1}}
,"/Users/r2d2/Documents/Code_Projects/spacechemical-nextjs/bmad-ozon-seller-api/dist-cjs/core/errors.d.ts": {"path":"/Users/r2d2/Documents/Code_Projects/spacechemical-nextjs/bmad-ozon-seller-api/dist-cjs/core/errors.d.ts","all":true,"statementMap":{},"s":{},"branchMap":{"0":{"type":"branch","line":1,"loc":{"start":{"line":1,"column":2956},"end":{"line":58,"column":36}},"locations":[{"start":{"line":1,"column":2956},"end":{"line":58,"column":36}}]}},"b":{"0":[1]},"fnMap":{"0":{"name":"(empty-report)","decl":{"start":{"line":1,"column":2956},"end":{"line":58,"column":36}},"loc":{"start":{"line":1,"column":2956},"end":{"line":58,"column":36}},"line":1}},"f":{"0":1}}
,"/Users/r2d2/Documents/Code_Projects/spacechemical-nextjs/bmad-ozon-seller-api/dist-cjs/core/http.d.ts": {"path":"/Users/r2d2/Documents/Code_Projects/spacechemical-nextjs/bmad-ozon-seller-api/dist-cjs/core/http.d.ts","all":true,"statementMap":{},"s":{},"branchMap":{"0":{"type":"branch","line":1,"loc":{"start":{"line":1,"column":1879},"end":{"line":59,"column":34}},"locations":[{"start":{"line":1,"column":1879},"end":{"line":59,"column":34}}]}},"b":{"0":[1]},"fnMap":{"0":{"name":"(empty-report)","decl":{"start":{"line":1,"column":1879},"end":{"line":59,"column":34}},"loc":{"start":{"line":1,"column":1879},"end":{"line":59,"column":34}},"line":1}},"f":{"0":1}}
,"/Users/r2d2/Documents/Code_Projects/spacechemical-nextjs/bmad-ozon-seller-api/dist-cjs/core/types.d.ts": {"path":"/Users/r2d2/Documents/Code_Projects/spacechemical-nextjs/bmad-ozon-seller-api/dist-cjs/core/types.d.ts","all":true,"statementMap":{},"s":{},"branchMap":{"0":{"type":"branch","line":1,"loc":{"start":{"line":1,"column":2355},"end":{"line":78,"column":35}},"locations":[{"start":{"line":1,"column":2355},"end":{"line":78,"column":35}}]}},"b":{"0":[1]},"fnMap":{"0":{"name":"(empty-report)","decl":{"start":{"line":1,"column":2355},"end":{"line":78,"column":35}},"loc":{"start":{"line":1,"column":2355},"end":{"line":78,"column":35}},"line":1}},"f":{"0":1}}
,"/Users/r2d2/Documents/Code_Projects/spacechemical-nextjs/bmad-ozon-seller-api/dist-cjs/types/common/base.d.ts": {"path":"/Users/r2d2/Documents/Code_Projects/spacechemical-nextjs/bmad-ozon-seller-api/dist-cjs/types/common/base.d.ts","all":true,"statementMap":{},"s":{},"branchMap":{"0":{"type":"branch","line":1,"loc":{"start":{"line":1,"column":4483},"end":{"line":144,"column":34}},"locations":[{"start":{"line":1,"column":4483},"end":{"line":144,"column":34}}]}},"b":{"0":[1]},"fnMap":{"0":{"name":"(empty-report)","decl":{"start":{"line":1,"column":4483},"end":{"line":144,"column":34}},"loc":{"start":{"line":1,"column":4483},"end":{"line":144,"column":34}},"line":1}},"f":{"0":1}}
,"/Users/r2d2/Documents/Code_Projects/spacechemical-nextjs/bmad-ozon-seller-api/dist-cjs/types/requests/analytics.d.ts": {"path":"/Users/r2d2/Documents/Code_Projects/spacechemical-nextjs/bmad-ozon-seller-api/dist-cjs/types/requests/analytics.d.ts","all":true,"statementMap":{},"s":{},"branchMap":{"0":{"type":"branch","line":1,"loc":{"start":{"line":1,"column":2858},"end":{"line":97,"column":39}},"locations":[{"start":{"line":1,"column":2858},"end":{"line":97,"column":39}}]}},"b":{"0":[1]},"fnMap":{"0":{"name":"(empty-report)","decl":{"start":{"line":1,"column":2858},"end":{"line":97,"column":39}},"loc":{"start":{"line":1,"column":2858},"end":{"line":97,"column":39}},"line":1}},"f":{"0":1}}
,"/Users/r2d2/Documents/Code_Projects/spacechemical-nextjs/bmad-ozon-seller-api/dist-cjs/types/requests/barcode.d.ts": {"path":"/Users/r2d2/Documents/Code_Projects/spacechemical-nextjs/bmad-ozon-seller-api/dist-cjs/types/requests/barcode.d.ts","all":true,"statementMap":{},"s":{},"branchMap":{"0":{"type":"branch","line":1,"loc":{"start":{"line":1,"column":1219},"end":{"line":47,"column":37}},"locations":[{"start":{"line":1,"column":1219},"end":{"line":47,"column":37}}]}},"b":{"0":[1]},"fnMap":{"0":{"name":"(empty-report)","decl":{"start":{"line":1,"column":1219},"end":{"line":47,"column":37}},"loc":{"start":{"line":1,"column":1219},"end":{"line":47,"column":37}},"line":1}},"f":{"0":1}}
,"/Users/r2d2/Documents/Code_Projects/spacechemical-nextjs/bmad-ozon-seller-api/dist-cjs/types/requests/beta-method.d.ts": {"path":"/Users/r2d2/Documents/Code_Projects/spacechemical-nextjs/bmad-ozon-seller-api/dist-cjs/types/requests/beta-method.d.ts","all":true,"statementMap":{},"s":{},"branchMap":{"0":{"type":"branch","line":1,"loc":{"start":{"line":1,"column":5745},"end":{"line":219,"column":41}},"locations":[{"start":{"line":1,"column":5745},"end":{"line":219,"column":41}}]}},"b":{"0":[1]},"fnMap":{"0":{"name":"(empty-report)","decl":{"start":{"line":1,"column":5745},"end":{"line":219,"column":41}},"loc":{"start":{"line":1,"column":5745},"end":{"line":219,"column":41}},"line":1}},"f":{"0":1}}
,"/Users/r2d2/Documents/Code_Projects/spacechemical-nextjs/bmad-ozon-seller-api/dist-cjs/types/requests/brand.d.ts": {"path":"/Users/r2d2/Documents/Code_Projects/spacechemical-nextjs/bmad-ozon-seller-api/dist-cjs/types/requests/brand.d.ts","all":true,"statementMap":{},"s":{},"branchMap":{"0":{"type":"branch","line":1,"loc":{"start":{"line":1,"column":483},"end":{"line":17,"column":35}},"locations":[{"start":{"line":1,"column":483},"end":{"line":17,"column":35}}]}},"b":{"0":[1]},"fnMap":{"0":{"name":"(empty-report)","decl":{"start":{"line":1,"column":483},"end":{"line":17,"column":35}},"loc":{"start":{"line":1,"column":483},"end":{"line":17,"column":35}},"line":1}},"f":{"0":1}}
,"/Users/r2d2/Documents/Code_Projects/spacechemical-nextjs/bmad-ozon-seller-api/dist-cjs/types/requests/cancellation.d.ts": {"path":"/Users/r2d2/Documents/Code_Projects/spacechemical-nextjs/bmad-ozon-seller-api/dist-cjs/types/requests/cancellation.d.ts","all":true,"statementMap":{},"s":{},"branchMap":{"0":{"type":"branch","line":1,"loc":{"start":{"line":1,"column":4931},"end":{"line":201,"column":42}},"locations":[{"start":{"line":1,"column":4931},"end":{"line":201,"column":42}}]}},"b":{"0":[1]},"fnMap":{"0":{"name":"(empty-report)","decl":{"start":{"line":1,"column":4931},"end":{"line":201,"column":42}},"loc":{"start":{"line":1,"column":4931},"end":{"line":201,"column":42}},"line":1}},"f":{"0":1}}
,"/Users/r2d2/Documents/Code_Projects/spacechemical-nextjs/bmad-ozon-seller-api/dist-cjs/types/requests/category.d.ts": {"path":"/Users/r2d2/Documents/Code_Projects/spacechemical-nextjs/bmad-ozon-seller-api/dist-cjs/types/requests/category.d.ts","all":true,"statementMap":{},"s":{},"branchMap":{"0":{"type":"branch","line":1,"loc":{"start":{"line":1,"column":2667},"end":{"line":114,"column":38}},"locations":[{"start":{"line":1,"column":2667},"end":{"line":114,"column":38}}]}},"b":{"0":[1]},"fnMap":{"0":{"name":"(empty-report)","decl":{"start":{"line":1,"column":2667},"end":{"line":114,"column":38}},"loc":{"start":{"line":1,"column":2667},"end":{"line":114,"column":38}},"line":1}},"f":{"0":1}}
,"/Users/r2d2/Documents/Code_Projects/spacechemical-nextjs/bmad-ozon-seller-api/dist-cjs/types/requests/certification.d.ts": {"path":"/Users/r2d2/Documents/Code_Projects/spacechemical-nextjs/bmad-ozon-seller-api/dist-cjs/types/requests/certification.d.ts","all":true,"statementMap":{},"s":{},"branchMap":{"0":{"type":"branch","line":1,"loc":{"start":{"line":1,"column":3887},"end":{"line":137,"column":43}},"locations":[{"start":{"line":1,"column":3887},"end":{"line":137,"column":43}}]}},"b":{"0":[1]},"fnMap":{"0":{"name":"(empty-report)","decl":{"start":{"line":1,"column":3887},"end":{"line":137,"column":43}},"loc":{"start":{"line":1,"column":3887},"end":{"line":137,"column":43}},"line":1}},"f":{"0":1}}
,"/Users/r2d2/Documents/Code_Projects/spacechemical-nextjs/bmad-ozon-seller-api/dist-cjs/types/requests/chat.d.ts": {"path":"/Users/r2d2/Documents/Code_Projects/spacechemical-nextjs/bmad-ozon-seller-api/dist-cjs/types/requests/chat.d.ts","all":true,"statementMap":{},"s":{},"branchMap":{"0":{"type":"branch","line":1,"loc":{"start":{"line":1,"column":4238},"end":{"line":149,"column":34}},"locations":[{"start":{"line":1,"column":4238},"end":{"line":149,"column":34}}]}},"b":{"0":[1]},"fnMap":{"0":{"name":"(empty-report)","decl":{"start":{"line":1,"column":4238},"end":{"line":149,"column":34}},"loc":{"start":{"line":1,"column":4238},"end":{"line":149,"column":34}},"line":1}},"f":{"0":1}}
,"/Users/r2d2/Documents/Code_Projects/spacechemical-nextjs/bmad-ozon-seller-api/dist-cjs/types/requests/delivery-fbs.d.ts": {"path":"/Users/r2d2/Documents/Code_Projects/spacechemical-nextjs/bmad-ozon-seller-api/dist-cjs/types/requests/delivery-fbs.d.ts","all":true,"statementMap":{},"s":{},"branchMap":{"0":{"type":"branch","line":1,"loc":{"start":{"line":1,"column":6353},"end":{"line":284,"column":42}},"locations":[{"start":{"line":1,"column":6353},"end":{"line":284,"column":42}}]}},"b":{"0":[1]},"fnMap":{"0":{"name":"(empty-report)","decl":{"start":{"line":1,"column":6353},"end":{"line":284,"column":42}},"loc":{"start":{"line":1,"column":6353},"end":{"line":284,"column":42}},"line":1}},"f":{"0":1}}
,"/Users/r2d2/Documents/Code_Projects/spacechemical-nextjs/bmad-ozon-seller-api/dist-cjs/types/requests/delivery-rfbs.d.ts": {"path":"/Users/r2d2/Documents/Code_Projects/spacechemical-nextjs/bmad-ozon-seller-api/dist-cjs/types/requests/delivery-rfbs.d.ts","all":true,"statementMap":{},"s":{},"branchMap":{"0":{"type":"branch","line":1,"loc":{"start":{"line":1,"column":3252},"end":{"line":139,"column":43}},"locations":[{"start":{"line":1,"column":3252},"end":{"line":139,"column":43}}]}},"b":{"0":[1]},"fnMap":{"0":{"name":"(empty-report)","decl":{"start":{"line":1,"column":3252},"end":{"line":139,"column":43}},"loc":{"start":{"line":1,"column":3252},"end":{"line":139,"column":43}},"line":1}},"f":{"0":1}}
,"/Users/r2d2/Documents/Code_Projects/spacechemical-nextjs/bmad-ozon-seller-api/dist-cjs/types/requests/digital.d.ts": {"path":"/Users/r2d2/Documents/Code_Projects/spacechemical-nextjs/bmad-ozon-seller-api/dist-cjs/types/requests/digital.d.ts","all":true,"statementMap":{},"s":{},"branchMap":{"0":{"type":"branch","line":1,"loc":{"start":{"line":1,"column":3934},"end":{"line":160,"column":37}},"locations":[{"start":{"line":1,"column":3934},"end":{"line":160,"column":37}}]}},"b":{"0":[1]},"fnMap":{"0":{"name":"(empty-report)","decl":{"start":{"line":1,"column":3934},"end":{"line":160,"column":37}},"loc":{"start":{"line":1,"column":3934},"end":{"line":160,"column":37}},"line":1}},"f":{"0":1}}
,"/Users/r2d2/Documents/Code_Projects/spacechemical-nextjs/bmad-ozon-seller-api/dist-cjs/types/requests/fbo-supply-request.d.ts": {"path":"/Users/r2d2/Documents/Code_Projects/spacechemical-nextjs/bmad-ozon-seller-api/dist-cjs/types/requests/fbo-supply-request.d.ts","all":true,"statementMap":{},"s":{},"branchMap":{"0":{"type":"branch","line":1,"loc":{"start":{"line":1,"column":7017},"end":{"line":297,"column":48}},"locations":[{"start":{"line":1,"column":7017},"end":{"line":297,"column":48}}]}},"b":{"0":[1]},"fnMap":{"0":{"name":"(empty-report)","decl":{"start":{"line":1,"column":7017},"end":{"line":297,"column":48}},"loc":{"start":{"line":1,"column":7017},"end":{"line":297,"column":48}},"line":1}},"f":{"0":1}}
,"/Users/r2d2/Documents/Code_Projects/spacechemical-nextjs/bmad-ozon-seller-api/dist-cjs/types/requests/fbo.d.ts": {"path":"/Users/r2d2/Documents/Code_Projects/spacechemical-nextjs/bmad-ozon-seller-api/dist-cjs/types/requests/fbo.d.ts","all":true,"statementMap":{},"s":{},"branchMap":{"0":{"type":"branch","line":1,"loc":{"start":{"line":1,"column":6089},"end":{"line":270,"column":33}},"locations":[{"start":{"line":1,"column":6089},"end":{"line":270,"column":33}}]}},"b":{"0":[1]},"fnMap":{"0":{"name":"(empty-report)","decl":{"start":{"line":1,"column":6089},"end":{"line":270,"column":33}},"loc":{"start":{"line":1,"column":6089},"end":{"line":270,"column":33}},"line":1}},"f":{"0":1}}
,"/Users/r2d2/Documents/Code_Projects/spacechemical-nextjs/bmad-ozon-seller-api/dist-cjs/types/requests/fbs-rfbs-marks.d.ts": {"path":"/Users/r2d2/Documents/Code_Projects/spacechemical-nextjs/bmad-ozon-seller-api/dist-cjs/types/requests/fbs-rfbs-marks.d.ts","all":true,"statementMap":{},"s":{},"branchMap":{"0":{"type":"branch","line":1,"loc":{"start":{"line":1,"column":10259},"end":{"line":395,"column":44}},"locations":[{"start":{"line":1,"column":10259},"end":{"line":395,"column":44}}]}},"b":{"0":[1]},"fnMap":{"0":{"name":"(empty-report)","decl":{"start":{"line":1,"column":10259},"end":{"line":395,"column":44}},"loc":{"start":{"line":1,"column":10259},"end":{"line":395,"column":44}},"line":1}},"f":{"0":1}}
,"/Users/r2d2/Documents/Code_Projects/spacechemical-nextjs/bmad-ozon-seller-api/dist-cjs/types/requests/fbs.d.ts": {"path":"/Users/r2d2/Documents/Code_Projects/spacechemical-nextjs/bmad-ozon-seller-api/dist-cjs/types/requests/fbs.d.ts","all":true,"statementMap":{},"s":{},"branchMap":{"0":{"type":"branch","line":1,"loc":{"start":{"line":1,"column":8350},"end":{"line":370,"column":33}},"locations":[{"start":{"line":1,"column":8350},"end":{"line":370,"column":33}}]}},"b":{"0":[1]},"fnMap":{"0":{"name":"(empty-report)","decl":{"start":{"line":1,"column":8350},"end":{"line":370,"column":33}},"loc":{"start":{"line":1,"column":8350},"end":{"line":370,"column":33}},"line":1}},"f":{"0":1}}
,"/Users/r2d2/Documents/Code_Projects/spacechemical-nextjs/bmad-ozon-seller-api/dist-cjs/types/requests/finance.d.ts": {"path":"/Users/r2d2/Documents/Code_Projects/spacechemical-nextjs/bmad-ozon-seller-api/dist-cjs/types/requests/finance.d.ts","all":true,"statementMap":{},"s":{},"branchMap":{"0":{"type":"branch","line":1,"loc":{"start":{"line":1,"column":6623},"end":{"line":174,"column":37}},"locations":[{"start":{"line":1,"column":6623},"end":{"line":174,"column":37}}]}},"b":{"0":[1]},"fnMap":{"0":{"name":"(empty-report)","decl":{"start":{"line":1,"column":6623},"end":{"line":174,"column":37}},"loc":{"start":{"line":1,"column":6623},"end":{"line":174,"column":37}},"line":1}},"f":{"0":1}}
,"/Users/r2d2/Documents/Code_Projects/spacechemical-nextjs/bmad-ozon-seller-api/dist-cjs/types/requests/pass.d.ts": {"path":"/Users/r2d2/Documents/Code_Projects/spacechemical-nextjs/bmad-ozon-seller-api/dist-cjs/types/requests/pass.d.ts","all":true,"statementMap":{},"s":{},"branchMap":{"0":{"type":"branch","line":1,"loc":{"start":{"line":1,"column":6850},"end":{"line":300,"column":34}},"locations":[{"start":{"line":1,"column":6850},"end":{"line":300,"column":34}}]}},"b":{"0":[1]},"fnMap":{"0":{"name":"(empty-report)","decl":{"start":{"line":1,"column":6850},"end":{"line":300,"column":34}},"loc":{"start":{"line":1,"column":6850},"end":{"line":300,"column":34}},"line":1}},"f":{"0":1}}
,"/Users/r2d2/Documents/Code_Projects/spacechemical-nextjs/bmad-ozon-seller-api/dist-cjs/types/requests/polygon.d.ts": {"path":"/Users/r2d2/Documents/Code_Projects/spacechemical-nextjs/bmad-ozon-seller-api/dist-cjs/types/requests/polygon.d.ts","all":true,"statementMap":{},"s":{},"branchMap":{"0":{"type":"branch","line":1,"loc":{"start":{"line":1,"column":1856},"end":{"line":76,"column":37}},"locations":[{"start":{"line":1,"column":1856},"end":{"line":76,"column":37}}]}},"b":{"0":[1]},"fnMap":{"0":{"name":"(empty-report)","decl":{"start":{"line":1,"column":1856},"end":{"line":76,"column":37}},"loc":{"start":{"line":1,"column":1856},"end":{"line":76,"column":37}},"line":1}},"f":{"0":1}}
,"/Users/r2d2/Documents/Code_Projects/spacechemical-nextjs/bmad-ozon-seller-api/dist-cjs/types/requests/premium.d.ts": {"path":"/Users/r2d2/Documents/Code_Projects/spacechemical-nextjs/bmad-ozon-seller-api/dist-cjs/types/requests/premium.d.ts","all":true,"statementMap":{},"s":{},"branchMap":{"0":{"type":"branch","line":1,"loc":{"start":{"line":1,"column":7542},"end":{"line":301,"column":37}},"locations":[{"start":{"line":1,"column":7542},"end":{"line":301,"column":37}}]}},"b":{"0":[1]},"fnMap":{"0":{"name":"(empty-report)","decl":{"start":{"line":1,"column":7542},"end":{"line":301,"column":37}},"loc":{"start":{"line":1,"column":7542},"end":{"line":301,"column":37}},"line":1}},"f":{"0":1}}
,"/Users/r2d2/Documents/Code_Projects/spacechemical-nextjs/bmad-ozon-seller-api/dist-cjs/types/requests/prices-stocks.d.ts": {"path":"/Users/r2d2/Documents/Code_Projects/spacechemical-nextjs/bmad-ozon-seller-api/dist-cjs/types/requests/prices-stocks.d.ts","all":true,"statementMap":{},"s":{},"branchMap":{"0":{"type":"branch","line":1,"loc":{"start":{"line":1,"column":6182},"end":{"line":247,"column":43}},"locations":[{"start":{"line":1,"column":6182},"end":{"line":247,"column":43}}]}},"b":{"0":[1]},"fnMap":{"0":{"name":"(empty-report)","decl":{"start":{"line":1,"column":6182},"end":{"line":247,"column":43}},"loc":{"start":{"line":1,"column":6182},"end":{"line":247,"column":43}},"line":1}},"f":{"0":1}}
,"/Users/r2d2/Documents/Code_Projects/spacechemical-nextjs/bmad-ozon-seller-api/dist-cjs/types/requests/pricing-strategy.d.ts": {"path":"/Users/r2d2/Documents/Code_Projects/spacechemical-nextjs/bmad-ozon-seller-api/dist-cjs/types/requests/pricing-strategy.d.ts","all":true,"statementMap":{},"s":{},"branchMap":{"0":{"type":"branch","line":1,"loc":{"start":{"line":1,"column":4754},"end":{"line":192,"column":46}},"locations":[{"start":{"line":1,"column":4754},"end":{"line":192,"column":46}}]}},"b":{"0":[1]},"fnMap":{"0":{"name":"(empty-report)","decl":{"start":{"line":1,"column":4754},"end":{"line":192,"column":46}},"loc":{"start":{"line":1,"column":4754},"end":{"line":192,"column":46}},"line":1}},"f":{"0":1}}
,"/Users/r2d2/Documents/Code_Projects/spacechemical-nextjs/bmad-ozon-seller-api/dist-cjs/types/requests/product.d.ts": {"path":"/Users/r2d2/Documents/Code_Projects/spacechemical-nextjs/bmad-ozon-seller-api/dist-cjs/types/requests/product.d.ts","all":true,"statementMap":{},"s":{},"branchMap":{"0":{"type":"branch","line":1,"loc":{"start":{"line":1,"column":11775},"end":{"line":393,"column":37}},"locations":[{"start":{"line":1,"column":11775},"end":{"line":393,"column":37}}]}},"b":{"0":[1]},"fnMap":{"0":{"name":"(empty-report)","decl":{"start":{"line":1,"column":11775},"end":{"line":393,"column":37}},"loc":{"start":{"line":1,"column":11775},"end":{"line":393,"column":37}},"line":1}},"f":{"0":1}}
,"/Users/r2d2/Documents/Code_Projects/spacechemical-nextjs/bmad-ozon-seller-api/dist-cjs/types/requests/promos.d.ts": {"path":"/Users/r2d2/Documents/Code_Projects/spacechemical-nextjs/bmad-ozon-seller-api/dist-cjs/types/requests/promos.d.ts","all":true,"statementMap":{},"s":{},"branchMap":{"0":{"type":"branch","line":1,"loc":{"start":{"line":1,"column":4472},"end":{"line":185,"column":36}},"locations":[{"start":{"line":1,"column":4472},"end":{"line":185,"column":36}}]}},"b":{"0":[1]},"fnMap":{"0":{"name":"(empty-report)","decl":{"start":{"line":1,"column":4472},"end":{"line":185,"column":36}},"loc":{"start":{"line":1,"column":4472},"end":{"line":185,"column":36}},"line":1}},"f":{"0":1}}
,"/Users/r2d2/Documents/Code_Projects/spacechemical-nextjs/bmad-ozon-seller-api/dist-cjs/types/requests/quants.d.ts": {"path":"/Users/r2d2/Documents/Code_Projects/spacechemical-nextjs/bmad-ozon-seller-api/dist-cjs/types/requests/quants.d.ts","all":true,"statementMap":{},"s":{},"branchMap":{"0":{"type":"branch","line":1,"loc":{"start":{"line":1,"column":668},"end":{"line":21,"column":36}},"locations":[{"start":{"line":1,"column":668},"end":{"line":21,"column":36}}]}},"b":{"0":[1]},"fnMap":{"0":{"name":"(empty-report)","decl":{"start":{"line":1,"column":668},"end":{"line":21,"column":36}},"loc":{"start":{"line":1,"column":668},"end":{"line":21,"column":36}},"line":1}},"f":{"0":1}}
,"/Users/r2d2/Documents/Code_Projects/spacechemical-nextjs/bmad-ozon-seller-api/dist-cjs/types/requests/questions-answers.d.ts": {"path":"/Users/r2d2/Documents/Code_Projects/spacechemical-nextjs/bmad-ozon-seller-api/dist-cjs/types/requests/questions-answers.d.ts","all":true,"statementMap":{},"s":{},"branchMap":{"0":{"type":"branch","line":1,"loc":{"start":{"line":1,"column":3442},"end":{"line":127,"column":47}},"locations":[{"start":{"line":1,"column":3442},"end":{"line":127,"column":47}}]}},"b":{"0":[1]},"fnMap":{"0":{"name":"(empty-report)","decl":{"start":{"line":1,"column":3442},"end":{"line":127,"column":47}},"loc":{"start":{"line":1,"column":3442},"end":{"line":127,"column":47}},"line":1}},"f":{"0":1}}
,"/Users/r2d2/Documents/Code_Projects/spacechemical-nextjs/bmad-ozon-seller-api/dist-cjs/types/requests/report.d.ts": {"path":"/Users/r2d2/Documents/Code_Projects/spacechemical-nextjs/bmad-ozon-seller-api/dist-cjs/types/requests/report.d.ts","all":true,"statementMap":{},"s":{},"branchMap":{"0":{"type":"branch","line":1,"loc":{"start":{"line":1,"column":5469},"end":{"line":215,"column":36}},"locations":[{"start":{"line":1,"column":5469},"end":{"line":215,"column":36}}]}},"b":{"0":[1]},"fnMap":{"0":{"name":"(empty-report)","decl":{"start":{"line":1,"column":5469},"end":{"line":215,"column":36}},"loc":{"start":{"line":1,"column":5469},"end":{"line":215,"column":36}},"line":1}},"f":{"0":1}}
,"/Users/r2d2/Documents/Code_Projects/spacechemical-nextjs/bmad-ozon-seller-api/dist-cjs/types/requests/return.d.ts": {"path":"/Users/r2d2/Documents/Code_Projects/spacechemical-nextjs/bmad-ozon-seller-api/dist-cjs/types/requests/return.d.ts","all":true,"statementMap":{},"s":{},"branchMap":{"0":{"type":"branch","line":1,"loc":{"start":{"line":1,"column":898},"end":{"line":33,"column":36}},"locations":[{"start":{"line":1,"column":898},"end":{"line":33,"column":36}}]}},"b":{"0":[1]},"fnMap":{"0":{"name":"(empty-report)","decl":{"start":{"line":1,"column":898},"end":{"line":33,"column":36}},"loc":{"start":{"line":1,"column":898},"end":{"line":33,"column":36}},"line":1}},"f":{"0":1}}
,"/Users/r2d2/Documents/Code_Projects/spacechemical-nextjs/bmad-ozon-seller-api/dist-cjs/types/requests/returns.d.ts": {"path":"/Users/r2d2/Documents/Code_Projects/spacechemical-nextjs/bmad-ozon-seller-api/dist-cjs/types/requests/returns.d.ts","all":true,"statementMap":{},"s":{},"branchMap":{"0":{"type":"branch","line":1,"loc":{"start":{"line":1,"column":971},"end":{"line":29,"column":37}},"locations":[{"start":{"line":1,"column":971},"end":{"line":29,"column":37}}]}},"b":{"0":[1]},"fnMap":{"0":{"name":"(empty-report)","decl":{"start":{"line":1,"column":971},"end":{"line":29,"column":37}},"loc":{"start":{"line":1,"column":971},"end":{"line":29,"column":37}},"line":1}},"f":{"0":1}}
,"/Users/r2d2/Documents/Code_Projects/spacechemical-nextjs/bmad-ozon-seller-api/dist-cjs/types/requests/review.d.ts": {"path":"/Users/r2d2/Documents/Code_Projects/spacechemical-nextjs/bmad-ozon-seller-api/dist-cjs/types/requests/review.d.ts","all":true,"statementMap":{},"s":{},"branchMap":{"0":{"type":"branch","line":1,"loc":{"start":{"line":1,"column":3272},"end":{"line":128,"column":36}},"locations":[{"start":{"line":1,"column":3272},"end":{"line":128,"column":36}}]}},"b":{"0":[1]},"fnMap":{"0":{"name":"(empty-report)","decl":{"start":{"line":1,"column":3272},"end":{"line":128,"column":36}},"loc":{"start":{"line":1,"column":3272},"end":{"line":128,"column":36}},"line":1}},"f":{"0":1}}
,"/Users/r2d2/Documents/Code_Projects/spacechemical-nextjs/bmad-ozon-seller-api/dist-cjs/types/requests/rfbs-returns.d.ts": {"path":"/Users/r2d2/Documents/Code_Projects/spacechemical-nextjs/bmad-ozon-seller-api/dist-cjs/types/requests/rfbs-returns.d.ts","all":true,"statementMap":{},"s":{},"branchMap":{"0":{"type":"branch","line":1,"loc":{"start":{"line":1,"column":3905},"end":{"line":174,"column":42}},"locations":[{"start":{"line":1,"column":3905},"end":{"line":174,"column":42}}]}},"b":{"0":[1]},"fnMap":{"0":{"name":"(empty-report)","decl":{"start":{"line":1,"column":3905},"end":{"line":174,"column":42}},"loc":{"start":{"line":1,"column":3905},"end":{"line":174,"column":42}},"line":1}},"f":{"0":1}}
,"/Users/r2d2/Documents/Code_Projects/spacechemical-nextjs/bmad-ozon-seller-api/dist-cjs/types/requests/seller-rating.d.ts": {"path":"/Users/r2d2/Documents/Code_Projects/spacechemical-nextjs/bmad-ozon-seller-api/dist-cjs/types/requests/seller-rating.d.ts","all":true,"statementMap":{},"s":{},"branchMap":{"0":{"type":"branch","line":1,"loc":{"start":{"line":1,"column":1176},"end":{"line":38,"column":43}},"locations":[{"start":{"line":1,"column":1176},"end":{"line":38,"column":43}}]}},"b":{"0":[1]},"fnMap":{"0":{"name":"(empty-report)","decl":{"start":{"line":1,"column":1176},"end":{"line":38,"column":43}},"loc":{"start":{"line":1,"column":1176},"end":{"line":38,"column":43}},"line":1}},"f":{"0":1}}
,"/Users/r2d2/Documents/Code_Projects/spacechemical-nextjs/bmad-ozon-seller-api/dist-cjs/types/requests/supplier.d.ts": {"path":"/Users/r2d2/Documents/Code_Projects/spacechemical-nextjs/bmad-ozon-seller-api/dist-cjs/types/requests/supplier.d.ts","all":true,"statementMap":{},"s":{},"branchMap":{"0":{"type":"branch","line":1,"loc":{"start":{"line":1,"column":2726},"end":{"line":117,"column":38}},"locations":[{"start":{"line":1,"column":2726},"end":{"line":117,"column":38}}]}},"b":{"0":[1]},"fnMap":{"0":{"name":"(empty-report)","decl":{"start":{"line":1,"column":2726},"end":{"line":117,"column":38}},"loc":{"start":{"line":1,"column":2726},"end":{"line":117,"column":38}},"line":1}},"f":{"0":1}}
,"/Users/r2d2/Documents/Code_Projects/spacechemical-nextjs/bmad-ozon-seller-api/dist-cjs/types/requests/warehouse.d.ts": {"path":"/Users/r2d2/Documents/Code_Projects/spacechemical-nextjs/bmad-ozon-seller-api/dist-cjs/types/requests/warehouse.d.ts","all":true,"statementMap":{},"s":{},"branchMap":{"0":{"type":"branch","line":1,"loc":{"start":{"line":1,"column":1745},"end":{"line":68,"column":39}},"locations":[{"start":{"line":1,"column":1745},"end":{"line":68,"column":39}}]}},"b":{"0":[1]},"fnMap":{"0":{"name":"(empty-report)","decl":{"start":{"line":1,"column":1745},"end":{"line":68,"column":39}},"loc":{"start":{"line":1,"column":1745},"end":{"line":68,"column":39}},"line":1}},"f":{"0":1}}
,"/Users/r2d2/Documents/Code_Projects/spacechemical-nextjs/bmad-ozon-seller-api/dist-cjs/types/requests.backup/analytics.d.ts": {"path":"/Users/r2d2/Documents/Code_Projects/spacechemical-nextjs/bmad-ozon-seller-api/dist-cjs/types/requests.backup/analytics.d.ts","all":true,"statementMap":{},"s":{},"branchMap":{"0":{"type":"branch","line":1,"loc":{"start":{"line":1,"column":205},"end":{"line":8,"column":39}},"locations":[{"start":{"line":1,"column":205},"end":{"line":8,"column":39}}]}},"b":{"0":[1]},"fnMap":{"0":{"name":"(empty-report)","decl":{"start":{"line":1,"column":205},"end":{"line":8,"column":39}},"loc":{"start":{"line":1,"column":205},"end":{"line":8,"column":39}},"line":1}},"f":{"0":1}}
,"/Users/r2d2/Documents/Code_Projects/spacechemical-nextjs/bmad-ozon-seller-api/dist-cjs/types/requests.backup/finance.d.ts": {"path":"/Users/r2d2/Documents/Code_Projects/spacechemical-nextjs/bmad-ozon-seller-api/dist-cjs/types/requests.backup/finance.d.ts","all":true,"statementMap":{},"s":{},"branchMap":{"0":{"type":"branch","line":1,"loc":{"start":{"line":1,"column":199},"end":{"line":8,"column":37}},"locations":[{"start":{"line":1,"column":199},"end":{"line":8,"column":37}}]}},"b":{"0":[1]},"fnMap":{"0":{"name":"(empty-report)","decl":{"start":{"line":1,"column":199},"end":{"line":8,"column":37}},"loc":{"start":{"line":1,"column":199},"end":{"line":8,"column":37}},"line":1}},"f":{"0":1}}
,"/Users/r2d2/Documents/Code_Projects/spacechemical-nextjs/bmad-ozon-seller-api/dist-cjs/types/requests.backup/product.d.ts": {"path":"/Users/r2d2/Documents/Code_Projects/spacechemical-nextjs/bmad-ozon-seller-api/dist-cjs/types/requests.backup/product.d.ts","all":true,"statementMap":{},"s":{},"branchMap":{"0":{"type":"branch","line":1,"loc":{"start":{"line":1,"column":199},"end":{"line":8,"column":37}},"locations":[{"start":{"line":1,"column":199},"end":{"line":8,"column":37}}]}},"b":{"0":[1]},"fnMap":{"0":{"name":"(empty-report)","decl":{"start":{"line":1,"column":199},"end":{"line":8,"column":37}},"loc":{"start":{"line":1,"column":199},"end":{"line":8,"column":37}},"line":1}},"f":{"0":1}}
,"/Users/r2d2/Documents/Code_Projects/spacechemical-nextjs/bmad-ozon-seller-api/dist-cjs/types/responses/analytics.d.ts": {"path":"/Users/r2d2/Documents/Code_Projects/spacechemical-nextjs/bmad-ozon-seller-api/dist-cjs/types/responses/analytics.d.ts","all":true,"statementMap":{},"s":{},"branchMap":{"0":{"type":"branch","line":1,"loc":{"start":{"line":1,"column":4855},"end":{"line":134,"column":39}},"locations":[{"start":{"line":1,"column":4855},"end":{"line":134,"column":39}}]}},"b":{"0":[1]},"fnMap":{"0":{"name":"(empty-report)","decl":{"start":{"line":1,"column":4855},"end":{"line":134,"column":39}},"loc":{"start":{"line":1,"column":4855},"end":{"line":134,"column":39}},"line":1}},"f":{"0":1}}
,"/Users/r2d2/Documents/Code_Projects/spacechemical-nextjs/bmad-ozon-seller-api/dist-cjs/types/responses/barcode.d.ts": {"path":"/Users/r2d2/Documents/Code_Projects/spacechemical-nextjs/bmad-ozon-seller-api/dist-cjs/types/responses/barcode.d.ts","all":true,"statementMap":{},"s":{},"branchMap":{"0":{"type":"branch","line":1,"loc":{"start":{"line":1,"column":1922},"end":{"line":84,"column":37}},"locations":[{"start":{"line":1,"column":1922},"end":{"line":84,"column":37}}]}},"b":{"0":[1]},"fnMap":{"0":{"name":"(empty-report)","decl":{"start":{"line":1,"column":1922},"end":{"line":84,"column":37}},"loc":{"start":{"line":1,"column":1922},"end":{"line":84,"column":37}},"line":1}},"f":{"0":1}}
,"/Users/r2d2/Documents/Code_Projects/spacechemical-nextjs/bmad-ozon-seller-api/dist-cjs/types/responses/beta-method.d.ts": {"path":"/Users/r2d2/Documents/Code_Projects/spacechemical-nextjs/bmad-ozon-seller-api/dist-cjs/types/responses/beta-method.d.ts","all":true,"statementMap":{},"s":{},"branchMap":{"0":{"type":"branch","line":1,"loc":{"start":{"line":1,"column":9693},"end":{"line":453,"column":41}},"locations":[{"start":{"line":1,"column":9693},"end":{"line":453,"column":41}}]}},"b":{"0":[1]},"fnMap":{"0":{"name":"(empty-report)","decl":{"start":{"line":1,"column":9693},"end":{"line":453,"column":41}},"loc":{"start":{"line":1,"column":9693},"end":{"line":453,"column":41}},"line":1}},"f":{"0":1}}
,"/Users/r2d2/Documents/Code_Projects/spacechemical-nextjs/bmad-ozon-seller-api/dist-cjs/types/responses/brand.d.ts": {"path":"/Users/r2d2/Documents/Code_Projects/spacechemical-nextjs/bmad-ozon-seller-api/dist-cjs/types/responses/brand.d.ts","all":true,"statementMap":{},"s":{},"branchMap":{"0":{"type":"branch","line":1,"loc":{"start":{"line":1,"column":1144},"end":{"line":40,"column":35}},"locations":[{"start":{"line":1,"column":1144},"end":{"line":40,"column":35}}]}},"b":{"0":[1]},"fnMap":{"0":{"name":"(empty-report)","decl":{"start":{"line":1,"column":1144},"end":{"line":40,"column":35}},"loc":{"start":{"line":1,"column":1144},"end":{"line":40,"column":35}},"line":1}},"f":{"0":1}}
,"/Users/r2d2/Documents/Code_Projects/spacechemical-nextjs/bmad-ozon-seller-api/dist-cjs/types/responses/cancellation.d.ts": {"path":"/Users/r2d2/Documents/Code_Projects/spacechemical-nextjs/bmad-ozon-seller-api/dist-cjs/types/responses/cancellation.d.ts","all":true,"statementMap":{},"s":{},"branchMap":{"0":{"type":"branch","line":1,"loc":{"start":{"line":1,"column":6215},"end":{"line":262,"column":42}},"locations":[{"start":{"line":1,"column":6215},"end":{"line":262,"column":42}}]}},"b":{"0":[1]},"fnMap":{"0":{"name":"(empty-report)","decl":{"start":{"line":1,"column":6215},"end":{"line":262,"column":42}},"loc":{"start":{"line":1,"column":6215},"end":{"line":262,"column":42}},"line":1}},"f":{"0":1}}
,"/Users/r2d2/Documents/Code_Projects/spacechemical-nextjs/bmad-ozon-seller-api/dist-cjs/types/responses/category.d.ts": {"path":"/Users/r2d2/Documents/Code_Projects/spacechemical-nextjs/bmad-ozon-seller-api/dist-cjs/types/responses/category.d.ts","all":true,"statementMap":{},"s":{},"branchMap":{"0":{"type":"branch","line":1,"loc":{"start":{"line":1,"column":4855},"end":{"line":227,"column":38}},"locations":[{"start":{"line":1,"column":4855},"end":{"line":227,"column":38}}]}},"b":{"0":[1]},"fnMap":{"0":{"name":"(empty-report)","decl":{"start":{"line":1,"column":4855},"end":{"line":227,"column":38}},"loc":{"start":{"line":1,"column":4855},"end":{"line":227,"column":38}},"line":1}},"f":{"0":1}}
,"/Users/r2d2/Documents/Code_Projects/spacechemical-nextjs/bmad-ozon-seller-api/dist-cjs/types/responses/certification.d.ts": {"path":"/Users/r2d2/Documents/Code_Projects/spacechemical-nextjs/bmad-ozon-seller-api/dist-cjs/types/responses/certification.d.ts","all":true,"statementMap":{},"s":{},"branchMap":{"0":{"type":"branch","line":1,"loc":{"start":{"line":1,"column":9348},"end":{"line":349,"column":43}},"locations":[{"start":{"line":1,"column":9348},"end":{"line":349,"column":43}}]}},"b":{"0":[1]},"fnMap":{"0":{"name":"(empty-report)","decl":{"start":{"line":1,"column":9348},"end":{"line":349,"column":43}},"loc":{"start":{"line":1,"column":9348},"end":{"line":349,"column":43}},"line":1}},"f":{"0":1}}
,"/Users/r2d2/Documents/Code_Projects/spacechemical-nextjs/bmad-ozon-seller-api/dist-cjs/types/responses/chat.d.ts": {"path":"/Users/r2d2/Documents/Code_Projects/spacechemical-nextjs/bmad-ozon-seller-api/dist-cjs/types/responses/chat.d.ts","all":true,"statementMap":{},"s":{},"branchMap":{"0":{"type":"branch","line":1,"loc":{"start":{"line":1,"column":6018},"end":{"line":231,"column":34}},"locations":[{"start":{"line":1,"column":6018},"end":{"line":231,"column":34}}]}},"b":{"0":[1]},"fnMap":{"0":{"name":"(empty-report)","decl":{"start":{"line":1,"column":6018},"end":{"line":231,"column":34}},"loc":{"start":{"line":1,"column":6018},"end":{"line":231,"column":34}},"line":1}},"f":{"0":1}}
,"/Users/r2d2/Documents/Code_Projects/spacechemical-nextjs/bmad-ozon-seller-api/dist-cjs/types/responses/delivery-fbs.d.ts": {"path":"/Users/r2d2/Documents/Code_Projects/spacechemical-nextjs/bmad-ozon-seller-api/dist-cjs/types/responses/delivery-fbs.d.ts","all":true,"statementMap":{},"s":{},"branchMap":{"0":{"type":"branch","line":1,"loc":{"start":{"line":1,"column":9982},"end":{"line":469,"column":42}},"locations":[{"start":{"line":1,"column":9982},"end":{"line":469,"column":42}}]}},"b":{"0":[1]},"fnMap":{"0":{"name":"(empty-report)","decl":{"start":{"line":1,"column":9982},"end":{"line":469,"column":42}},"loc":{"start":{"line":1,"column":9982},"end":{"line":469,"column":42}},"line":1}},"f":{"0":1}}
,"/Users/r2d2/Documents/Code_Projects/spacechemical-nextjs/bmad-ozon-seller-api/dist-cjs/types/responses/delivery-rfbs.d.ts": {"path":"/Users/r2d2/Documents/Code_Projects/spacechemical-nextjs/bmad-ozon-seller-api/dist-cjs/types/responses/delivery-rfbs.d.ts","all":true,"statementMap":{},"s":{},"branchMap":{"0":{"type":"branch","line":1,"loc":{"start":{"line":1,"column":4782},"end":{"line":198,"column":43}},"locations":[{"start":{"line":1,"column":4782},"end":{"line":198,"column":43}}]}},"b":{"0":[1]},"fnMap":{"0":{"name":"(empty-report)","decl":{"start":{"line":1,"column":4782},"end":{"line":198,"column":43}},"loc":{"start":{"line":1,"column":4782},"end":{"line":198,"column":43}},"line":1}},"f":{"0":1}}
,"/Users/r2d2/Documents/Code_Projects/spacechemical-nextjs/bmad-ozon-seller-api/dist-cjs/types/responses/digital.d.ts": {"path":"/Users/r2d2/Documents/Code_Projects/spacechemical-nextjs/bmad-ozon-seller-api/dist-cjs/types/responses/digital.d.ts","all":true,"statementMap":{},"s":{},"branchMap":{"0":{"type":"branch","line":1,"loc":{"start":{"line":1,"column":6800},"end":{"line":312,"column":37}},"locations":[{"start":{"line":1,"column":6800},"end":{"line":312,"column":37}}]}},"b":{"0":[1]},"fnMap":{"0":{"name":"(empty-report)","decl":{"start":{"line":1,"column":6800},"end":{"line":312,"column":37}},"loc":{"start":{"line":1,"column":6800},"end":{"line":312,"column":37}},"line":1}},"f":{"0":1}}
,"/Users/r2d2/Documents/Code_Projects/spacechemical-nextjs/bmad-ozon-seller-api/dist-cjs/types/responses/fbo-supply-request.d.ts": {"path":"/Users/r2d2/Documents/Code_Projects/spacechemical-nextjs/bmad-ozon-seller-api/dist-cjs/types/responses/fbo-supply-request.d.ts","all":true,"statementMap":{},"s":{},"branchMap":{"0":{"type":"branch","line":1,"loc":{"start":{"line":1,"column":11908},"end":{"line":536,"column":48}},"locations":[{"start":{"line":1,"column":11908},"end":{"line":536,"column":48}}]}},"b":{"0":[1]},"fnMap":{"0":{"name":"(empty-report)","decl":{"start":{"line":1,"column":11908},"end":{"line":536,"column":48}},"loc":{"start":{"line":1,"column":11908},"end":{"line":536,"column":48}},"line":1}},"f":{"0":1}}
,"/Users/r2d2/Documents/Code_Projects/spacechemical-nextjs/bmad-ozon-seller-api/dist-cjs/types/responses/fbo.d.ts": {"path":"/Users/r2d2/Documents/Code_Projects/spacechemical-nextjs/bmad-ozon-seller-api/dist-cjs/types/responses/fbo.d.ts","all":true,"statementMap":{},"s":{},"branchMap":{"0":{"type":"branch","line":1,"loc":{"start":{"line":1,"column":11680},"end":{"line":556,"column":33}},"locations":[{"start":{"line":1,"column":11680},"end":{"line":556,"column":33}}]}},"b":{"0":[1]},"fnMap":{"0":{"name":"(empty-report)","decl":{"start":{"line":1,"column":11680},"end":{"line":556,"column":33}},"loc":{"start":{"line":1,"column":11680},"end":{"line":556,"column":33}},"line":1}},"f":{"0":1}}
,"/Users/r2d2/Documents/Code_Projects/spacechemical-nextjs/bmad-ozon-seller-api/dist-cjs/types/responses/fbs-rfbs-marks.d.ts": {"path":"/Users/r2d2/Documents/Code_Projects/spacechemical-nextjs/bmad-ozon-seller-api/dist-cjs/types/responses/fbs-rfbs-marks.d.ts","all":true,"statementMap":{},"s":{},"branchMap":{"0":{"type":"branch","line":1,"loc":{"start":{"line":1,"column":17939},"end":{"line":736,"column":44}},"locations":[{"start":{"line":1,"column":17939},"end":{"line":736,"column":44}}]}},"b":{"0":[1]},"fnMap":{"0":{"name":"(empty-report)","decl":{"start":{"line":1,"column":17939},"end":{"line":736,"column":44}},"loc":{"start":{"line":1,"column":17939},"end":{"line":736,"column":44}},"line":1}},"f":{"0":1}}
,"/Users/r2d2/Documents/Code_Projects/spacechemical-nextjs/bmad-ozon-seller-api/dist-cjs/types/responses/fbs.d.ts": {"path":"/Users/r2d2/Documents/Code_Projects/spacechemical-nextjs/bmad-ozon-seller-api/dist-cjs/types/responses/fbs.d.ts","all":true,"statementMap":{},"s":{},"branchMap":{"0":{"type":"branch","line":1,"loc":{"start":{"line":1,"column":12264},"end":{"line":603,"column":33}},"locations":[{"start":{"line":1,"column":12264},"end":{"line":603,"column":33}}]}},"b":{"0":[1]},"fnMap":{"0":{"name":"(empty-report)","decl":{"start":{"line":1,"column":12264},"end":{"line":603,"column":33}},"loc":{"start":{"line":1,"column":12264},"end":{"line":603,"column":33}},"line":1}},"f":{"0":1}}
,"/Users/r2d2/Documents/Code_Projects/spacechemical-nextjs/bmad-ozon-seller-api/dist-cjs/types/responses/finance.d.ts": {"path":"/Users/r2d2/Documents/Code_Projects/spacechemical-nextjs/bmad-ozon-seller-api/dist-cjs/types/responses/finance.d.ts","all":true,"statementMap":{},"s":{},"branchMap":{"0":{"type":"branch","line":1,"loc":{"start":{"line":1,"column":4586},"end":{"line":157,"column":37}},"locations":[{"start":{"line":1,"column":4586},"end":{"line":157,"column":37}}]}},"b":{"0":[1]},"fnMap":{"0":{"name":"(empty-report)","decl":{"start":{"line":1,"column":4586},"end":{"line":157,"column":37}},"loc":{"start":{"line":1,"column":4586},"end":{"line":157,"column":37}},"line":1}},"f":{"0":1}}
,"/Users/r2d2/Documents/Code_Projects/spacechemical-nextjs/bmad-ozon-seller-api/dist-cjs/types/responses/pass.d.ts": {"path":"/Users/r2d2/Documents/Code_Projects/spacechemical-nextjs/bmad-ozon-seller-api/dist-cjs/types/responses/pass.d.ts","all":true,"statementMap":{},"s":{},"branchMap":{"0":{"type":"branch","line":1,"loc":{"start":{"line":1,"column":2327},"end":{"line":109,"column":34}},"locations":[{"start":{"line":1,"column":2327},"end":{"line":109,"column":34}}]}},"b":{"0":[1]},"fnMap":{"0":{"name":"(empty-report)","decl":{"start":{"line":1,"column":2327},"end":{"line":109,"column":34}},"loc":{"start":{"line":1,"column":2327},"end":{"line":109,"column":34}},"line":1}},"f":{"0":1}}
,"/Users/r2d2/Documents/Code_Projects/spacechemical-nextjs/bmad-ozon-seller-api/dist-cjs/types/responses/polygon.d.ts": {"path":"/Users/r2d2/Documents/Code_Projects/spacechemical-nextjs/bmad-ozon-seller-api/dist-cjs/types/responses/polygon.d.ts","all":true,"statementMap":{},"s":{},"branchMap":{"0":{"type":"branch","line":1,"loc":{"start":{"line":1,"column":437},"end":{"line":18,"column":37}},"locations":[{"start":{"line":1,"column":437},"end":{"line":18,"column":37}}]}},"b":{"0":[1]},"fnMap":{"0":{"name":"(empty-report)","decl":{"start":{"line":1,"column":437},"end":{"line":18,"column":37}},"loc":{"start":{"line":1,"column":437},"end":{"line":18,"column":37}},"line":1}},"f":{"0":1}}
,"/Users/r2d2/Documents/Code_Projects/spacechemical-nextjs/bmad-ozon-seller-api/dist-cjs/types/responses/premium.d.ts": {"path":"/Users/r2d2/Documents/Code_Projects/spacechemical-nextjs/bmad-ozon-seller-api/dist-cjs/types/responses/premium.d.ts","all":true,"statementMap":{},"s":{},"branchMap":{"0":{"type":"branch","line":1,"loc":{"start":{"line":1,"column":7174},"end":{"line":353,"column":37}},"locations":[{"start":{"line":1,"column":7174},"end":{"line":353,"column":37}}]}},"b":{"0":[1]},"fnMap":{"0":{"name":"(empty-report)","decl":{"start":{"line":1,"column":7174},"end":{"line":353,"column":37}},"loc":{"start":{"line":1,"column":7174},"end":{"line":353,"column":37}},"line":1}},"f":{"0":1}}
,"/Users/r2d2/Documents/Code_Projects/spacechemical-nextjs/bmad-ozon-seller-api/dist-cjs/types/responses/prices-stocks.d.ts": {"path":"/Users/r2d2/Documents/Code_Projects/spacechemical-nextjs/bmad-ozon-seller-api/dist-cjs/types/responses/prices-stocks.d.ts","all":true,"statementMap":{},"s":{},"branchMap":{"0":{"type":"branch","line":1,"loc":{"start":{"line":1,"column":7973},"end":{"line":363,"column":43}},"locations":[{"start":{"line":1,"column":7973},"end":{"line":363,"column":43}}]}},"b":{"0":[1]},"fnMap":{"0":{"name":"(empty-report)","decl":{"start":{"line":1,"column":7973},"end":{"line":363,"column":43}},"loc":{"start":{"line":1,"column":7973},"end":{"line":363,"column":43}},"line":1}},"f":{"0":1}}
,"/Users/r2d2/Documents/Code_Projects/spacechemical-nextjs/bmad-ozon-seller-api/dist-cjs/types/responses/pricing-strategy.d.ts": {"path":"/Users/r2d2/Documents/Code_Projects/spacechemical-nextjs/bmad-ozon-seller-api/dist-cjs/types/responses/pricing-strategy.d.ts","all":true,"statementMap":{},"s":{},"branchMap":{"0":{"type":"branch","line":1,"loc":{"start":{"line":1,"column":5448},"end":{"line":218,"column":46}},"locations":[{"start":{"line":1,"column":5448},"end":{"line":218,"column":46}}]}},"b":{"0":[1]},"fnMap":{"0":{"name":"(empty-report)","decl":{"start":{"line":1,"column":5448},"end":{"line":218,"column":46}},"loc":{"start":{"line":1,"column":5448},"end":{"line":218,"column":46}},"line":1}},"f":{"0":1}}
,"/Users/r2d2/Documents/Code_Projects/spacechemical-nextjs/bmad-ozon-seller-api/dist-cjs/types/responses/product.d.ts": {"path":"/Users/r2d2/Documents/Code_Projects/spacechemical-nextjs/bmad-ozon-seller-api/dist-cjs/types/responses/product.d.ts","all":true,"statementMap":{},"s":{},"branchMap":{"0":{"type":"branch","line":1,"loc":{"start":{"line":1,"column":18882},"end":{"line":768,"column":37}},"locations":[{"start":{"line":1,"column":18882},"end":{"line":768,"column":37}}]}},"b":{"0":[1]},"fnMap":{"0":{"name":"(empty-report)","decl":{"start":{"line":1,"column":18882},"end":{"line":768,"column":37}},"loc":{"start":{"line":1,"column":18882},"end":{"line":768,"column":37}},"line":1}},"f":{"0":1}}
,"/Users/r2d2/Documents/Code_Projects/spacechemical-nextjs/bmad-ozon-seller-api/dist-cjs/types/responses/promos.d.ts": {"path":"/Users/r2d2/Documents/Code_Projects/spacechemical-nextjs/bmad-ozon-seller-api/dist-cjs/types/responses/promos.d.ts","all":true,"statementMap":{},"s":{},"branchMap":{"0":{"type":"branch","line":1,"loc":{"start":{"line":1,"column":6878},"end":{"line":319,"column":36}},"locations":[{"start":{"line":1,"column":6878},"end":{"line":319,"column":36}}]}},"b":{"0":[1]},"fnMap":{"0":{"name":"(empty-report)","decl":{"start":{"line":1,"column":6878},"end":{"line":319,"column":36}},"loc":{"start":{"line":1,"column":6878},"end":{"line":319,"column":36}},"line":1}},"f":{"0":1}}
[...]
e":26,"column":42}},"26":{"start":{"line":27,"column":0},"end":{"line":27,"column":21}},"27":{"start":{"line":28,"column":0},"end":{"line":28,"column":28}},"28":{"start":{"line":29,"column":0},"end":{"line":29,"column":24}},"29":{"start":{"line":30,"column":0},"end":{"line":30,"column":23}},"30":{"start":{"line":31,"column":0},"end":{"line":31,"column":23}},"31":{"start":{"line":32,"column":0},"end":{"line":32,"column":18}},"32":{"start":{"line":33,"column":0},"end":{"line":33,"column":22}},"33":{"start":{"line":34,"column":0},"end":{"line":34,"column":2}},"36":{"start":{"line":37,"column":0},"end":{"line":37,"column":62}},"37":{"start":{"line":38,"column":0},"end":{"line":38,"column":11}},"38":{"start":{"line":39,"column":0},"end":{"line":39,"column":12}},"39":{"start":{"line":40,"column":0},"end":{"line":40,"column":26}},"40":{"start":{"line":41,"column":0},"end":{"line":41,"column":7}},"41":{"start":{"line":42,"column":0},"end":{"line":42,"column":36}},"42":{"start":{"line":43,"column":0},"end":{"line":43,"column":56}},"43":{"start":{"line":44,"column":0},"end":{"line":44,"column":56}},"44":{"start":{"line":45,"column":0},"end":{"line":45,"column":33}},"45":{"start":{"line":46,"column":0},"end":{"line":46,"column":89}},"46":{"start":{"line":47,"column":0},"end":{"line":47,"column":48}},"47":{"start":{"line":48,"column":0},"end":{"line":48,"column":27}},"48":{"start":{"line":49,"column":0},"end":{"line":49,"column":35}},"49":{"start":{"line":50,"column":0},"end":{"line":50,"column":54}},"50":{"start":{"line":51,"column":0},"end":{"line":51,"column":29}},"51":{"start":{"line":52,"column":0},"end":{"line":52,"column":30}},"52":{"start":{"line":53,"column":0},"end":{"line":53,"column":24}},"53":{"start":{"line":54,"column":0},"end":{"line":54,"column":27}},"54":{"start":{"line":55,"column":0},"end":{"line":55,"column":7}},"55":{"start":{"line":56,"column":0},"end":{"line":56,"column":6}},"56":{"start":{"line":57,"column":0},"end":{"line":57,"column":51}},"57":{"start":{"line":58,"column":0},"end":{"line":58,"column":12}},"58":{"start":{"line":59,"column":0},"end":{"line":59,"column":3}},"59":{"start":{"line":60,"column":0},"end":{"line":60,"column":2}},"62":{"start":{"line":63,"column":0},"end":{"line":63,"column":66}},"63":{"start":{"line":64,"column":0},"end":{"line":64,"column":11}},"64":{"start":{"line":65,"column":0},"end":{"line":65,"column":5}},"65":{"start":{"line":66,"column":0},"end":{"line":66,"column":51}},"66":{"start":{"line":67,"column":0},"end":{"line":67,"column":42}},"67":{"start":{"line":68,"column":0},"end":{"line":68,"column":16}},"68":{"start":{"line":69,"column":0},"end":{"line":69,"column":17}},"69":{"start":{"line":70,"column":0},"end":{"line":70,"column":6}},"70":{"start":{"line":71,"column":0},"end":{"line":71,"column":5}},"71":{"start":{"line":72,"column":0},"end":{"line":72,"column":54}},"72":{"start":{"line":73,"column":0},"end":{"line":73,"column":42}},"73":{"start":{"line":74,"column":0},"end":{"line":74,"column":15}},"74":{"start":{"line":75,"column":0},"end":{"line":75,"column":17}},"75":{"start":{"line":76,"column":0},"end":{"line":76,"column":5}},"76":{"start":{"line":77,"column":0},"end":{"line":77,"column":3}},"77":{"start":{"line":78,"column":0},"end":{"line":78,"column":2}},"80":{"start":{"line":81,"column":0},"end":{"line":81,"column":66}},"81":{"start":{"line":82,"column":0},"end":{"line":82,"column":11}},"82":{"start":{"line":83,"column":0},"end":{"line":83,"column":12}},"83":{"start":{"line":84,"column":0},"end":{"line":84,"column":7}},"84":{"start":{"line":85,"column":0},"end":{"line":85,"column":53}},"85":{"start":{"line":86,"column":0},"end":{"line":86,"column":44}},"86":{"start":{"line":87,"column":0},"end":{"line":87,"column":26}},"87":{"start":{"line":88,"column":0},"end":{"line":88,"column":30}},"88":{"start":{"line":89,"column":0},"end":{"line":89,"column":29}},"89":{"start":{"line":90,"column":0},"end":{"line":90,"column":29}},"90":{"start":{"line":91,"column":0},"end":{"line":91,"column":8}},"91":{"start":{"line":92,"column":0},"end":{"line":92,"column":7}},"92":{"start":{"line":93,"column":0},"end":{"line":93,"column":56}},"93":{"start":{"line":94,"column":0},"end":{"line":94,"column":44}},"94":{"start":{"line":95,"column":0},"end":{"line":95,"column":26}},"95":{"start":{"line":96,"column":0},"end":{"line":96,"column":30}},"96":{"start":{"line":97,"column":0},"end":{"line":97,"column":29}},"97":{"start":{"line":98,"column":0},"end":{"line":98,"column":29}},"98":{"start":{"line":99,"column":0},"end":{"line":99,"column":7}},"99":{"start":{"line":100,"column":0},"end":{"line":100,"column":5}},"100":{"start":{"line":101,"column":0},"end":{"line":101,"column":3}},"101":{"start":{"line":102,"column":0},"end":{"line":102,"column":2}},"104":{"start":{"line":105,"column":0},"end":{"line":105,"column":74}},"105":{"start":{"line":106,"column":0},"end":{"line":106,"column":11}},"106":{"start":{"line":107,"column":0},"end":{"line":107,"column":5}},"107":{"start":{"line":108,"column":0},"end":{"line":108,"column":34}},"108":{"start":{"line":109,"column":0},"end":{"line":109,"column":51}},"109":{"start":{"line":110,"column":0},"end":{"line":110,"column":19}},"110":{"start":{"line":111,"column":0},"end":{"line":111,"column":9}},"111":{"start":{"line":112,"column":0},"end":{"line":112,"column":27}},"112":{"start":{"line":113,"column":0},"end":{"line":113,"column":24}},"113":{"start":{"line":114,"column":0},"end":{"line":114,"column":34}},"114":{"start":{"line":115,"column":0},"end":{"line":115,"column":19}},"115":{"start":{"line":116,"column":0},"end":{"line":116,"column":13}},"116":{"start":{"line":117,"column":0},"end":{"line":117,"column":41}},"117":{"start":{"line":118,"column":0},"end":{"line":118,"column":28}},"118":{"start":{"line":119,"column":0},"end":{"line":119,"column":13}},"119":{"start":{"line":120,"column":0},"end":{"line":120,"column":11}},"120":{"start":{"line":121,"column":0},"end":{"line":121,"column":10}},"121":{"start":{"line":122,"column":0},"end":{"line":122,"column":9}},"122":{"start":{"line":123,"column":0},"end":{"line":123,"column":30}},"123":{"start":{"line":124,"column":0},"end":{"line":124,"column":24}},"124":{"start":{"line":125,"column":0},"end":{"line":125,"column":40}},"125":{"start":{"line":126,"column":0},"end":{"line":126,"column":19}},"126":{"start":{"line":127,"column":0},"end":{"line":127,"column":13}},"127":{"start":{"line":128,"column":0},"end":{"line":128,"column":41}},"128":{"start":{"line":129,"column":0},"end":{"line":129,"column":28}},"129":{"start":{"line":130,"column":0},"end":{"line":130,"column":13}},"130":{"start":{"line":131,"column":0},"end":{"line":131,"column":11}},"131":{"start":{"line":132,"column":0},"end":{"line":132,"column":10}},"132":{"start":{"line":133,"column":0},"end":{"line":133,"column":9}},"133":{"start":{"line":134,"column":0},"end":{"line":134,"column":30}},"134":{"start":{"line":135,"column":0},"end":{"line":135,"column":24}},"135":{"start":{"line":136,"column":0},"end":{"line":136,"column":52}},"136":{"start":{"line":137,"column":0},"end":{"line":137,"column":19}},"137":{"start":{"line":138,"column":0},"end":{"line":138,"column":13}},"138":{"start":{"line":139,"column":0},"end":{"line":139,"column":37}},"139":{"start":{"line":140,"column":0},"end":{"line":140,"column":26}},"140":{"start":{"line":141,"column":0},"end":{"line":141,"column":13}},"141":{"start":{"line":142,"column":0},"end":{"line":142,"column":11}},"142":{"start":{"line":143,"column":0},"end":{"line":143,"column":9}},"143":{"start":{"line":144,"column":0},"end":{"line":144,"column":7}},"144":{"start":{"line":145,"column":0},"end":{"line":145,"column":5}},"145":{"start":{"line":146,"column":0},"end":{"line":146,"column":3}},"146":{"start":{"line":147,"column":0},"end":{"line":147,"column":2}},"149":{"start":{"line":150,"column":0},"end":{"line":150,"column":65}},"150":{"start":{"line":151,"column":0},"end":{"line":151,"column":11}},"151":{"start":{"line":152,"column":0},"end":{"line":152,"column":22}},"152":{"start":{"line":153,"column":0},"end":{"line":153,"column":3}},"153":{"start":{"line":154,"column":0},"end":{"line":154,"column":2}},"156":{"start":{"line":157,"column":0},"end":{"line":157,"column":71}},"157":{"start":{"line":158,"column":0},"end":{"line":158,"column":11}},"158":{"start":{"line":159,"column":0},"end":{"line":159,"column":13}},"159":{"start":{"line":160,"column":0},"end":{"line":160,"column":17}},"160":{"start":{"line":161,"column":0},"end":{"line":161,"column":25}},"161":{"start":{"line":162,"column":0},"end":{"line":162,"column":12}},"162":{"start":{"line":163,"column":0},"end":{"line":163,"column":7}},"163":{"start":{"line":164,"column":0},"end":{"line":164,"column":51}},"164":{"start":{"line":165,"column":0},"end":{"line":165,"column":44}},"165":{"start":{"line":166,"column":0},"end":{"line":166,"column":27}},"166":{"start":{"line":167,"column":0},"end":{"line":167,"column":18}},"167":{"start":{"line":168,"column":0},"end":{"line":168,"column":8}},"168":{"start":{"line":169,"column":0},"end":{"line":169,"column":7}},"169":{"start":{"line":170,"column":0},"end":{"line":170,"column":51}},"170":{"start":{"line":171,"column":0},"end":{"line":171,"column":44}},"171":{"start":{"line":172,"column":0},"end":{"line":172,"column":27}},"172":{"start":{"line":173,"column":0},"end":{"line":173,"column":18}},"173":{"start":{"line":174,"column":0},"end":{"line":174,"column":8}},"174":{"start":{"line":175,"column":0},"end":{"line":175,"column":7}},"175":{"start":{"line":176,"column":0},"end":{"line":176,"column":51}},"176":{"start":{"line":177,"column":0},"end":{"line":177,"column":25}},"177":{"start":{"line":178,"column":0},"end":{"line":178,"column":17}},"178":{"start":{"line":179,"column":0},"end":{"line":179,"column":11}},"179":{"start":{"line":180,"column":0},"end":{"line":180,"column":36}},"180":{"start":{"line":181,"column":0},"end":{"line":181,"column":67}},"181":{"start":{"line":182,"column":0},"end":{"line":182,"column":11}},"182":{"start":{"line":183,"column":0},"end":{"line":183,"column":9}},"183":{"start":{"line":184,"column":0},"end":{"line":184,"column":7}},"184":{"start":{"line":185,"column":0},"end":{"line":185,"column":5}},"185":{"start":{"line":186,"column":0},"end":{"line":186,"column":3}},"186":{"start":{"line":187,"column":0},"end":{"line":187,"column":2}},"189":{"start":{"line":190,"column":0},"end":{"line":190,"column":70}},"190":{"start":{"line":191,"column":0},"end":{"line":191,"column":11}},"191":{"start":{"line":192,"column":0},"end":{"line":192,"column":13}},"192":{"start":{"line":193,"column":0},"end":{"line":193,"column":17}},"193":{"start":{"line":194,"column":0},"end":{"line":194,"column":24}},"194":{"start":{"line":195,"column":0},"end":{"line":195,"column":12}},"195":{"start":{"line":196,"column":0},"end":{"line":196,"column":7}},"196":{"start":{"line":197,"column":0},"end":{"line":197,"column":51}},"197":{"start":{"line":198,"column":0},"end":{"line":198,"column":44}},"198":{"start":{"line":199,"column":0},"end":{"line":199,"column":27}},"199":{"start":{"line":200,"column":0},"end":{"line":200,"column":18}},"200":{"start":{"line":201,"column":0},"end":{"line":201,"column":8}},"201":{"start":{"line":202,"column":0},"end":{"line":202,"column":7}},"202":{"start":{"line":203,"column":0},"end":{"line":203,"column":51}},"203":{"start":{"line":204,"column":0},"end":{"line":204,"column":44}},"204":{"start":{"line":205,"column":0},"end":{"line":205,"column":27}},"205":{"start":{"line":206,"column":0},"end":{"line":206,"column":18}},"206":{"start":{"line":207,"column":0},"end":{"line":207,"column":8}},"207":{"start":{"line":208,"column":0},"end":{"line":208,"column":7}},"208":{"start":{"line":209,"column":0},"end":{"line":209,"column":51}},"209":{"start":{"line":210,"column":0},"end":{"line":210,"column":25}},"210":{"start":{"line":211,"column":0},"end":{"line":211,"column":17}},"211":{"start":{"line":212,"column":0},"end":{"line":212,"column":11}},"212":{"start":{"line":213,"column":0},"end":{"line":213,"column":36}},"213":{"start":{"line":214,"column":0},"end":{"line":214,"column":67}},"214":{"start":{"line":215,"column":0},"end":{"line":215,"column":11}},"215":{"start":{"line":216,"column":0},"end":{"line":216,"column":9}},"216":{"start":{"line":217,"column":0},"end":{"line":217,"column":8}},"217":{"start":{"line":218,"column":0},"end":{"line":218,"column":7}},"218":{"start":{"line":219,"column":0},"end":{"line":219,"column":51}},"219":{"start":{"line":220,"column":0},"end":{"line":220,"column":44}},"220":{"start":{"line":221,"column":0},"end":{"line":221,"column":27}},"221":{"start":{"line":222,"column":0},"end":{"line":222,"column":18}},"222":{"start":{"line":223,"column":0},"end":{"line":223,"column":8}},"223":{"start":{"line":224,"column":0},"end":{"line":224,"column":7}},"224":{"start":{"line":225,"column":0},"end":{"line":225,"column":51}},"225":{"start":{"line":226,"column":0},"end":{"line":226,"column":44}},"226":{"start":{"line":227,"column":0},"end":{"line":227,"column":27}},"227":{"start":{"line":228,"column":0},"end":{"line":228,"column":18}},"228":{"start":{"line":229,"column":0},"end":{"line":229,"column":7}},"229":{"start":{"line":230,"column":0},"end":{"line":230,"column":5}},"230":{"start":{"line":231,"column":0},"end":{"line":231,"column":3}},"231":{"start":{"line":232,"column":0},"end":{"line":232,"column":2}},"234":{"start":{"line":235,"column":0},"end":{"line":235,"column":72}},"235":{"start":{"line":236,"column":0},"end":{"line":236,"column":11}},"236":{"start":{"line":237,"column":0},"end":{"line":237,"column":5}},"237":{"start":{"line":238,"column":0},"end":{"line":238,"column":12}},"238":{"start":{"line":239,"column":0},"end":{"line":239,"column":38}},"239":{"start":{"line":240,"column":0},"end":{"line":240,"column":21}},"240":{"start":{"line":241,"column":0},"end":{"line":241,"column":6}},"241":{"start":{"line":242,"column":0},"end":{"line":242,"column":5}},"242":{"start":{"line":243,"column":0},"end":{"line":243,"column":12}},"243":{"start":{"line":244,"column":0},"end":{"line":244,"column":38}},"244":{"start":{"line":245,"column":0},"end":{"line":245,"column":22}},"245":{"start":{"line":246,"column":0},"end":{"line":246,"column":6}},"246":{"start":{"line":247,"column":0},"end":{"line":247,"column":5}},"247":{"start":{"line":248,"column":0},"end":{"line":248,"column":12}},"248":{"start":{"line":249,"column":0},"end":{"line":249,"column":58}},"249":{"start":{"line":250,"column":0},"end":{"line":250,"column":22}},"250":{"start":{"line":251,"column":0},"end":{"line":251,"column":6}},"251":{"start":{"line":252,"column":0},"end":{"line":252,"column":5}},"252":{"start":{"line":253,"column":0},"end":{"line":253,"column":12}},"253":{"start":{"line":254,"column":0},"end":{"line":254,"column":36}},"254":{"start":{"line":255,"column":0},"end":{"line":255,"column":22}},"255":{"start":{"line":256,"column":0},"end":{"line":256,"column":5}},"256":{"start":{"line":257,"column":0},"end":{"line":257,"column":3}},"257":{"start":{"line":258,"column":0},"end":{"line":258,"column":2}},"260":{"start":{"line":261,"column":0},"end":{"line":261,"column":57}},"261":{"start":{"line":262,"column":0},"end":{"line":262,"column":14}},"262":{"start":{"line":263,"column":0},"end":{"line":263,"column":2}},"265":{"start":{"line":266,"column":0},"end":{"line":266,"column":57}},"266":{"start":{"line":267,"column":0},"end":{"line":267,"column":15}},"267":{"start":{"line":268,"column":0},"end":{"line":268,"column":2}},"270":{"start":{"line":271,"column":0},"end":{"line":271,"column":45}},"271":{"start":{"line":272,"column":0},"end":{"line":272,"column":11}},"272":{"start":{"line":273,"column":0},"end":{"line":273,"column":22}},"273":{"start":{"line":274,"column":0},"end":{"line":274,"column":7}},"274":{"start":{"line":275,"column":0},"end":{"line":275,"column":33}},"275":{"start":{"line":276,"column":0},"end":{"line":276,"column":30}},"276":{"start":{"line":277,"column":0},"end":{"line":277,"column":30}},"277":{"start":{"line":278,"column":0},"end":{"line":278,"column":8}},"278":{"start":{"line":279,"column":0},"end":{"line":279,"column":7}},"279":{"start":{"line":280,"column":0},"end":{"line":280,"column":36}},"280":{"start":{"line":281,"column":0},"end":{"line":281,"column":29}},"281":{"start":{"line":282,"column":0},"end":{"line":282,"column":29}},"282":{"start":{"line":283,"column":0},"end":{"line":283,"column":7}},"283":{"start":{"line":284,"column":0},"end":{"line":284,"column":5}},"284":{"start":{"line":285,"column":0},"end":{"line":285,"column":3}},"285":{"start":{"line":286,"column":0},"end":{"line":286,"column":2}},"288":{"start":{"line":289,"column":0},"end":{"line":289,"column":59}},"289":{"start":{"line":290,"column":0},"end":{"line":290,"column":11}},"290":{"start":{"line":291,"column":0},"end":{"line":291,"column":14}},"291":{"start":{"line":292,"column":0},"end":{"line":292,"column":16}},"292":{"start":{"line":293,"column":0},"end":{"line":293,"column":12}},"293":{"start":{"line":294,"column":0},"end":{"line":294,"column":3}},"294":{"start":{"line":295,"column":0},"end":{"line":295,"column":2}},"296":{"start":{"line":297,"column":0},"end":{"line":297,"column":55}},"297":{"start":{"line":298,"column":0},"end":{"line":298,"column":12}},"298":{"start":{"line":299,"column":0},"end":{"line":299,"column":2}},"300":{"start":{"line":301,"column":0},"end":{"line":301,"column":55}},"301":{"start":{"line":302,"column":0},"end":{"line":302,"column":11}},"302":{"start":{"line":303,"column":0},"end":{"line":303,"column":13}},"303":{"start":{"line":304,"column":0},"end":{"line":304,"column":3}},"304":{"start":{"line":305,"column":0},"end":{"line":305,"column":2}},"306":{"start":{"line":307,"column":0},"end":{"line":307,"column":63}},"307":{"start":{"line":308,"column":0},"end":{"line":308,"column":12}},"308":{"start":{"line":309,"column":0},"end":{"line":309,"column":2}}},"s":{"5":1,"19":1,"20":1,"21":1,"22":1,"23":1,"24":1,"25":1,"26":1,"27":1,"28":1,"29":1,"30":1,"31":1,"32":1,"33":1,"36":1,"37":1,"38":1,"39":1,"40":1,"41":1,"42":1,"43":1,"44":1,"45":1,"46":1,"47":1,"48":1,"49":1,"50":1,"51":1,"52":1,"53":1,"54":1,"55":1,"56":1,"57":1,"58":1,"59":1,"62":1,"63":1,"64":1,"65":1,"66":1,"67":1,"68":1,"69":1,"70":1,"71":1,"72":1,"73":1,"74":1,"75":1,"76":1,"77":1,"80":1,"81":1,"82":1,"83":1,"84":1,"85":1,"86":1,"87":1,"88":1,"89":1,"90":1,"91":1,"92":1,"93":1,"94":1,"95":1,"96":1,"97":1,"98":1,"99":1,"100":1,"101":1,"104":1,"105":1,"106":1,"107":1,"108":1,"109":1,"110":1,"111":1,"112":1,"113":1,"114":1,"115":1,"116":1,"117":1,"118":1,"119":1,"120":1,"121":1,"122":1,"123":1,"124":1,"125":1,"126":1,"127":1,"128":1,"129":1,"130":1,"131":1,"132":1,"133":1,"134":1,"135":1,"136":1,"137":1,"138":1,"139":1,"140":1,"141":1,"142":1,"143":1,"144":1,"145":1,"146":1,"149":1,"150":1,"151":1,"152":1,"153":1,"156":1,"157":1,"158":1,"159":1,"160":1,"161":1,"162":1,"163":1,"164":1,"165":1,"166":1,"167":1,"168":1,"169":1,"170":1,"171":1,"172":1,"173":1,"174":1,"175":1,"176":1,"177":1,"178":1,"179":1,"180":1,"181":1,"182":1,"183":1,"184":1,"185":1,"186":1,"189":1,"190":1,"191":1,"192":1,"193":1,"194":1,"195":1,"196":1,"197":1,"198":1,"199":1,"200":1,"201":1,"202":1,"203":1,"204":1,"205":1,"206":1,"207":1,"208":1,"209":1,"210":1,"211":1,"212":1,"213":1,"214":1,"215":1,"216":1,"217":1,"218":1,"219":1,"220":1,"221":1,"222":1,"223":1,"224":1,"225":1,"226":1,"227":1,"228":1,"229":1,"230":1,"231":1,"234":1,"235":1,"236":1,"237":1,"238":1,"239":1,"240":1,"241":1,"242":1,"243":1,"244":1,"245":1,"246":1,"247":1,"248":1,"249":1,"250":1,"251":1,"252":1,"253":1,"254":1,"255":1,"256":1,"257":1,"260":1,"261":1,"262":1,"265":1,"266":1,"267":1,"270":1,"271":1,"272":1,"273":1,"274":1,"275":1,"276":1,"277":1,"278":1,"279":1,"280":1,"281":1,"282":1,"283":1,"284":1,"285":1,"288":1,"289":1,"290":1,"291":1,"292":1,"293":1,"294":1,"296":1,"297":1,"298":1,"300":1,"301":1,"302":1,"303":1,"304":1,"306":1,"307":1,"308":1},"branchMap":{},"b":{},"fnMap":{},"f":{}}
}
